2026/01/17 19:04:16 gRPC server listening on :50053
2026/01/17 19:04:16 [node3] Received Heartbeat from node2 term 1
2026/01/17 19:04:17 [node3] Received Heartbeat from node2 term 1
2026/01/17 19:04:17 [node3] Received Heartbeat from node2 term 1
2026/01/17 19:04:17 [node3] Received Heartbeat from node1 term 2
2026/01/17 19:04:17 [node3] Won election! Becoming Leader for term 3
2026/01/17 19:04:18 [node3] Received Heartbeat from node2 term 4
2026/01/17 19:04:18 [node3] Received Heartbeat from node2 term 4
2026/01/17 19:04:18 [node3] Received Heartbeat from node1 term 5
2026/01/17 19:04:19 [node3] Received Heartbeat from node1 term 5
2026/01/17 19:04:19 [node3] Received Heartbeat from node1 term 5
2026/01/17 19:04:19 [node3] Received Heartbeat from node1 term 5
2026/01/17 19:04:19 [node3] Won election! Becoming Leader for term 6
2026/01/17 19:04:20 [node3] Received Heartbeat from node2 term 7
2026/01/17 19:04:20 [node3] Received Heartbeat from node2 term 7
2026/01/17 19:04:20 [node3] Received Heartbeat from node2 term 7
2026/01/17 19:04:20 [node3] Received Heartbeat from node2 term 7
2026/01/17 19:04:20 [node3] Received Heartbeat from node2 term 7
2026/01/17 19:04:20 [node3] Received Heartbeat from node2 term 7
2026/01/17 19:04:21 [node3] Received Heartbeat from node1 term 8
2026/01/17 19:04:21 [node3] Won election! Becoming Leader for term 9
2026/01/17 19:04:22 [node3] Received Heartbeat from node1 term 11
2026/01/17 19:04:22 [node3] Received Heartbeat from node1 term 11
2026/01/17 19:04:22 [node3] Received Heartbeat from node1 term 11
2026/01/17 19:04:22 [node3] Received Heartbeat from node1 term 11
2026/01/17 19:04:23 [node3] Received Heartbeat from node1 term 11
2026/01/17 19:04:23 [node3] Received Heartbeat from node1 term 11
2026/01/17 19:04:23 [node3] Won election! Becoming Leader for term 12
2026/01/17 19:04:23 [node3] Received Heartbeat from node2 term 13
2026/01/17 19:04:24 [node3] Received Heartbeat from node2 term 13
2026/01/17 19:04:24 [node3] Received Heartbeat from node2 term 13
2026/01/17 19:04:24 [node3] Received Heartbeat from node2 term 13
2026/01/17 19:04:24 [node3] Received Heartbeat from node1 term 14
2026/01/17 19:04:24 [node3] Received Heartbeat from node1 term 14
2026/01/17 19:04:24 [node3] Received Heartbeat from node1 term 14
2026/01/17 19:04:25 [node3] Received Heartbeat from node1 term 14
2026/01/17 19:04:25 [node3] Won election! Becoming Leader for term 15
2026/01/17 19:04:26 [node3] Received Heartbeat from node2 term 16
2026/01/17 19:04:26 [node3] Received Heartbeat from node2 term 16
2026/01/17 19:04:26 [node3] Received Heartbeat from node2 term 16
2026/01/17 19:04:26 [node3] Received Heartbeat from node2 term 16
2026/01/17 19:04:26 [node3] Received Heartbeat from node1 term 17
2026/01/17 19:04:26 [node3] Received Heartbeat from node1 term 17
2026/01/17 19:04:27 [node3] Received Heartbeat from node1 term 17
2026/01/17 19:04:27 [node3] Won election! Becoming Leader for term 18
2026/01/17 19:04:27 [node3] Received Heartbeat from node2 term 19
2026/01/17 19:04:28 [node3] Received Heartbeat from node2 term 19
2026/01/17 19:04:28 [node3] Received Heartbeat from node2 term 19
2026/01/17 19:04:28 [node3] Received Heartbeat from node1 term 20
2026/01/17 19:04:28 [node3] Received Heartbeat from node1 term 20
2026/01/17 19:04:28 [node3] Received Heartbeat from node1 term 20
2026/01/17 19:04:28 [node3] Received Heartbeat from node1 term 20
2026/01/17 19:04:28 [node3] Won election! Becoming Leader for term 21
2026/01/17 19:04:29 [node3] Received Heartbeat from node2 term 22
2026/01/17 19:04:29 [node3] Received Heartbeat from node2 term 22
2026/01/17 19:04:30 [node3] Received Heartbeat from node1 term 23
2026/01/17 19:04:30 [node3] Received Heartbeat from node1 term 23
2026/01/17 19:04:30 [node3] Received Heartbeat from node1 term 23
2026/01/17 19:04:30 [node3] Received Heartbeat from node1 term 23
2026/01/17 19:04:30 [node3] Received Heartbeat from node1 term 23
2026/01/17 19:04:30 [node3] Received Heartbeat from node1 term 23
2026/01/17 19:04:30 [node3] Won election! Becoming Leader for term 24
2026/01/17 19:04:31 [node3] Received Heartbeat from node2 term 25
2026/01/17 19:04:31 [node3] Received Heartbeat from node2 term 25
2026/01/17 19:04:31 [node3] Received Heartbeat from node2 term 25
2026/01/17 19:04:31 [node3] Received Heartbeat from node2 term 25
2026/01/17 19:04:32 [node3] Received Heartbeat from node2 term 25
2026/01/17 19:04:32 [node3] Received Heartbeat from node2 term 25
2026/01/17 19:04:32 [node3] Won election! Becoming Leader for term 27
2026/01/17 19:04:32 [node3] Received Heartbeat from node1 term 27
2026/01/17 19:04:33 [node3] Received Heartbeat from node2 term 28
2026/01/17 19:04:33 [node3] Received Heartbeat from node2 term 28
2026/01/17 19:04:33 [node3] Received Heartbeat from node1 term 29
2026/01/17 19:04:33 [node3] Won election! Becoming Leader for term 30
2026/01/17 19:04:34 [node3] Received Heartbeat from node2 term 31
2026/01/17 19:04:35 [node3] Received Heartbeat from node2 term 31
2026/01/17 19:04:35 [node3] Received Heartbeat from node2 term 31
2026/01/17 19:04:35 [node3] Received Heartbeat from node1 term 32
2026/01/17 19:04:35 [node3] Received Heartbeat from node1 term 32
2026/01/17 19:04:35 [node3] Received Heartbeat from node1 term 32
2026/01/17 19:04:35 [node3] Won election! Becoming Leader for term 33
2026/01/17 19:04:36 [node3] Received Heartbeat from node2 term 34
2026/01/17 19:04:36 [node3] Received Heartbeat from node2 term 34
2026/01/17 19:04:37 [node3] Received Heartbeat from node1 term 35
2026/01/17 19:04:37 [node3] Received Heartbeat from node1 term 35
2026/01/17 19:04:37 [node3] Received Heartbeat from node1 term 35
2026/01/17 19:04:37 [node3] Received Heartbeat from node1 term 35
2026/01/17 19:04:37 [node3] Won election! Becoming Leader for term 36
2026/01/17 19:04:38 [node3] Received Heartbeat from node2 term 37
2026/01/17 19:04:38 [node3] Received Heartbeat from node2 term 37
2026/01/17 19:04:38 [node3] Received Heartbeat from node2 term 37
2026/01/17 19:04:38 [node3] Received Heartbeat from node2 term 37
2026/01/17 19:04:38 [node3] Received Heartbeat from node2 term 37
2026/01/17 19:04:39 [node3] Received Heartbeat from node1 term 38
2026/01/17 19:04:39 [node3] Received Heartbeat from node1 term 38
2026/01/17 19:04:39 [node3] Received Heartbeat from node1 term 38
2026/01/17 19:04:39 [node3] Won election! Becoming Leader for term 39
2026/01/17 19:04:40 [node3] Received Heartbeat from node2 term 40
2026/01/17 19:04:40 [node3] Received Heartbeat from node2 term 40
2026/01/17 19:04:40 [node3] Received Heartbeat from node2 term 40
2026/01/17 19:04:40 [node3] Received Heartbeat from node2 term 40
2026/01/17 19:04:40 [node3] Received Heartbeat from node1 term 41
2026/01/17 19:04:41 [node3] Received Heartbeat from node1 term 41
2026/01/17 19:04:41 [node3] Received Heartbeat from node1 term 41
2026/01/17 19:04:41 [node3] Won election! Becoming Leader for term 42
2026/01/17 19:04:42 [node3] Received Heartbeat from node2 term 43
2026/01/17 19:04:42 [node3] Received Heartbeat from node1 term 44
2026/01/17 19:04:42 [node3] Received Heartbeat from node1 term 44
2026/01/17 19:04:42 [node3] Received Heartbeat from node1 term 44
2026/01/17 19:04:43 [node3] Received Heartbeat from node1 term 44
2026/01/17 19:04:43 [node3] Received Heartbeat from node1 term 44
2026/01/17 19:04:43 [node3] Won election! Becoming Leader for term 45
2026/01/17 19:04:43 [node3] Received Heartbeat from node2 term 46
2026/01/17 19:04:44 [node3] Received Heartbeat from node2 term 46
2026/01/17 19:04:44 [node3] Received Heartbeat from node2 term 46
2026/01/17 19:04:44 [node3] Received Heartbeat from node2 term 46
2026/01/17 19:04:44 [node3] Received Heartbeat from node1 term 47
2026/01/17 19:04:44 [node3] Received Heartbeat from node1 term 47
2026/01/17 19:04:44 [node3] Received Heartbeat from node1 term 47
2026/01/17 19:04:45 [node3] Won election! Becoming Leader for term 48
2026/01/17 19:04:46 [node3] Received Heartbeat from node2 term 49
2026/01/17 19:04:46 [node3] Received Heartbeat from node2 term 49
2026/01/17 19:04:46 [node3] Received Heartbeat from node1 term 50
2026/01/17 19:04:46 [node3] Received Heartbeat from node1 term 50
2026/01/17 19:04:46 [node3] Received Heartbeat from node1 term 50
2026/01/17 19:04:46 [node3] Received Heartbeat from node1 term 50
2026/01/17 19:04:47 [node3] Received Heartbeat from node1 term 50
2026/01/17 19:04:47 [node3] Won election! Becoming Leader for term 51
2026/01/17 19:04:47 [node3] Received Heartbeat from node2 term 52
2026/01/17 19:04:47 [node3] Received Heartbeat from node2 term 52
2026/01/17 19:04:47 [node3] Received Heartbeat from node2 term 52
2026/01/17 19:04:48 [node3] Received Heartbeat from node2 term 52
2026/01/17 19:04:48 [node3] Received Heartbeat from node1 term 53
2026/01/17 19:04:48 [node3] Received Heartbeat from node1 term 53
2026/01/17 19:04:48 [node3] Received Heartbeat from node1 term 53
2026/01/17 19:04:48 [node3] Received Heartbeat from node1 term 53
2026/01/17 19:04:48 [node3] Won election! Becoming Leader for term 54
2026/01/17 19:04:49 [node3] Received Heartbeat from node2 term 55
2026/01/17 19:04:49 [node3] Received Heartbeat from node2 term 55
2026/01/17 19:04:49 [node3] Received Heartbeat from node2 term 55
2026/01/17 19:04:50 [node3] Received Heartbeat from node2 term 55
2026/01/17 19:04:50 [node3] Received Heartbeat from node1 term 56
2026/01/17 19:04:50 [node3] Received Heartbeat from node1 term 56
2026/01/17 19:04:50 [node3] Received Heartbeat from node1 term 56
2026/01/17 19:04:50 [node3] Received Heartbeat from node1 term 56
2026/01/17 19:04:50 [node3] Received Heartbeat from node1 term 56
2026/01/17 19:04:51 [node3] Won election! Becoming Leader for term 57
2026/01/17 19:04:52 [node3] Received Heartbeat from node1 term 60
2026/01/17 19:04:52 [node3] Received Heartbeat from node1 term 60
2026/01/17 19:04:52 [node3] Received Heartbeat from node1 term 60
2026/01/17 19:04:52 [node3] Received Heartbeat from node1 term 60
2026/01/17 19:04:53 [node3] Won election! Becoming Leader for term 61
2026/01/17 19:04:53 [node3] Received Heartbeat from node2 term 62
2026/01/17 19:04:53 [node3] Received Heartbeat from node2 term 62
2026/01/17 19:04:54 [node3] Received Heartbeat from node2 term 62
2026/01/17 19:04:54 [node3] Received Heartbeat from node2 term 62
2026/01/17 19:04:54 [node3] Received Heartbeat from node1 term 63
2026/01/17 19:04:54 [node3] Received Heartbeat from node1 term 63
2026/01/17 19:04:54 [node3] Received Heartbeat from node1 term 63
2026/01/17 19:04:54 [node3] Won election! Becoming Leader for term 64
2026/01/17 19:04:55 [node3] Election timeout, becoming Candidate
2026/01/17 19:04:55 [node3] Won election! Becoming Leader for term 66
2026/01/17 19:04:56 [node3] Received Heartbeat from node1 term 67
2026/01/17 19:04:56 [node3] Received Heartbeat from node1 term 67
2026/01/17 19:04:56 [node3] Received Heartbeat from node2 term 68
2026/01/17 19:04:56 [node3] Received Heartbeat from node2 term 68
2026/01/17 19:04:57 [node3] Received Heartbeat from node2 term 68
2026/01/17 19:04:57 [node3] Received Heartbeat from node2 term 68
2026/01/17 19:04:57 [node3] Won election! Becoming Leader for term 69
2026/01/17 19:04:57 [node3] Received Heartbeat from node1 term 70
2026/01/17 19:04:58 [node3] Received Heartbeat from node1 term 70
2026/01/17 19:04:58 [node3] Received Heartbeat from node1 term 70
2026/01/17 19:04:58 [node3] Received Heartbeat from node1 term 70
2026/01/17 19:04:58 [node3] Received Heartbeat from node1 term 70
2026/01/17 19:04:58 [node3] Received Heartbeat from node1 term 70
2026/01/17 19:04:58 [node3] Received Heartbeat from node2 term 71
2026/01/17 19:04:59 [node3] Won election! Becoming Leader for term 72
2026/01/17 19:04:59 [node3] Received Heartbeat from node1 term 73
2026/01/17 19:05:00 [node3] Received Heartbeat from node1 term 73
2026/01/17 19:05:00 [node3] Received Heartbeat from node1 term 73
2026/01/17 19:05:00 [node3] Received Heartbeat from node2 term 74
2026/01/17 19:05:00 [node3] Received Heartbeat from node2 term 74
2026/01/17 19:05:00 [node3] Received Heartbeat from node2 term 74
2026/01/17 19:05:00 [node3] Received Heartbeat from node2 term 74
2026/01/17 19:05:00 [node3] Won election! Becoming Leader for term 75
2026/01/17 19:05:01 [node3] Received Heartbeat from node1 term 76
2026/01/17 19:05:01 [node3] Received Heartbeat from node1 term 76
2026/01/17 19:05:02 [node3] Received Heartbeat from node1 term 76
2026/01/17 19:05:02 [node3] Received Heartbeat from node1 term 76
2026/01/17 19:05:02 [node3] Received Heartbeat from node2 term 77
2026/01/17 19:05:02 [node3] Received Heartbeat from node2 term 77
2026/01/17 19:05:02 [node3] Received Heartbeat from node2 term 77
2026/01/17 19:05:02 [node3] Received Heartbeat from node2 term 77
2026/01/17 19:05:02 [node3] Won election! Becoming Leader for term 78
2026/01/17 19:05:03 [node3] Received Heartbeat from node1 term 79
2026/01/17 19:05:03 [node3] Received Heartbeat from node1 term 79
2026/01/17 19:05:03 [node3] Received Heartbeat from node1 term 79
2026/01/17 19:05:04 [node3] Received Heartbeat from node1 term 79
2026/01/17 19:05:04 [node3] Received Heartbeat from node1 term 79
2026/01/17 19:05:04 [node3] Received Heartbeat from node2 term 80
2026/01/17 19:05:04 [node3] Received Heartbeat from node2 term 80
2026/01/17 19:05:04 [node3] Received Heartbeat from node2 term 80
2026/01/17 19:05:04 [node3] Won election! Becoming Leader for term 81
2026/01/17 19:05:05 [node3] Received Heartbeat from node1 term 82
2026/01/17 19:05:06 [node3] Received Heartbeat from node1 term 82
2026/01/17 19:05:06 [node3] Received Heartbeat from node2 term 83
2026/01/17 19:05:06 [node3] Received Heartbeat from node2 term 83
2026/01/17 19:05:06 [node3] Received Heartbeat from node2 term 83
2026/01/17 19:05:06 [node3] Received Heartbeat from node2 term 83
2026/01/17 19:05:06 [node3] Received Heartbeat from node2 term 83
2026/01/17 19:05:07 [node3] Received Heartbeat from node2 term 83
2026/01/17 19:05:07 [node3] Received Heartbeat from node2 term 83
2026/01/17 19:05:07 [node3] Won election! Becoming Leader for term 84
2026/01/17 19:05:07 [node3] Received Heartbeat from node1 term 85
2026/01/17 19:05:07 [node3] Received Heartbeat from node1 term 85
2026/01/17 19:05:08 [node3] Received Heartbeat from node1 term 85
2026/01/17 19:05:08 [node3] Received Heartbeat from node1 term 85
2026/01/17 19:05:08 [node3] Received Heartbeat from node1 term 85
2026/01/17 19:05:08 [node3] Received Heartbeat from node1 term 85
2026/01/17 19:05:08 [node3] Won election! Becoming Leader for term 86
2026/01/17 19:05:08 [node3] Received Heartbeat from node2 term 87
2026/01/17 19:05:09 [node3] Received Heartbeat from node2 term 87
2026/01/17 19:05:09 [node3] Received Heartbeat from node2 term 87
2026/01/17 19:05:09 [node3] Received Heartbeat from node2 term 87
2026/01/17 19:05:09 [node3] Received Heartbeat from node2 term 87
2026/01/17 19:05:09 [node3] Received Heartbeat from node2 term 87
2026/01/17 19:05:09 [node3] Received Heartbeat from node2 term 87
2026/01/17 19:05:10 [node3] Received Heartbeat from node1 term 88
2026/01/17 19:05:10 [node3] Won election! Becoming Leader for term 89
2026/01/17 19:05:11 [node3] Received Heartbeat from node2 term 90
2026/01/17 19:05:11 [node3] Received Heartbeat from node2 term 91
2026/01/17 19:05:12 [node3] Won election! Becoming Leader for term 93
2026/01/17 19:05:13 [node3] Received Heartbeat from node1 term 94
2026/01/17 19:05:13 [node3] Received Heartbeat from node1 term 94
2026/01/17 19:05:13 [node3] Received Heartbeat from node1 term 94
2026/01/17 19:05:13 [node3] Received Heartbeat from node1 term 94
2026/01/17 19:05:13 [node3] Received Heartbeat from node2 term 95
2026/01/17 19:05:13 [node3] Received Heartbeat from node2 term 95
2026/01/17 19:05:13 [node3] Won election! Becoming Leader for term 96
2026/01/17 19:05:14 [node3] Received Heartbeat from node1 term 97
2026/01/17 19:05:15 [node3] Received Heartbeat from node1 term 97
2026/01/17 19:05:15 [node3] Received Heartbeat from node2 term 98
2026/01/17 19:05:15 [node3] Received Heartbeat from node2 term 98
2026/01/17 19:05:15 [node3] Received Heartbeat from node2 term 98
2026/01/17 19:05:15 [node3] Received Heartbeat from node2 term 98
2026/01/17 19:05:15 [node3] Received Heartbeat from node2 term 98
2026/01/17 19:05:15 [node3] Received Heartbeat from node2 term 98
2026/01/17 19:05:16 [node3] Received Heartbeat from node2 term 98
2026/01/17 19:05:16 [node3] Won election! Becoming Leader for term 99
2026/01/17 19:05:16 [node3] Received Heartbeat from node1 term 100
2026/01/17 19:05:16 [node3] Received Heartbeat from node1 term 100
2026/01/17 19:05:16 [node3] Received Heartbeat from node1 term 100
2026/01/17 19:05:16 [node3] Received Heartbeat from node1 term 100
2026/01/17 19:05:16 [node3] Received Heartbeat from node1 term 100
2026/01/17 19:05:17 [node3] Received Heartbeat from node1 term 100
2026/01/17 19:05:17 [node3] Received Heartbeat from node2 term 101
2026/01/17 19:05:17 [node3] Won election! Becoming Leader for term 102
2026/01/17 19:05:17 [node3] Received Heartbeat from node2 term 102
2026/01/17 19:05:18 [node3] Election timeout, becoming Candidate
2026/01/17 19:05:18 [node3] Won election! Becoming Leader for term 103
2026/01/17 19:05:18 [node3] Received Heartbeat from node1 term 104
2026/01/17 19:05:18 [node3] Received Heartbeat from node2 term 105
2026/01/17 19:05:19 [node3] Received Heartbeat from node2 term 105
2026/01/17 19:05:19 [node3] Received Heartbeat from node2 term 105
2026/01/17 19:05:19 [node3] Received Heartbeat from node2 term 105
2026/01/17 19:05:19 [node3] Received Heartbeat from node2 term 105
2026/01/17 19:05:19 [node3] Received Heartbeat from node2 term 105
2026/01/17 19:05:19 [node3] Received Heartbeat from node2 term 105
2026/01/17 19:05:19 [node3] Won election! Becoming Leader for term 106
2026/01/17 19:05:20 [node3] Received Heartbeat from node1 term 107
2026/01/17 19:05:20 [node3] Received Heartbeat from node1 term 107
2026/01/17 19:05:20 [node3] Received Heartbeat from node1 term 107
2026/01/17 19:05:20 [node3] Received Heartbeat from node1 term 107
2026/01/17 19:05:20 [node3] Received Heartbeat from node1 term 107
2026/01/17 19:05:20 [node3] Received Heartbeat from node1 term 107
2026/01/17 19:05:21 [node3] Received Heartbeat from node2 term 108
2026/01/17 19:05:21 [node3] Won election! Becoming Leader for term 109
2026/01/17 19:05:22 [node3] Received Heartbeat from node1 term 110
2026/01/17 19:05:22 [node3] Received Heartbeat from node1 term 110
2026/01/17 19:05:22 [node3] Received Heartbeat from node1 term 110
2026/01/17 19:05:22 [node3] Received Heartbeat from node2 term 111
2026/01/17 19:05:23 [node3] Received Heartbeat from node2 term 111
2026/01/17 19:05:23 [node3] Received Heartbeat from node2 term 111
2026/01/17 19:05:23 [node3] Received Heartbeat from node2 term 111
2026/01/17 19:05:23 [node3] Won election! Becoming Leader for term 112
2026/01/17 19:05:24 [node3] Received Heartbeat from node2 term 114
2026/01/17 19:05:24 [node3] Received Heartbeat from node2 term 114
2026/01/17 19:05:24 [node3] Received Heartbeat from node2 term 114
2026/01/17 19:05:24 [node3] Won election! Becoming Leader for term 116
2026/01/17 19:05:26 [node3] Received Heartbeat from node1 term 118
2026/01/17 19:05:26 [node3] Received Heartbeat from node1 term 118
2026/01/17 19:05:26 [node3] Received Heartbeat from node1 term 118
2026/01/17 19:05:27 [node3] Received Heartbeat from node1 term 118
2026/01/17 19:05:27 [node3] Received Heartbeat from node1 term 118
2026/01/17 19:05:27 [node3] Received Heartbeat from node1 term 118
2026/01/17 19:05:27 [node3] Won election! Becoming Leader for term 119
2026/01/17 19:05:27 [node3] Received Heartbeat from node2 term 120
2026/01/17 19:05:27 [node3] Received Heartbeat from node2 term 120
2026/01/17 19:05:27 [node3] Received Heartbeat from node2 term 120
2026/01/17 19:05:28 [node3] Received Heartbeat from node2 term 120
2026/01/17 19:05:28 [node3] Received Heartbeat from node2 term 120
2026/01/17 19:05:28 [node3] Received Heartbeat from node2 term 120
2026/01/17 19:05:28 [node3] Received Heartbeat from node1 term 121
2026/01/17 19:05:28 [node3] Received Heartbeat from node1 term 121
2026/01/17 19:05:28 [node3] Won election! Becoming Leader for term 122
2026/01/17 19:05:30 [node3] Received Heartbeat from node1 term 124
2026/01/17 19:05:30 [node3] Received Heartbeat from node1 term 124
2026/01/17 19:05:30 [node3] Received Heartbeat from node1 term 124
2026/01/17 19:05:30 [node3] Received Heartbeat from node1 term 124
2026/01/17 19:05:30 [node3] Received Heartbeat from node1 term 124
2026/01/17 19:05:30 [node3] Received Heartbeat from node1 term 124
2026/01/17 19:05:30 [node3] Received Heartbeat from node1 term 124
2026/01/17 19:05:30 [node3] Won election! Becoming Leader for term 125
2026/01/17 19:05:31 [node3] Received Heartbeat from node2 term 126
2026/01/17 19:05:31 [node3] Received Heartbeat from node2 term 126
2026/01/17 19:05:31 [node3] Received Heartbeat from node2 term 126
2026/01/17 19:05:31 [node3] Received Heartbeat from node2 term 126
2026/01/17 19:05:31 [node3] Received Heartbeat from node2 term 126
2026/01/17 19:05:32 [node3] Received Heartbeat from node2 term 126
2026/01/17 19:05:32 [node3] Received Heartbeat from node2 term 126
2026/01/17 19:05:32 [node3] Received Heartbeat from node1 term 127
2026/01/17 19:05:32 [node3] Received Heartbeat from node1 term 127
2026/01/17 19:05:32 [node3] Won election! Becoming Leader for term 128
2026/01/17 19:05:33 [node3] Received Heartbeat from node2 term 129
2026/01/17 19:05:33 [node3] Received Heartbeat from node2 term 129
2026/01/17 19:05:33 [node3] Received Heartbeat from node1 term 130
2026/01/17 19:05:34 [node3] Received Heartbeat from node1 term 130
2026/01/17 19:05:34 [node3] Received Heartbeat from node1 term 130
2026/01/17 19:05:34 [node3] Received Heartbeat from node1 term 130
2026/01/17 19:05:34 [node3] Received Heartbeat from node1 term 130
2026/01/17 19:05:34 [node3] Received Heartbeat from node1 term 130
2026/01/17 19:05:34 [node3] Received Heartbeat from node1 term 130
2026/01/17 19:05:34 [node3] Won election! Becoming Leader for term 132
2026/01/17 19:05:36 [node3] Received Heartbeat from node1 term 134
2026/01/17 19:05:36 [node3] Received Heartbeat from node1 term 134
2026/01/17 19:05:36 [node3] Received Heartbeat from node1 term 134
2026/01/17 19:05:36 [node3] Received Heartbeat from node1 term 134
2026/01/17 19:05:37 [node3] Received Heartbeat from node1 term 134
2026/01/17 19:05:37 [node3] Received Heartbeat from node1 term 134
2026/01/17 19:05:37 [node3] Received Heartbeat from node1 term 134
2026/01/17 19:05:37 [node3] Won election! Becoming Leader for term 135
2026/01/17 19:05:37 [node3] Received Heartbeat from node2 term 136
2026/01/17 19:05:37 [node3] Received Heartbeat from node2 term 136
2026/01/17 19:05:37 [node3] Received Heartbeat from node2 term 136
2026/01/17 19:05:38 [node3] Received Heartbeat from node2 term 136
2026/01/17 19:05:38 [node3] Received Heartbeat from node2 term 136
2026/01/17 19:05:38 [node3] Received Heartbeat from node2 term 136
2026/01/17 19:05:38 [node3] Received Heartbeat from node2 term 136
2026/01/17 19:05:38 [node3] Won election! Becoming Leader for term 138
2026/01/17 19:05:40 [node3] Received Heartbeat from node2 term 140
2026/01/17 19:05:40 [node3] Received Heartbeat from node2 term 140
2026/01/17 19:05:40 [node3] Received Heartbeat from node2 term 140
2026/01/17 19:05:40 [node3] Received Heartbeat from node2 term 140
2026/01/17 19:05:40 [node3] Received Heartbeat from node2 term 140
2026/01/17 19:05:40 [node3] Received Heartbeat from node2 term 140
2026/01/17 19:05:41 [node3] Received Heartbeat from node2 term 140
2026/01/17 19:05:41 [node3] Won election! Becoming Leader for term 141
2026/01/17 19:05:41 [node3] Received Heartbeat from node1 term 142
2026/01/17 19:05:41 [node3] Received Heartbeat from node1 term 142
2026/01/17 19:05:41 [node3] Received Heartbeat from node1 term 142
2026/01/17 19:05:41 [node3] Received Heartbeat from node1 term 142
2026/01/17 19:05:42 [node3] Received Heartbeat from node1 term 142
2026/01/17 19:05:42 [node3] Received Heartbeat from node1 term 142
2026/01/17 19:05:42 [node3] Received Heartbeat from node1 term 142
2026/01/17 19:05:42 [node3] Won election! Becoming Leader for term 143
2026/01/17 19:05:42 [node3] Received Heartbeat from node2 term 144
2026/01/17 19:05:42 [node3] Received Heartbeat from node2 term 144
2026/01/17 19:05:42 [node3] Received Heartbeat from node2 term 144
2026/01/17 19:05:43 [node3] Received Heartbeat from node2 term 144
2026/01/17 19:05:43 [node3] Received Heartbeat from node2 term 144
2026/01/17 19:05:43 [node3] Received Heartbeat from node2 term 144
2026/01/17 19:05:43 [node3] Received Heartbeat from node2 term 144
2026/01/17 19:05:43 [node3] Received Heartbeat from node2 term 145
2026/01/17 19:05:43 [node3] Won election! Becoming Leader for term 146
2026/01/17 19:05:45 [node3] Received Heartbeat from node2 term 148
2026/01/17 19:05:45 [node3] Received Heartbeat from node2 term 148
2026/01/17 19:05:45 [node3] Received Heartbeat from node2 term 148
2026/01/17 19:05:45 [node3] Received Heartbeat from node2 term 148
2026/01/17 19:05:45 [node3] Received Heartbeat from node2 term 148
2026/01/17 19:05:46 [node3] Received Heartbeat from node2 term 148
2026/01/17 19:05:46 [node3] Won election! Becoming Leader for term 149
2026/01/17 19:05:46 [node3] Received Heartbeat from node1 term 150
2026/01/17 19:05:46 [node3] Received Heartbeat from node1 term 150
2026/01/17 19:05:46 [node3] Received Heartbeat from node1 term 150
2026/01/17 19:05:46 [node3] Received Heartbeat from node1 term 150
2026/01/17 19:05:46 [node3] Received Heartbeat from node1 term 150
2026/01/17 19:05:47 [node3] Received Heartbeat from node1 term 150
2026/01/17 19:05:47 [node3] Received Heartbeat from node2 term 151
2026/01/17 19:05:47 [node3] Won election! Becoming Leader for term 152
2026/01/17 19:05:48 [node3] Received Heartbeat from node1 term 154
2026/01/17 19:05:48 [node3] Received Heartbeat from node1 term 154
2026/01/17 19:05:49 [node3] Received Heartbeat from node1 term 154
2026/01/17 19:05:49 [node3] Received Heartbeat from node1 term 154
2026/01/17 19:05:49 [node3] Received Heartbeat from node1 term 154
2026/01/17 19:05:49 [node3] Received Heartbeat from node1 term 154
2026/01/17 19:05:49 [node3] Won election! Becoming Leader for term 155
2026/01/17 19:05:49 [node3] Received Heartbeat from node2 term 156
2026/01/17 19:05:50 [node3] Received Heartbeat from node2 term 156
2026/01/17 19:05:50 [node3] Received Heartbeat from node2 term 156
2026/01/17 19:05:50 [node3] Received Heartbeat from node2 term 156
2026/01/17 19:05:50 [node3] Received Heartbeat from node2 term 156
2026/01/17 19:05:50 [node3] Received Heartbeat from node2 term 156
2026/01/17 19:05:50 [node3] Received Heartbeat from node2 term 156
2026/01/17 19:05:50 [node3] Received Heartbeat from node2 term 156
2026/01/17 19:05:51 [node3] Won election! Becoming Leader for term 158
2026/01/17 19:05:52 [node3] Received Heartbeat from node2 term 160
2026/01/17 19:05:52 [node3] Received Heartbeat from node2 term 160
2026/01/17 19:05:52 [node3] Received Heartbeat from node2 term 160
2026/01/17 19:05:53 [node3] Received Heartbeat from node2 term 160
2026/01/17 19:05:53 [node3] Received Heartbeat from node2 term 160
2026/01/17 19:05:53 [node3] Received Heartbeat from node2 term 160
2026/01/17 19:05:53 [node3] Received Heartbeat from node2 term 160
2026/01/17 19:05:53 [node3] Received Heartbeat from node1 term 161
2026/01/17 19:05:53 [node3] Won election! Becoming Leader for term 162
2026/01/17 19:05:55 [node3] Received Heartbeat from node1 term 164
2026/01/17 19:05:55 [node3] Received Heartbeat from node1 term 164
2026/01/17 19:05:55 [node3] Received Heartbeat from node1 term 164
2026/01/17 19:05:55 [node3] Received Heartbeat from node1 term 164
2026/01/17 19:05:55 [node3] Received Heartbeat from node1 term 164
2026/01/17 19:05:56 [node3] Received Heartbeat from node1 term 164
2026/01/17 19:05:56 [node3] Won election! Becoming Leader for term 165
2026/01/17 19:05:56 [node3] Received Heartbeat from node2 term 166
2026/01/17 19:05:56 [node3] Received Heartbeat from node2 term 166
2026/01/17 19:05:56 [node3] Received Heartbeat from node2 term 166
2026/01/17 19:05:57 [node3] Received Heartbeat from node2 term 166
2026/01/17 19:05:57 [node3] Received Heartbeat from node2 term 166
2026/01/17 19:05:57 [node3] Received Heartbeat from node1 term 167
2026/01/17 19:05:57 [node3] Won election! Becoming Leader for term 168
2026/01/17 19:05:58 [node3] Received Heartbeat from node2 term 169
2026/01/17 19:05:59 [node3] Received Heartbeat from node1 term 170
2026/01/17 19:05:59 [node3] Received Heartbeat from node1 term 170
2026/01/17 19:05:59 [node3] Received Heartbeat from node1 term 170
2026/01/17 19:05:59 [node3] Received Heartbeat from node1 term 170
2026/01/17 19:05:59 [node3] Received Heartbeat from node1 term 170
2026/01/17 19:05:59 [node3] Received Heartbeat from node1 term 170
2026/01/17 19:06:00 [node3] Received Heartbeat from node1 term 170
2026/01/17 19:06:00 [node3] Won election! Becoming Leader for term 172
2026/01/17 19:06:01 [node3] Received Heartbeat from node2 term 174
2026/01/17 19:06:01 [node3] Received Heartbeat from node2 term 174
2026/01/17 19:06:01 [node3] Received Heartbeat from node2 term 174
2026/01/17 19:06:01 [node3] Received Heartbeat from node2 term 174
2026/01/17 19:06:02 [node3] Received Heartbeat from node2 term 174
2026/01/17 19:06:02 [node3] Received Heartbeat from node2 term 174
2026/01/17 19:06:02 [node3] Received Heartbeat from node2 term 174
2026/01/17 19:06:02 [node3] Received Heartbeat from node2 term 174
2026/01/17 19:06:02 [node3] Received Heartbeat from node2 term 174
2026/01/17 19:06:02 [node3] Won election! Becoming Leader for term 176
2026/01/17 19:06:04 [node3] Received Heartbeat from node2 term 178
2026/01/17 19:06:04 [node3] Received Heartbeat from node2 term 178
2026/01/17 19:06:04 [node3] Received Heartbeat from node2 term 178
2026/01/17 19:06:04 [node3] Received Heartbeat from node2 term 178
2026/01/17 19:06:04 [node3] Received Heartbeat from node2 term 178
2026/01/17 19:06:04 [node3] Received Heartbeat from node2 term 178
2026/01/17 19:06:05 [node3] Received Heartbeat from node1 term 179
2026/01/17 19:06:05 [node3] Won election! Becoming Leader for term 180
2026/01/17 19:06:06 [node3] Received Heartbeat from node2 term 181
2026/01/17 19:06:06 [node3] Received Heartbeat from node2 term 181
2026/01/17 19:06:06 [node3] Received Heartbeat from node2 term 181
2026/01/17 19:06:06 [node3] Received Heartbeat from node2 term 181
2026/01/17 19:06:06 [node3] Received Heartbeat from node1 term 182
2026/01/17 19:06:07 [node3] Received Heartbeat from node1 term 182
2026/01/17 19:06:07 [node3] Won election! Becoming Leader for term 183
2026/01/17 19:06:08 [node3] Received Heartbeat from node1 term 185
2026/01/17 19:06:08 [node3] Received Heartbeat from node1 term 185
2026/01/17 19:06:09 [node3] Received Heartbeat from node1 term 185
2026/01/17 19:06:09 [node3] Received Heartbeat from node1 term 185
2026/01/17 19:06:09 [node3] Received Heartbeat from node1 term 185
2026/01/17 19:06:09 [node3] Received Heartbeat from node1 term 185
2026/01/17 19:06:09 [node3] Won election! Becoming Leader for term 187
2026/01/17 19:06:10 [node3] Received Heartbeat from node1 term 189
2026/01/17 19:06:11 [node3] Received Heartbeat from node2 term 190
2026/01/17 19:06:11 [node3] Received Heartbeat from node2 term 190
2026/01/17 19:06:12 [node3] Received Heartbeat from node2 term 190
2026/01/17 19:06:12 [node3] Won election! Becoming Leader for term 191
2026/01/17 19:06:12 [node3] Received Heartbeat from node1 term 192
2026/01/17 19:06:12 [node3] Received Heartbeat from node1 term 192
2026/01/17 19:06:12 [node3] Received Heartbeat from node1 term 192
2026/01/17 19:06:12 [node3] Received Heartbeat from node1 term 192
2026/01/17 19:06:12 [node3] Received Heartbeat from node1 term 192
2026/01/17 19:06:13 [node3] Received Heartbeat from node1 term 192
2026/01/17 19:06:13 [node3] Received Heartbeat from node1 term 192
2026/01/17 19:06:13 [node3] Received Heartbeat from node2 term 193
2026/01/17 19:06:13 [node3] Received Heartbeat from node2 term 193
2026/01/17 19:06:13 [node3] Won election! Becoming Leader for term 194
2026/01/17 19:06:14 [node3] Received Heartbeat from node1 term 195
2026/01/17 19:06:15 [node3] Received Heartbeat from node2 term 196
2026/01/17 19:06:15 [node3] Received Heartbeat from node2 term 196
2026/01/17 19:06:15 [node3] Received Heartbeat from node2 term 196
2026/01/17 19:06:15 [node3] Received Heartbeat from node2 term 196
2026/01/17 19:06:15 [node3] Received Heartbeat from node2 term 196
2026/01/17 19:06:15 [node3] Received Heartbeat from node2 term 196
2026/01/17 19:06:16 [node3] Received Heartbeat from node2 term 196
2026/01/17 19:06:16 [node3] Won election! Becoming Leader for term 197
2026/01/17 19:06:17 [node3] Received Heartbeat from node2 term 199
2026/01/17 19:06:17 [node3] Received Heartbeat from node2 term 199
2026/01/17 19:06:17 [node3] Received Heartbeat from node2 term 199
2026/01/17 19:06:17 [node3] Received Heartbeat from node2 term 199
2026/01/17 19:06:17 [node3] Won election! Becoming Leader for term 201
2026/01/17 19:06:18 [node3] Received Heartbeat from node2 term 202
2026/01/17 19:06:19 [node3] Received Heartbeat from node1 term 203
2026/01/17 19:06:19 [node3] Received Heartbeat from node1 term 203
2026/01/17 19:06:19 [node3] Received Heartbeat from node1 term 203
2026/01/17 19:06:19 [node3] Received Heartbeat from node1 term 203
2026/01/17 19:06:19 [node3] Received Heartbeat from node1 term 203
2026/01/17 19:06:19 [node3] Received Heartbeat from node1 term 203
2026/01/17 19:06:20 [node3] Received Heartbeat from node1 term 203
2026/01/17 19:06:20 [node3] Won election! Becoming Leader for term 204
2026/01/17 19:06:20 [node3] Received Heartbeat from node2 term 205
2026/01/17 19:06:20 [node3] Received Heartbeat from node2 term 205
2026/01/17 19:06:20 [node3] Received Heartbeat from node2 term 205
2026/01/17 19:06:21 [node3] Received Heartbeat from node2 term 205
2026/01/17 19:06:21 [node3] Received Heartbeat from node1 term 206
2026/01/17 19:06:21 [node3] Received Heartbeat from node1 term 206
2026/01/17 19:06:21 [node3] Received Heartbeat from node1 term 206
2026/01/17 19:06:21 [node3] Received Heartbeat from node1 term 206
2026/01/17 19:06:21 [node3] Received Heartbeat from node1 term 206
2026/01/17 19:06:21 [node3] Won election! Becoming Leader for term 207
2026/01/17 19:06:22 [node3] Received Heartbeat from node2 term 208
2026/01/17 19:06:22 [node3] Received Heartbeat from node2 term 208
2026/01/17 19:06:22 [node3] Received Heartbeat from node2 term 208
2026/01/17 19:06:22 [node3] Received Heartbeat from node2 term 208
2026/01/17 19:06:23 [node3] Received Heartbeat from node2 term 208
2026/01/17 19:06:23 [node3] Received Heartbeat from node1 term 209
2026/01/17 19:06:23 [node3] Received Heartbeat from node1 term 209
2026/01/17 19:06:23 [node3] Received Heartbeat from node1 term 209
2026/01/17 19:06:23 [node3] Won election! Becoming Leader for term 210
2026/01/17 19:06:24 [node3] Received Heartbeat from node2 term 211
2026/01/17 19:06:24 [node3] Received Heartbeat from node2 term 211
2026/01/17 19:06:25 [node3] Received Heartbeat from node1 term 212
2026/01/17 19:06:25 [node3] Received Heartbeat from node1 term 212
2026/01/17 19:06:25 [node3] Received Heartbeat from node1 term 212
2026/01/17 19:06:25 [node3] Received Heartbeat from node1 term 212
2026/01/17 19:06:25 [node3] Received Heartbeat from node1 term 212
2026/01/17 19:06:25 [node3] Won election! Becoming Leader for term 213
2026/01/17 19:06:26 [node3] Received Heartbeat from node2 term 214
2026/01/17 19:06:26 [node3] Received Heartbeat from node2 term 214
2026/01/17 19:06:26 [node3] Received Heartbeat from node2 term 214
2026/01/17 19:06:26 [node3] Received Heartbeat from node2 term 214
2026/01/17 19:06:26 [node3] Received Heartbeat from node2 term 214
2026/01/17 19:06:27 [node3] Received Heartbeat from node1 term 215
2026/01/17 19:06:27 [node3] Won election! Becoming Leader for term 216
2026/01/17 19:06:27 [node3] Received Heartbeat from node1 term 216
2026/01/17 19:06:27 [node3] Election timeout, becoming Candidate
2026/01/17 19:06:27 [node3] Won election! Becoming Leader for term 217
2026/01/17 19:06:28 [node3] Received Heartbeat from node2 term 218
2026/01/17 19:06:28 [node3] Received Heartbeat from node2 term 218
2026/01/17 19:06:28 [node3] Received Heartbeat from node2 term 218
2026/01/17 19:06:28 [node3] Received Heartbeat from node1 term 219
2026/01/17 19:06:28 [node3] Received Heartbeat from node1 term 219
2026/01/17 19:06:29 [node3] Received Heartbeat from node1 term 219
2026/01/17 19:06:29 [node3] Received Heartbeat from node1 term 219
2026/01/17 19:06:29 [node3] Won election! Becoming Leader for term 220
2026/01/17 19:06:29 [node3] Received Heartbeat from node2 term 221
2026/01/17 19:06:30 [node3] Received Heartbeat from node2 term 221
2026/01/17 19:06:30 [node3] Received Heartbeat from node2 term 221
2026/01/17 19:06:30 [node3] Received Heartbeat from node2 term 221
2026/01/17 19:06:30 [node3] Received Heartbeat from node1 term 222
2026/01/17 19:06:30 [node3] Received Heartbeat from node1 term 222
2026/01/17 19:06:30 [node3] Won election! Becoming Leader for term 223
2026/01/17 19:06:31 [node3] Received Heartbeat from node2 term 224
2026/01/17 19:06:31 [node3] Received Heartbeat from node2 term 224
2026/01/17 19:06:31 [node3] Received Heartbeat from node2 term 224
2026/01/17 19:06:32 [node3] Received Heartbeat from node2 term 224
2026/01/17 19:06:32 [node3] Received Heartbeat from node2 term 224
2026/01/17 19:06:32 [node3] Received Heartbeat from node1 term 225
2026/01/17 19:06:32 [node3] Won election! Becoming Leader for term 226
2026/01/17 19:06:33 [node3] Received Heartbeat from node1 term 228
2026/01/17 19:06:33 [node3] Received Heartbeat from node1 term 228
2026/01/17 19:06:34 [node3] Received Heartbeat from node1 term 228
2026/01/17 19:06:34 [node3] Received Heartbeat from node1 term 228
2026/01/17 19:06:34 [node3] Received Heartbeat from node1 term 228
2026/01/17 19:06:34 [node3] Received Heartbeat from node1 term 228
2026/01/17 19:06:34 [node3] Received Heartbeat from node2 term 229
2026/01/17 19:06:34 [node3] Received Heartbeat from node2 term 229
2026/01/17 19:06:35 [node3] Received Heartbeat from node2 term 229
2026/01/17 19:06:35 [node3] Won election! Becoming Leader for term 230
2026/01/17 19:06:36 [node3] Received Heartbeat from node1 term 231
2026/01/17 19:06:36 [node3] Received Heartbeat from node1 term 231
2026/01/17 19:06:36 [node3] Received Heartbeat from node1 term 231
2026/01/17 19:06:36 [node3] Received Heartbeat from node2 term 232
2026/01/17 19:06:36 [node3] Received Heartbeat from node2 term 232
2026/01/17 19:06:36 [node3] Received Heartbeat from node2 term 232
2026/01/17 19:06:37 [node3] Received Heartbeat from node2 term 232
2026/01/17 19:06:37 [node3] Received Heartbeat from node2 term 232
2026/01/17 19:06:37 [node3] Won election! Becoming Leader for term 233
2026/01/17 19:06:38 [node3] Election timeout, becoming Candidate
2026/01/17 19:06:38 [node3] Won election! Becoming Leader for term 235
2026/01/17 19:06:38 [node3] Received Heartbeat from node2 term 236
2026/01/17 19:06:38 [node3] Received Heartbeat from node2 term 236
2026/01/17 19:06:38 [node3] Received Heartbeat from node1 term 237
2026/01/17 19:06:39 [node3] Received Heartbeat from node1 term 237
2026/01/17 19:06:39 [node3] Received Heartbeat from node1 term 237
2026/01/17 19:06:39 [node3] Received Heartbeat from node1 term 237
2026/01/17 19:06:39 [node3] Received Heartbeat from node1 term 237
2026/01/17 19:06:39 [node3] Won election! Becoming Leader for term 238
2026/01/17 19:06:40 [node3] Received Heartbeat from node2 term 239
2026/01/17 19:06:40 [node3] Received Heartbeat from node2 term 239
2026/01/17 19:06:40 [node3] Received Heartbeat from node2 term 239
2026/01/17 19:06:40 [node3] Received Heartbeat from node2 term 239
2026/01/17 19:06:40 [node3] Received Heartbeat from node2 term 239
2026/01/17 19:06:41 [node3] Received Heartbeat from node2 term 239
2026/01/17 19:06:41 [node3] Received Heartbeat from node1 term 240
2026/01/17 19:06:41 [node3] Received Heartbeat from node1 term 240
2026/01/17 19:06:41 [node3] Won election! Becoming Leader for term 241
2026/01/17 19:06:42 [node3] Received Heartbeat from node2 term 242
2026/01/17 19:06:42 [node3] Received Heartbeat from node2 term 242
2026/01/17 19:06:42 [node3] Received Heartbeat from node2 term 242
2026/01/17 19:06:43 [node3] Received Heartbeat from node1 term 243
2026/01/17 19:06:43 [node3] Received Heartbeat from node1 term 243
2026/01/17 19:06:43 [node3] Received Heartbeat from node1 term 243
2026/01/17 19:06:43 [node3] Received Heartbeat from node1 term 243
2026/01/17 19:06:43 [node3] Received Heartbeat from node1 term 243
2026/01/17 19:06:43 [node3] Won election! Becoming Leader for term 244
2026/01/17 19:06:44 [node3] Received Heartbeat from node2 term 245
2026/01/17 19:06:44 [node3] Received Heartbeat from node2 term 245
2026/01/17 19:06:44 [node3] Received Heartbeat from node2 term 245
2026/01/17 19:06:44 [node3] Received Heartbeat from node2 term 245
2026/01/17 19:06:44 [node3] Received Heartbeat from node2 term 245
2026/01/17 19:06:44 [node3] Received Heartbeat from node2 term 245
2026/01/17 19:06:45 [node3] Received Heartbeat from node2 term 246
2026/01/17 19:06:45 [node3] Won election! Becoming Leader for term 247
2026/01/17 19:06:46 [node3] Received Heartbeat from node1 term 248
2026/01/17 19:06:46 [node3] Received Heartbeat from node2 term 249
2026/01/17 19:06:46 [node3] Received Heartbeat from node2 term 249
2026/01/17 19:06:46 [node3] Received Heartbeat from node2 term 249
2026/01/17 19:06:46 [node3] Received Heartbeat from node2 term 249
2026/01/17 19:06:47 [node3] Received Heartbeat from node2 term 249
2026/01/17 19:06:47 [node3] Received Heartbeat from node2 term 249
2026/01/17 19:06:47 [node3] Received Heartbeat from node1 term 250
2026/01/17 19:06:47 [node3] Won election! Becoming Leader for term 251
2026/01/17 19:06:48 [node3] Received Heartbeat from node2 term 252
2026/01/17 19:06:48 [node3] Received Heartbeat from node2 term 252
2026/01/17 19:06:48 [node3] Received Heartbeat from node2 term 252
2026/01/17 19:06:49 [node3] Received Heartbeat from node1 term 253
2026/01/17 19:06:49 [node3] Received Heartbeat from node1 term 253
2026/01/17 19:06:49 [node3] Received Heartbeat from node1 term 253
2026/01/17 19:06:49 [node3] Received Heartbeat from node1 term 253
2026/01/17 19:06:49 [node3] Received Heartbeat from node1 term 253
2026/01/17 19:06:49 [node3] Received Heartbeat from node1 term 253
2026/01/17 19:06:49 [node3] Won election! Becoming Leader for term 254
2026/01/17 19:06:50 [node3] Received Heartbeat from node2 term 255
2026/01/17 19:06:50 [node3] Received Heartbeat from node2 term 255
2026/01/17 19:06:50 [node3] Received Heartbeat from node2 term 255
2026/01/17 19:06:50 [node3] Received Heartbeat from node2 term 255
2026/01/17 19:06:50 [node3] Received Heartbeat from node2 term 255
2026/01/17 19:06:51 [node3] Received Heartbeat from node2 term 255
2026/01/17 19:06:51 [node3] Received Heartbeat from node2 term 255
2026/01/17 19:06:51 [node3] Won election! Becoming Leader for term 256
2026/01/17 19:06:51 [node3] Received Heartbeat from node2 term 257
2026/01/17 19:06:52 [node3] Election timeout, becoming Candidate
2026/01/17 19:06:52 [node3] Won election! Becoming Leader for term 258
2026/01/17 19:06:52 [node3] Received Heartbeat from node2 term 259
2026/01/17 19:06:52 [node3] Received Heartbeat from node1 term 260
2026/01/17 19:06:53 [node3] Received Heartbeat from node1 term 260
2026/01/17 19:06:53 [node3] Received Heartbeat from node1 term 260
2026/01/17 19:06:53 [node3] Received Heartbeat from node1 term 260
2026/01/17 19:06:53 [node3] Received Heartbeat from node1 term 260
2026/01/17 19:06:53 [node3] Received Heartbeat from node1 term 260
2026/01/17 19:06:53 [node3] Won election! Becoming Leader for term 261
2026/01/17 19:06:54 [node3] Received Heartbeat from node2 term 262
2026/01/17 19:06:54 [node3] Received Heartbeat from node2 term 262
2026/01/17 19:06:54 [node3] Received Heartbeat from node2 term 262
2026/01/17 19:06:54 [node3] Received Heartbeat from node2 term 262
2026/01/17 19:06:54 [node3] Received Heartbeat from node2 term 262
2026/01/17 19:06:54 [node3] Received Heartbeat from node2 term 262
2026/01/17 19:06:54 [node3] Won election! Becoming Leader for term 264
2026/01/17 19:06:56 [node3] Received Heartbeat from node2 term 266
2026/01/17 19:06:56 [node3] Received Heartbeat from node2 term 266
2026/01/17 19:06:56 [node3] Received Heartbeat from node2 term 266
2026/01/17 19:06:56 [node3] Received Heartbeat from node2 term 266
2026/01/17 19:06:56 [node3] Received Heartbeat from node2 term 266
2026/01/17 19:06:57 [node3] Received Heartbeat from node2 term 266
2026/01/17 19:06:57 [node3] Won election! Becoming Leader for term 267
2026/01/17 19:06:57 [node3] Received Heartbeat from node1 term 268
2026/01/17 19:06:57 [node3] Received Heartbeat from node1 term 268
2026/01/17 19:06:57 [node3] Received Heartbeat from node1 term 268
2026/01/17 19:06:58 [node3] Received Heartbeat from node1 term 268
2026/01/17 19:06:58 [node3] Received Heartbeat from node2 term 269
2026/01/17 19:06:58 [node3] Received Heartbeat from node2 term 269
2026/01/17 19:06:58 [node3] Won election! Becoming Leader for term 270
2026/01/17 19:06:59 [node3] Received Heartbeat from node1 term 271
2026/01/17 19:06:59 [node3] Received Heartbeat from node1 term 271
2026/01/17 19:06:59 [node3] Received Heartbeat from node1 term 271
2026/01/17 19:06:59 [node3] Received Heartbeat from node1 term 271
2026/01/17 19:07:00 [node3] Received Heartbeat from node2 term 272
2026/01/17 19:07:00 [node3] Received Heartbeat from node2 term 272
2026/01/17 19:07:00 [node3] Received Heartbeat from node2 term 272
2026/01/17 19:07:00 [node3] Won election! Becoming Leader for term 273
2026/01/17 19:07:01 [node3] Received Heartbeat from node1 term 274
2026/01/17 19:07:01 [node3] Received Heartbeat from node1 term 274
2026/01/17 19:07:01 [node3] Received Heartbeat from node2 term 275
2026/01/17 19:07:01 [node3] Received Heartbeat from node2 term 275
2026/01/17 19:07:01 [node3] Received Heartbeat from node2 term 275
2026/01/17 19:07:02 [node3] Received Heartbeat from node2 term 275
2026/01/17 19:07:02 [node3] Won election! Becoming Leader for term 276
2026/01/17 19:07:02 [node3] Received Heartbeat from node1 term 277
2026/01/17 19:07:02 [node3] Received Heartbeat from node1 term 277
2026/01/17 19:07:03 [node3] Received Heartbeat from node1 term 277
2026/01/17 19:07:03 [node3] Received Heartbeat from node1 term 277
2026/01/17 19:07:03 [node3] Received Heartbeat from node2 term 278
2026/01/17 19:07:03 [node3] Received Heartbeat from node2 term 278
2026/01/17 19:07:03 [node3] Won election! Becoming Leader for term 279
2026/01/17 19:07:04 [node3] Received Heartbeat from node2 term 281
2026/01/17 19:07:05 [node3] Received Heartbeat from node2 term 281
2026/01/17 19:07:05 [node3] Received Heartbeat from node2 term 281
2026/01/17 19:07:05 [node3] Received Heartbeat from node2 term 281
2026/01/17 19:07:05 [node3] Received Heartbeat from node2 term 281
2026/01/17 19:07:05 [node3] Received Heartbeat from node2 term 281
2026/01/17 19:07:05 [node3] Received Heartbeat from node2 term 281
2026/01/17 19:07:05 [node3] Received Heartbeat from node2 term 281
2026/01/17 19:07:06 [node3] Received Heartbeat from node2 term 281
2026/01/17 19:07:06 [node3] Won election! Becoming Leader for term 282
2026/01/17 19:07:06 [node3] Received Heartbeat from node1 term 283
2026/01/17 19:07:06 [node3] Received Heartbeat from node1 term 283
2026/01/17 19:07:06 [node3] Received Heartbeat from node1 term 283
2026/01/17 19:07:06 [node3] Received Heartbeat from node1 term 283
2026/01/17 19:07:07 [node3] Received Heartbeat from node1 term 283
2026/01/17 19:07:07 [node3] Received Heartbeat from node1 term 283
2026/01/17 19:07:07 [node3] Received Heartbeat from node1 term 283
2026/01/17 19:07:07 [node3] Received Heartbeat from node2 term 284
2026/01/17 19:07:07 [node3] Won election! Becoming Leader for term 285
2026/01/17 19:07:07 [node3] Received Heartbeat from node2 term 285
2026/01/17 19:07:08 [node3] Received Heartbeat from node1 term 286
2026/01/17 19:07:08 [node3] Won election! Becoming Leader for term 287
2026/01/17 19:07:09 [node3] Received Heartbeat from node2 term 288
2026/01/17 19:07:09 [node3] Received Heartbeat from node2 term 288
2026/01/17 19:07:09 [node3] Received Heartbeat from node2 term 288
2026/01/17 19:07:09 [node3] Received Heartbeat from node2 term 288
2026/01/17 19:07:09 [node3] Received Heartbeat from node2 term 288
2026/01/17 19:07:09 [node3] Received Heartbeat from node2 term 288
2026/01/17 19:07:10 [node3] Won election! Becoming Leader for term 289
2026/01/17 19:07:10 [node3] Received Heartbeat from node1 term 290
2026/01/17 19:07:10 [node3] Received Heartbeat from node1 term 290
2026/01/17 19:07:10 [node3] Received Heartbeat from node1 term 290
2026/01/17 19:07:10 [node3] Received Heartbeat from node1 term 290
2026/01/17 19:07:10 [node3] Received Heartbeat from node1 term 290
2026/01/17 19:07:11 [node3] Received Heartbeat from node1 term 290
2026/01/17 19:07:11 [node3] Received Heartbeat from node1 term 290
2026/01/17 19:07:11 [node3] Received Heartbeat from node2 term 291
2026/01/17 19:07:11 [node3] Received Heartbeat from node2 term 291
2026/01/17 19:07:11 [node3] Won election! Becoming Leader for term 292
2026/01/17 19:07:11 [node3] Received Heartbeat from node2 term 292
2026/01/17 19:07:12 [node3] Received Heartbeat from node1 term 293
2026/01/17 19:07:12 [node3] Received Heartbeat from node1 term 293
2026/01/17 19:07:12 [node3] Received Heartbeat from node1 term 293
2026/01/17 19:07:13 [node3] Received Heartbeat from node1 term 293
2026/01/17 19:07:13 [node3] Won election! Becoming Leader for term 294
2026/01/17 19:07:13 [node3] Received Heartbeat from node2 term 295
2026/01/17 19:07:13 [node3] Received Heartbeat from node2 term 295
2026/01/17 19:07:13 [node3] Received Heartbeat from node2 term 295
2026/01/17 19:07:13 [node3] Received Heartbeat from node2 term 295
2026/01/17 19:07:13 [node3] Received Heartbeat from node2 term 295
2026/01/17 19:07:14 [node3] Received Heartbeat from node2 term 295
2026/01/17 19:07:14 [node3] Received Heartbeat from node2 term 295
2026/01/17 19:07:14 [node3] Received Heartbeat from node2 term 295
2026/01/17 19:07:14 [node3] Received Heartbeat from node2 term 295
2026/01/17 19:07:14 [node3] Won election! Becoming Leader for term 297
2026/01/17 19:07:16 [node3] Received Heartbeat from node2 term 299
2026/01/17 19:07:16 [node3] Received Heartbeat from node2 term 299
2026/01/17 19:07:16 [node3] Received Heartbeat from node2 term 299
2026/01/17 19:07:16 [node3] Received Heartbeat from node2 term 299
2026/01/17 19:07:16 [node3] Received Heartbeat from node2 term 299
2026/01/17 19:07:16 [node3] Received Heartbeat from node2 term 299
2026/01/17 19:07:17 [node3] Received Heartbeat from node2 term 299
2026/01/17 19:07:17 [node3] Won election! Becoming Leader for term 300
2026/01/17 19:07:17 [node3] Received Heartbeat from node1 term 301
2026/01/17 19:07:17 [node3] Received Heartbeat from node1 term 301
2026/01/17 19:07:17 [node3] Received Heartbeat from node1 term 301
2026/01/17 19:07:18 [node3] Received Heartbeat from node1 term 301
2026/01/17 19:07:18 [node3] Received Heartbeat from node1 term 301
2026/01/17 19:07:18 [node3] Received Heartbeat from node1 term 301
2026/01/17 19:07:18 [node3] Received Heartbeat from node1 term 301
2026/01/17 19:07:18 [node3] Received Heartbeat from node1 term 302
2026/01/17 19:07:18 [node3] Won election! Becoming Leader for term 303
2026/01/17 19:07:20 [node3] Received Heartbeat from node2 term 305
2026/01/17 19:07:20 [node3] Received Heartbeat from node2 term 305
2026/01/17 19:07:20 [node3] Received Heartbeat from node2 term 305
2026/01/17 19:07:20 [node3] Received Heartbeat from node2 term 305
2026/01/17 19:07:20 [node3] Received Heartbeat from node2 term 305
2026/01/17 19:07:20 [node3] Received Heartbeat from node2 term 305
2026/01/17 19:07:20 [node3] Won election! Becoming Leader for term 307
2026/01/17 19:07:22 [node3] Received Heartbeat from node1 term 309
2026/01/17 19:07:22 [node3] Received Heartbeat from node1 term 309
2026/01/17 19:07:22 [node3] Received Heartbeat from node1 term 309
2026/01/17 19:07:22 [node3] Received Heartbeat from node1 term 309
2026/01/17 19:07:22 [node3] Received Heartbeat from node1 term 309
2026/01/17 19:07:23 [node3] Received Heartbeat from node1 term 309
2026/01/17 19:07:23 [node3] Received Heartbeat from node1 term 309
2026/01/17 19:07:23 [node3] Won election! Becoming Leader for term 310
2026/01/17 19:07:23 [node3] Received Heartbeat from node2 term 311
2026/01/17 19:07:23 [node3] Received Heartbeat from node2 term 311
2026/01/17 19:07:24 [node3] Received Heartbeat from node2 term 311
2026/01/17 19:07:24 [node3] Received Heartbeat from node2 term 311
2026/01/17 19:07:24 [node3] Received Heartbeat from node2 term 311
2026/01/17 19:07:24 [node3] Received Heartbeat from node1 term 312
2026/01/17 19:07:24 [node3] Received Heartbeat from node1 term 312
2026/01/17 19:07:24 [node3] Received Heartbeat from node1 term 312
2026/01/17 19:07:24 [node3] Won election! Becoming Leader for term 313
2026/01/17 19:07:25 [node3] Received Heartbeat from node2 term 314
2026/01/17 19:07:25 [node3] Received Heartbeat from node2 term 314
2026/01/17 19:07:25 [node3] Received Heartbeat from node2 term 314
2026/01/17 19:07:26 [node3] Received Heartbeat from node2 term 314
2026/01/17 19:07:26 [node3] Received Heartbeat from node1 term 315
2026/01/17 19:07:26 [node3] Won election! Becoming Leader for term 316
2026/01/17 19:07:27 [node3] Received Heartbeat from node2 term 317
2026/01/17 19:07:28 [node3] Received Heartbeat from node2 term 317
2026/01/17 19:07:28 [node3] Received Heartbeat from node1 term 318
2026/01/17 19:07:28 [node3] Received Heartbeat from node1 term 318
2026/01/17 19:07:28 [node3] Received Heartbeat from node1 term 318
2026/01/17 19:07:28 [node3] Received Heartbeat from node1 term 318
2026/01/17 19:07:28 [node3] Received Heartbeat from node1 term 318
2026/01/17 19:07:28 [node3] Received Heartbeat from node1 term 318
2026/01/17 19:07:28 [node3] Won election! Becoming Leader for term 319
2026/01/17 19:07:29 [node3] Received Heartbeat from node2 term 320
2026/01/17 19:07:29 [node3] Received Heartbeat from node2 term 320
2026/01/17 19:07:29 [node3] Received Heartbeat from node2 term 320
2026/01/17 19:07:30 [node3] Received Heartbeat from node2 term 320
2026/01/17 19:07:30 [node3] Received Heartbeat from node2 term 320
2026/01/17 19:07:30 [node3] Received Heartbeat from node2 term 320
2026/01/17 19:07:30 [node3] Received Heartbeat from node1 term 321
2026/01/17 19:07:30 [node3] Received Heartbeat from node1 term 321
2026/01/17 19:07:30 [node3] Won election! Becoming Leader for term 322
2026/01/17 19:07:31 [node3] Received Heartbeat from node1 term 324
2026/01/17 19:07:32 [node3] Received Heartbeat from node1 term 324
2026/01/17 19:07:32 [node3] Received Heartbeat from node1 term 324
2026/01/17 19:07:32 [node3] Received Heartbeat from node1 term 324
2026/01/17 19:07:32 [node3] Received Heartbeat from node1 term 324
2026/01/17 19:07:32 [node3] Received Heartbeat from node1 term 324
2026/01/17 19:07:32 [node3] Received Heartbeat from node1 term 324
2026/01/17 19:07:33 [node3] Won election! Becoming Leader for term 326
2026/01/17 19:07:34 [node3] Received Heartbeat from node1 term 327
2026/01/17 19:07:34 [node3] Received Heartbeat from node1 term 327
2026/01/17 19:07:34 [node3] Received Heartbeat from node2 term 328
2026/01/17 19:07:34 [node3] Received Heartbeat from node2 term 328
2026/01/17 19:07:34 [node3] Received Heartbeat from node2 term 328
2026/01/17 19:07:35 [node3] Received Heartbeat from node2 term 328
2026/01/17 19:07:35 [node3] Won election! Becoming Leader for term 329
2026/01/17 19:07:35 [node3] Received Heartbeat from node2 term 329
2026/01/17 19:07:35 [node3] Received Heartbeat from node1 term 330
2026/01/17 19:07:35 [node3] Received Heartbeat from node1 term 330
2026/01/17 19:07:36 [node3] Received Heartbeat from node1 term 330
2026/01/17 19:07:36 [node3] Received Heartbeat from node1 term 330
2026/01/17 19:07:36 [node3] Won election! Becoming Leader for term 331
2026/01/17 19:07:36 [node3] Received Heartbeat from node2 term 332
2026/01/17 19:07:36 [node3] Received Heartbeat from node2 term 332
2026/01/17 19:07:36 [node3] Received Heartbeat from node2 term 332
2026/01/17 19:07:37 [node3] Received Heartbeat from node2 term 332
2026/01/17 19:07:37 [node3] Received Heartbeat from node2 term 332
2026/01/17 19:07:37 [node3] Received Heartbeat from node1 term 333
2026/01/17 19:07:37 [node3] Received Heartbeat from node1 term 333
2026/01/17 19:07:37 [node3] Received Heartbeat from node1 term 333
2026/01/17 19:07:37 [node3] Won election! Becoming Leader for term 334
2026/01/17 19:07:38 [node3] Received Heartbeat from node2 term 335
2026/01/17 19:07:39 [node3] Received Heartbeat from node2 term 335
2026/01/17 19:07:39 [node3] Received Heartbeat from node2 term 335
2026/01/17 19:07:39 [node3] Received Heartbeat from node2 term 335
2026/01/17 19:07:39 [node3] Received Heartbeat from node1 term 336
2026/01/17 19:07:39 [node3] Received Heartbeat from node1 term 336
2026/01/17 19:07:39 [node3] Received Heartbeat from node1 term 336
2026/01/17 19:07:40 [node3] Received Heartbeat from node1 term 336
2026/01/17 19:07:40 [node3] Received Heartbeat from node1 term 336
2026/01/17 19:07:40 [node3] Won election! Becoming Leader for term 337
2026/01/17 19:07:40 [node3] Received Heartbeat from node2 term 338
2026/01/17 19:07:40 [node3] Received Heartbeat from node2 term 338
2026/01/17 19:07:40 [node3] Received Heartbeat from node2 term 338
2026/01/17 19:07:41 [node3] Received Heartbeat from node2 term 338
2026/01/17 19:07:41 [node3] Received Heartbeat from node2 term 338
2026/01/17 19:07:41 [node3] Received Heartbeat from node2 term 338
2026/01/17 19:07:41 [node3] Received Heartbeat from node2 term 338
2026/01/17 19:07:41 [node3] Received Heartbeat from node1 term 339
2026/01/17 19:07:41 [node3] Received Heartbeat from node1 term 339
2026/01/17 19:07:41 [node3] Won election! Becoming Leader for term 340
2026/01/17 19:07:43 [node3] Received Heartbeat from node2 term 341
2026/01/17 19:07:43 [node3] Received Heartbeat from node2 term 341
2026/01/17 19:07:43 [node3] Received Heartbeat from node1 term 342
2026/01/17 19:07:43 [node3] Received Heartbeat from node1 term 342
2026/01/17 19:07:43 [node3] Received Heartbeat from node1 term 342
2026/01/17 19:07:43 [node3] Received Heartbeat from node1 term 342
2026/01/17 19:07:44 [node3] Received Heartbeat from node1 term 342
2026/01/17 19:07:44 [node3] Received Heartbeat from node1 term 342
2026/01/17 19:07:44 [node3] Won election! Becoming Leader for term 343
2026/01/17 19:07:44 [node3] Received Heartbeat from node2 term 344
2026/01/17 19:07:44 [node3] Received Heartbeat from node2 term 344
2026/01/17 19:07:44 [node3] Received Heartbeat from node2 term 344
2026/01/17 19:07:45 [node3] Received Heartbeat from node2 term 344
2026/01/17 19:07:45 [node3] Received Heartbeat from node2 term 344
2026/01/17 19:07:45 [node3] Received Heartbeat from node2 term 344
2026/01/17 19:07:45 [node3] Received Heartbeat from node2 term 344
2026/01/17 19:07:45 [node3] Received Heartbeat from node2 term 344
2026/01/17 19:07:45 [node3] Won election! Becoming Leader for term 346
2026/01/17 19:07:46 [node3] Received Heartbeat from node2 term 347
2026/01/17 19:07:47 [node3] Received Heartbeat from node1 term 348
2026/01/17 19:07:47 [node3] Received Heartbeat from node1 term 348
2026/01/17 19:07:47 [node3] Received Heartbeat from node1 term 348
2026/01/17 19:07:47 [node3] Received Heartbeat from node1 term 348
2026/01/17 19:07:47 [node3] Received Heartbeat from node1 term 348
2026/01/17 19:07:47 [node3] Received Heartbeat from node1 term 348
2026/01/17 19:07:47 [node3] Won election! Becoming Leader for term 349
2026/01/17 19:07:48 [node3] Received Heartbeat from node2 term 350
2026/01/17 19:07:48 [node3] Received Heartbeat from node2 term 350
2026/01/17 19:07:48 [node3] Received Heartbeat from node2 term 350
2026/01/17 19:07:48 [node3] Received Heartbeat from node2 term 350
2026/01/17 19:07:49 [node3] Received Heartbeat from node2 term 350
2026/01/17 19:07:49 [node3] Received Heartbeat from node1 term 351
2026/01/17 19:07:49 [node3] Received Heartbeat from node1 term 351
2026/01/17 19:07:49 [node3] Received Heartbeat from node1 term 351
2026/01/17 19:07:49 [node3] Won election! Becoming Leader for term 352
2026/01/17 19:07:50 [node3] Received Heartbeat from node2 term 353
2026/01/17 19:07:50 [node3] Received Heartbeat from node2 term 353
2026/01/17 19:07:50 [node3] Received Heartbeat from node1 term 354
2026/01/17 19:07:51 [node3] Received Heartbeat from node1 term 354
2026/01/17 19:07:51 [node3] Received Heartbeat from node1 term 354
2026/01/17 19:07:51 [node3] Received Heartbeat from node1 term 354
2026/01/17 19:07:51 [node3] Received Heartbeat from node1 term 354
2026/01/17 19:07:51 [node3] Received Heartbeat from node1 term 354
2026/01/17 19:07:51 [node3] Won election! Becoming Leader for term 355
2026/01/17 19:07:52 [node3] Received Heartbeat from node2 term 356
2026/01/17 19:07:52 [node3] Received Heartbeat from node2 term 356
2026/01/17 19:07:52 [node3] Received Heartbeat from node2 term 356
2026/01/17 19:07:52 [node3] Received Heartbeat from node2 term 356
2026/01/17 19:07:53 [node3] Received Heartbeat from node2 term 356
2026/01/17 19:07:53 [node3] Received Heartbeat from node1 term 357
2026/01/17 19:07:53 [node3] Received Heartbeat from node1 term 357
2026/01/17 19:07:53 [node3] Received Heartbeat from node1 term 357
2026/01/17 19:07:53 [node3] Won election! Becoming Leader for term 358
2026/01/17 19:07:54 [node3] Received Heartbeat from node2 term 359
2026/01/17 19:07:54 [node3] Received Heartbeat from node1 term 360
2026/01/17 19:07:55 [node3] Received Heartbeat from node1 term 360
2026/01/17 19:07:55 [node3] Received Heartbeat from node1 term 360
2026/01/17 19:07:55 [node3] Received Heartbeat from node1 term 360
2026/01/17 19:07:55 [node3] Received Heartbeat from node1 term 360
2026/01/17 19:07:55 [node3] Received Heartbeat from node1 term 360
2026/01/17 19:07:55 [node3] Received Heartbeat from node1 term 360
2026/01/17 19:07:55 [node3] Won election! Becoming Leader for term 361
2026/01/17 19:07:55 [node3] Received Heartbeat from node1 term 361
2026/01/17 19:07:56 [node3] Received Heartbeat from node2 term 362
2026/01/17 19:07:56 [node3] Received Heartbeat from node2 term 362
2026/01/17 19:07:56 [node3] Received Heartbeat from node2 term 362
2026/01/17 19:07:56 [node3] Received Heartbeat from node2 term 362
2026/01/17 19:07:57 [node3] Received Heartbeat from node2 term 362
2026/01/17 19:07:57 [node3] Received Heartbeat from node1 term 363
2026/01/17 19:07:57 [node3] Won election! Becoming Leader for term 364
2026/01/17 19:07:58 [node3] Received Heartbeat from node2 term 365
2026/01/17 19:07:58 [node3] Received Heartbeat from node2 term 365
2026/01/17 19:07:58 [node3] Received Heartbeat from node2 term 365
2026/01/17 19:07:58 [node3] Received Heartbeat from node1 term 366
2026/01/17 19:07:59 [node3] Received Heartbeat from node1 term 366
2026/01/17 19:07:59 [node3] Received Heartbeat from node1 term 366
2026/01/17 19:07:59 [node3] Received Heartbeat from node1 term 366
2026/01/17 19:07:59 [node3] Received Heartbeat from node1 term 366
2026/01/17 19:07:59 [node3] Won election! Becoming Leader for term 367
2026/01/17 19:08:00 [node3] Received Heartbeat from node2 term 368
2026/01/17 19:08:00 [node3] Received Heartbeat from node2 term 368
2026/01/17 19:08:00 [node3] Received Heartbeat from node2 term 368
2026/01/17 19:08:00 [node3] Received Heartbeat from node2 term 368
2026/01/17 19:08:00 [node3] Received Heartbeat from node1 term 369
2026/01/17 19:08:00 [node3] Received Heartbeat from node1 term 369
2026/01/17 19:08:01 [node3] Received Heartbeat from node1 term 369
2026/01/17 19:08:01 [node3] Won election! Becoming Leader for term 370
2026/01/17 19:08:01 [node3] Received Heartbeat from node2 term 371
2026/01/17 19:08:02 [node3] Received Heartbeat from node2 term 371
2026/01/17 19:08:02 [node3] Received Heartbeat from node2 term 371
2026/01/17 19:08:02 [node3] Received Heartbeat from node2 term 371
2026/01/17 19:08:02 [node3] Received Heartbeat from node2 term 371
2026/01/17 19:08:02 [node3] Received Heartbeat from node1 term 372
2026/01/17 19:08:02 [node3] Won election! Becoming Leader for term 373
2026/01/17 19:08:04 [node3] Received Heartbeat from node2 term 374
2026/01/17 19:08:04 [node3] Received Heartbeat from node2 term 374
2026/01/17 19:08:04 [node3] Received Heartbeat from node1 term 375
2026/01/17 19:08:04 [node3] Received Heartbeat from node1 term 375
2026/01/17 19:08:04 [node3] Received Heartbeat from node1 term 375
2026/01/17 19:08:04 [node3] Received Heartbeat from node1 term 375
2026/01/17 19:08:04 [node3] Received Heartbeat from node1 term 375
2026/01/17 19:08:05 [node3] Received Heartbeat from node1 term 375
2026/01/17 19:08:05 [node3] Won election! Becoming Leader for term 377
2026/01/17 19:08:06 [node3] Received Heartbeat from node2 term 379
2026/01/17 19:08:06 [node3] Received Heartbeat from node2 term 379
2026/01/17 19:08:07 [node3] Received Heartbeat from node2 term 379
2026/01/17 19:08:07 [node3] Received Heartbeat from node2 term 379
2026/01/17 19:08:07 [node3] Received Heartbeat from node2 term 379
2026/01/17 19:08:07 [node3] Received Heartbeat from node2 term 379
2026/01/17 19:08:07 [node3] Won election! Becoming Leader for term 380
2026/01/17 19:08:07 [node3] Received Heartbeat from node1 term 381
2026/01/17 19:08:08 [node3] Received Heartbeat from node1 term 381
2026/01/17 19:08:08 [node3] Received Heartbeat from node1 term 381
2026/01/17 19:08:08 [node3] Received Heartbeat from node1 term 381
2026/01/17 19:08:08 [node3] Received Heartbeat from node1 term 381
2026/01/17 19:08:08 [node3] Received Heartbeat from node2 term 382
2026/01/17 19:08:09 [node3] Received Heartbeat from node2 term 382
2026/01/17 19:08:09 [node3] Won election! Becoming Leader for term 383
2026/01/17 19:08:09 [node3] Received Heartbeat from node1 term 384
2026/01/17 19:08:10 [node3] Received Heartbeat from node2 term 385
2026/01/17 19:08:10 [node3] Received Heartbeat from node2 term 385
2026/01/17 19:08:10 [node3] Received Heartbeat from node2 term 385
2026/01/17 19:08:10 [node3] Received Heartbeat from node2 term 385
2026/01/17 19:08:10 [node3] Received Heartbeat from node2 term 385
2026/01/17 19:08:11 [node3] Received Heartbeat from node2 term 385
2026/01/17 19:08:11 [node3] Received Heartbeat from node2 term 385
2026/01/17 19:08:11 [node3] Won election! Becoming Leader for term 386
2026/01/17 19:08:11 [node3] Received Heartbeat from node2 term 386
2026/01/17 19:08:11 [node3] Received Heartbeat from node1 term 387
2026/01/17 19:08:11 [node3] Received Heartbeat from node1 term 387
2026/01/17 19:08:12 [node3] Received Heartbeat from node1 term 387
2026/01/17 19:08:12 [node3] Received Heartbeat from node1 term 387
2026/01/17 19:08:12 [node3] Received Heartbeat from node1 term 387
2026/01/17 19:08:12 [node3] Won election! Becoming Leader for term 388
2026/01/17 19:08:12 [node3] Received Heartbeat from node2 term 389
2026/01/17 19:08:12 [node3] Received Heartbeat from node2 term 389
2026/01/17 19:08:12 [node3] Received Heartbeat from node2 term 389
2026/01/17 19:08:13 [node3] Received Heartbeat from node2 term 389
2026/01/17 19:08:13 [node3] Received Heartbeat from node2 term 389
2026/01/17 19:08:13 [node3] Received Heartbeat from node2 term 389
2026/01/17 19:08:13 [node3] Received Heartbeat from node2 term 389
2026/01/17 19:08:13 [node3] Received Heartbeat from node2 term 389
2026/01/17 19:08:13 [node3] Won election! Becoming Leader for term 391
2026/01/17 19:08:14 [node3] Received Heartbeat from node2 term 392
2026/01/17 19:08:15 [node3] Received Heartbeat from node1 term 393
2026/01/17 19:08:15 [node3] Received Heartbeat from node1 term 393
2026/01/17 19:08:15 [node3] Received Heartbeat from node1 term 393
2026/01/17 19:08:15 [node3] Received Heartbeat from node1 term 393
2026/01/17 19:08:15 [node3] Received Heartbeat from node1 term 393
2026/01/17 19:08:15 [node3] Received Heartbeat from node1 term 393
2026/01/17 19:08:15 [node3] Won election! Becoming Leader for term 394
2026/01/17 19:08:16 [node3] Received Heartbeat from node2 term 395
2026/01/17 19:08:16 [node3] Received Heartbeat from node2 term 395
2026/01/17 19:08:16 [node3] Received Heartbeat from node2 term 395
2026/01/17 19:08:16 [node3] Received Heartbeat from node2 term 395
2026/01/17 19:08:16 [node3] Received Heartbeat from node2 term 395
2026/01/17 19:08:17 [node3] Received Heartbeat from node1 term 396
2026/01/17 19:08:17 [node3] Won election! Becoming Leader for term 397
2026/01/17 19:08:18 [node3] Received Heartbeat from node1 term 399
2026/01/17 19:08:18 [node3] Received Heartbeat from node1 term 399
2026/01/17 19:08:19 [node3] Received Heartbeat from node1 term 399
2026/01/17 19:08:19 [node3] Received Heartbeat from node1 term 399
2026/01/17 19:08:19 [node3] Received Heartbeat from node1 term 399
2026/01/17 19:08:19 [node3] Received Heartbeat from node1 term 399
2026/01/17 19:08:19 [node3] Received Heartbeat from node1 term 399
2026/01/17 19:08:19 [node3] Won election! Becoming Leader for term 400
2026/01/17 19:08:19 [node3] Received Heartbeat from node1 term 400
2026/01/17 19:08:20 [node3] Received Heartbeat from node2 term 401
2026/01/17 19:08:20 [node3] Received Heartbeat from node2 term 401
2026/01/17 19:08:20 [node3] Received Heartbeat from node2 term 401
2026/01/17 19:08:20 [node3] Received Heartbeat from node2 term 401
2026/01/17 19:08:20 [node3] Received Heartbeat from node2 term 401
2026/01/17 19:08:20 [node3] Received Heartbeat from node2 term 401
2026/01/17 19:08:21 [node3] Received Heartbeat from node2 term 401
2026/01/17 19:08:21 [node3] Won election! Becoming Leader for term 402
2026/01/17 19:08:21 [node3] Received Heartbeat from node1 term 403
2026/01/17 19:08:21 [node3] Received Heartbeat from node1 term 403
2026/01/17 19:08:21 [node3] Received Heartbeat from node1 term 403
2026/01/17 19:08:21 [node3] Received Heartbeat from node1 term 403
2026/01/17 19:08:22 [node3] Received Heartbeat from node1 term 403
2026/01/17 19:08:22 [node3] Received Heartbeat from node1 term 403
2026/01/17 19:08:22 [node3] Received Heartbeat from node1 term 403
2026/01/17 19:08:22 [node3] Received Heartbeat from node1 term 403
2026/01/17 19:08:22 [node3] Won election! Becoming Leader for term 404
2026/01/17 19:08:22 [node3] Received Heartbeat from node2 term 405
2026/01/17 19:08:22 [node3] Received Heartbeat from node2 term 405
2026/01/17 19:08:23 [node3] Received Heartbeat from node2 term 405
2026/01/17 19:08:23 [node3] Received Heartbeat from node2 term 405
2026/01/17 19:08:23 [node3] Received Heartbeat from node2 term 405
2026/01/17 19:08:23 [node3] Received Heartbeat from node2 term 405
2026/01/17 19:08:23 [node3] Received Heartbeat from node2 term 405
2026/01/17 19:08:23 [node3] Won election! Becoming Leader for term 406
2026/01/17 19:08:24 [node3] Received Heartbeat from node1 term 407
2026/01/17 19:08:24 [node3] Received Heartbeat from node1 term 407
2026/01/17 19:08:24 [node3] Received Heartbeat from node1 term 407
2026/01/17 19:08:24 [node3] Received Heartbeat from node1 term 407
2026/01/17 19:08:24 [node3] Received Heartbeat from node1 term 407
2026/01/17 19:08:24 [node3] Received Heartbeat from node1 term 407
2026/01/17 19:08:24 [node3] Received Heartbeat from node1 term 407
2026/01/17 19:08:25 [node3] Won election! Becoming Leader for term 409
2026/01/17 19:08:26 [node3] Received Heartbeat from node2 term 410
2026/01/17 19:08:26 [node3] Received Heartbeat from node1 term 411
2026/01/17 19:08:26 [node3] Received Heartbeat from node1 term 411
2026/01/17 19:08:26 [node3] Received Heartbeat from node1 term 411
2026/01/17 19:08:27 [node3] Received Heartbeat from node1 term 411
2026/01/17 19:08:27 [node3] Received Heartbeat from node1 term 411
2026/01/17 19:08:27 [node3] Received Heartbeat from node1 term 411
2026/01/17 19:08:27 [node3] Received Heartbeat from node1 term 411
2026/01/17 19:08:27 [node3] Won election! Becoming Leader for term 412
2026/01/17 19:08:27 [node3] Received Heartbeat from node2 term 413
2026/01/17 19:08:28 [node3] Received Heartbeat from node2 term 413
2026/01/17 19:08:28 [node3] Received Heartbeat from node2 term 413
2026/01/17 19:08:28 [node3] Received Heartbeat from node2 term 413
2026/01/17 19:08:28 [node3] Received Heartbeat from node2 term 413
2026/01/17 19:08:28 [node3] Received Heartbeat from node1 term 414
2026/01/17 19:08:28 [node3] Received Heartbeat from node1 term 414
2026/01/17 19:08:29 [node3] Received Heartbeat from node1 term 414
2026/01/17 19:08:29 [node3] Won election! Becoming Leader for term 415
2026/01/17 19:08:30 [node3] Received Heartbeat from node2 term 416
2026/01/17 19:08:30 [node3] Received Heartbeat from node2 term 416
2026/01/17 19:08:30 [node3] Received Heartbeat from node1 term 417
2026/01/17 19:08:30 [node3] Received Heartbeat from node1 term 417
2026/01/17 19:08:30 [node3] Received Heartbeat from node1 term 417
2026/01/17 19:08:30 [node3] Received Heartbeat from node1 term 417
2026/01/17 19:08:31 [node3] Received Heartbeat from node1 term 417
2026/01/17 19:08:31 [node3] Received Heartbeat from node1 term 417
2026/01/17 19:08:31 [node3] Won election! Becoming Leader for term 418
2026/01/17 19:08:31 [node3] Received Heartbeat from node2 term 419
2026/01/17 19:08:31 [node3] Received Heartbeat from node2 term 419
2026/01/17 19:08:31 [node3] Received Heartbeat from node2 term 419
2026/01/17 19:08:32 [node3] Received Heartbeat from node2 term 419
2026/01/17 19:08:32 [node3] Received Heartbeat from node2 term 419
2026/01/17 19:08:32 [node3] Received Heartbeat from node2 term 419
2026/01/17 19:08:32 [node3] Won election! Becoming Leader for term 420
2026/01/17 19:08:32 [node3] Received Heartbeat from node1 term 421
2026/01/17 19:08:32 [node3] Received Heartbeat from node1 term 421
2026/01/17 19:08:33 [node3] Received Heartbeat from node1 term 421
2026/01/17 19:08:33 [node3] Received Heartbeat from node1 term 421
2026/01/17 19:08:33 [node3] Received Heartbeat from node1 term 421
2026/01/17 19:08:33 [node3] Received Heartbeat from node1 term 421
2026/01/17 19:08:33 [node3] Received Heartbeat from node1 term 421
2026/01/17 19:08:33 [node3] Won election! Becoming Leader for term 423
2026/01/17 19:08:35 [node3] Received Heartbeat from node2 term 425
2026/01/17 19:08:35 [node3] Received Heartbeat from node2 term 425
2026/01/17 19:08:35 [node3] Received Heartbeat from node2 term 425
2026/01/17 19:08:35 [node3] Received Heartbeat from node2 term 425
2026/01/17 19:08:35 [node3] Received Heartbeat from node2 term 425
2026/01/17 19:08:35 [node3] Received Heartbeat from node2 term 425
2026/01/17 19:08:36 [node3] Won election! Becoming Leader for term 426
2026/01/17 19:08:36 [node3] Received Heartbeat from node1 term 427
2026/01/17 19:08:36 [node3] Received Heartbeat from node1 term 427
2026/01/17 19:08:36 [node3] Received Heartbeat from node1 term 427
2026/01/17 19:08:37 [node3] Received Heartbeat from node1 term 427
2026/01/17 19:08:37 [node3] Received Heartbeat from node1 term 427
2026/01/17 19:08:37 [node3] Received Heartbeat from node2 term 428
2026/01/17 19:08:37 [node3] Won election! Becoming Leader for term 429
2026/01/17 19:08:38 [node3] Received Heartbeat from node1 term 430
2026/01/17 19:08:38 [node3] Received Heartbeat from node1 term 430
2026/01/17 19:08:38 [node3] Received Heartbeat from node2 term 431
2026/01/17 19:08:39 [node3] Received Heartbeat from node2 term 431
2026/01/17 19:08:39 [node3] Received Heartbeat from node2 term 431
2026/01/17 19:08:39 [node3] Received Heartbeat from node2 term 431
2026/01/17 19:08:39 [node3] Received Heartbeat from node2 term 431
2026/01/17 19:08:39 [node3] Received Heartbeat from node2 term 431
2026/01/17 19:08:39 [node3] Received Heartbeat from node2 term 431
2026/01/17 19:08:39 [node3] Won election! Becoming Leader for term 432
2026/01/17 19:08:40 [node3] Received Heartbeat from node1 term 433
2026/01/17 19:08:40 [node3] Received Heartbeat from node1 term 433
2026/01/17 19:08:40 [node3] Received Heartbeat from node1 term 433
2026/01/17 19:08:40 [node3] Received Heartbeat from node1 term 433
2026/01/17 19:08:40 [node3] Received Heartbeat from node1 term 433
2026/01/17 19:08:41 [node3] Received Heartbeat from node1 term 433
2026/01/17 19:08:41 [node3] Won election! Becoming Leader for term 435
2026/01/17 19:08:42 [node3] Received Heartbeat from node1 term 436
2026/01/17 19:08:42 [node3] Received Heartbeat from node2 term 437
2026/01/17 19:08:42 [node3] Received Heartbeat from node2 term 437
2026/01/17 19:08:43 [node3] Received Heartbeat from node2 term 437
2026/01/17 19:08:43 [node3] Received Heartbeat from node2 term 437
2026/01/17 19:08:43 [node3] Received Heartbeat from node2 term 437
2026/01/17 19:08:43 [node3] Received Heartbeat from node2 term 437
2026/01/17 19:08:43 [node3] Received Heartbeat from node2 term 437
2026/01/17 19:08:43 [node3] Won election! Becoming Leader for term 439
2026/01/17 19:08:45 [node3] Received Heartbeat from node2 term 440
2026/01/17 19:08:45 [node3] Received Heartbeat from node1 term 441
2026/01/17 19:08:45 [node3] Received Heartbeat from node1 term 441
2026/01/17 19:08:45 [node3] Received Heartbeat from node1 term 441
2026/01/17 19:08:45 [node3] Received Heartbeat from node1 term 441
2026/01/17 19:08:45 [node3] Received Heartbeat from node1 term 441
2026/01/17 19:08:45 [node3] Won election! Becoming Leader for term 442
2026/01/17 19:08:46 [node3] Received Heartbeat from node2 term 443
2026/01/17 19:08:46 [node3] Received Heartbeat from node2 term 443
2026/01/17 19:08:46 [node3] Received Heartbeat from node2 term 443
2026/01/17 19:08:47 [node3] Received Heartbeat from node2 term 443
2026/01/17 19:08:47 [node3] Received Heartbeat from node1 term 444
2026/01/17 19:08:47 [node3] Received Heartbeat from node1 term 444
2026/01/17 19:08:47 [node3] Received Heartbeat from node1 term 444
2026/01/17 19:08:47 [node3] Received Heartbeat from node1 term 444
2026/01/17 19:08:47 [node3] Won election! Becoming Leader for term 445
2026/01/17 19:08:48 [node3] Received Heartbeat from node2 term 446
2026/01/17 19:08:48 [node3] Received Heartbeat from node2 term 446
2026/01/17 19:08:48 [node3] Received Heartbeat from node2 term 446
2026/01/17 19:08:48 [node3] Received Heartbeat from node2 term 446
2026/01/17 19:08:49 [node3] Received Heartbeat from node1 term 447
2026/01/17 19:08:49 [node3] Received Heartbeat from node1 term 447
2026/01/17 19:08:49 [node3] Won election! Becoming Leader for term 448
2026/01/17 19:08:50 [node3] Received Heartbeat from node2 term 449
2026/01/17 19:08:50 [node3] Received Heartbeat from node2 term 449
2026/01/17 19:08:50 [node3] Received Heartbeat from node2 term 449
2026/01/17 19:08:50 [node3] Received Heartbeat from node2 term 449
2026/01/17 19:08:51 [node3] Received Heartbeat from node1 term 450
2026/01/17 19:08:51 [node3] Received Heartbeat from node1 term 450
2026/01/17 19:08:51 [node3] Received Heartbeat from node1 term 450
2026/01/17 19:08:51 [node3] Won election! Becoming Leader for term 451
2026/01/17 19:08:52 [node3] Received Heartbeat from node2 term 452
2026/01/17 19:08:52 [node3] Received Heartbeat from node2 term 452
2026/01/17 19:08:52 [node3] Received Heartbeat from node2 term 452
2026/01/17 19:08:52 [node3] Received Heartbeat from node2 term 452
2026/01/17 19:08:52 [node3] Received Heartbeat from node2 term 452
2026/01/17 19:08:52 [node3] Received Heartbeat from node1 term 453
2026/01/17 19:08:53 [node3] Won election! Becoming Leader for term 454
2026/01/17 19:08:54 [node3] Received Heartbeat from node2 term 456
2026/01/17 19:08:55 [node3] Won election! Becoming Leader for term 458
2026/01/17 19:08:55 [node3] Received Heartbeat from node2 term 459
2026/01/17 19:08:55 [node3] Received Heartbeat from node2 term 459
2026/01/17 19:08:56 [node3] Received Heartbeat from node2 term 459
2026/01/17 19:08:56 [node3] Received Heartbeat from node2 term 459
2026/01/17 19:08:56 [node3] Received Heartbeat from node1 term 460
2026/01/17 19:08:56 [node3] Received Heartbeat from node1 term 460
2026/01/17 19:08:56 [node3] Received Heartbeat from node1 term 460
2026/01/17 19:08:56 [node3] Received Heartbeat from node1 term 460
2026/01/17 19:08:57 [node3] Won election! Becoming Leader for term 461
2026/01/17 19:08:57 [node3] Received Heartbeat from node1 term 461
2026/01/17 19:08:57 [node3] Received Heartbeat from node2 term 462
2026/01/17 19:08:58 [node3] Received Heartbeat from node2 term 462
2026/01/17 19:08:58 [node3] Received Heartbeat from node2 term 462
2026/01/17 19:08:58 [node3] Received Heartbeat from node1 term 463
2026/01/17 19:08:58 [node3] Won election! Becoming Leader for term 464
2026/01/17 19:08:59 [node3] Received Heartbeat from node2 term 465
2026/01/17 19:08:59 [node3] Received Heartbeat from node2 term 465
2026/01/17 19:09:00 [node3] Received Heartbeat from node1 term 466
2026/01/17 19:09:00 [node3] Received Heartbeat from node1 term 466
2026/01/17 19:09:00 [node3] Received Heartbeat from node1 term 466
2026/01/17 19:09:00 [node3] Received Heartbeat from node1 term 466
2026/01/17 19:09:00 [node3] Received Heartbeat from node1 term 466
2026/01/17 19:09:00 [node3] Received Heartbeat from node1 term 466
2026/01/17 19:09:01 [node3] Won election! Becoming Leader for term 467
2026/01/17 19:09:01 [node3] Received Heartbeat from node2 term 468
2026/01/17 19:09:01 [node3] Received Heartbeat from node2 term 468
2026/01/17 19:09:01 [node3] Received Heartbeat from node2 term 468
2026/01/17 19:09:01 [node3] Received Heartbeat from node2 term 468
2026/01/17 19:09:01 [node3] Received Heartbeat from node2 term 468
2026/01/17 19:09:01 [node3] Received Heartbeat from node2 term 468
2026/01/17 19:09:02 [node3] Won election! Becoming Leader for term 469
2026/01/17 19:09:02 [node3] Received Heartbeat from node1 term 470
2026/01/17 19:09:02 [node3] Received Heartbeat from node1 term 470
2026/01/17 19:09:02 [node3] Received Heartbeat from node1 term 470
2026/01/17 19:09:02 [node3] Received Heartbeat from node1 term 470
2026/01/17 19:09:03 [node3] Received Heartbeat from node1 term 470
2026/01/17 19:09:03 [node3] Received Heartbeat from node1 term 470
2026/01/17 19:09:03 [node3] Received Heartbeat from node1 term 470
2026/01/17 19:09:03 [node3] Won election! Becoming Leader for term 471
2026/01/17 19:09:03 [node3] Received Heartbeat from node2 term 472
2026/01/17 19:09:03 [node3] Received Heartbeat from node2 term 472
2026/01/17 19:09:04 [node3] Received Heartbeat from node2 term 472
2026/01/17 19:09:04 [node3] Received Heartbeat from node2 term 472
2026/01/17 19:09:04 [node3] Received Heartbeat from node2 term 472
2026/01/17 19:09:04 [node3] Received Heartbeat from node2 term 472
2026/01/17 19:09:04 [node3] Received Heartbeat from node2 term 472
2026/01/17 19:09:04 [node3] Received Heartbeat from node1 term 473
2026/01/17 19:09:05 [node3] Received Heartbeat from node1 term 473
2026/01/17 19:09:05 [node3] Won election! Becoming Leader for term 474
2026/01/17 19:09:06 [node3] Received Heartbeat from node2 term 475
2026/01/17 19:09:06 [node3] Received Heartbeat from node2 term 475
2026/01/17 19:09:06 [node3] Received Heartbeat from node1 term 476
2026/01/17 19:09:06 [node3] Received Heartbeat from node1 term 476
2026/01/17 19:09:06 [node3] Received Heartbeat from node1 term 476
2026/01/17 19:09:06 [node3] Received Heartbeat from node1 term 476
2026/01/17 19:09:07 [node3] Received Heartbeat from node1 term 476
2026/01/17 19:09:07 [node3] Received Heartbeat from node1 term 476
2026/01/17 19:09:07 [node3] Won election! Becoming Leader for term 477
2026/01/17 19:09:07 [node3] Received Heartbeat from node2 term 478
2026/01/17 19:09:07 [node3] Received Heartbeat from node2 term 478
2026/01/17 19:09:08 [node3] Received Heartbeat from node2 term 478
2026/01/17 19:09:08 [node3] Received Heartbeat from node2 term 478
2026/01/17 19:09:08 [node3] Received Heartbeat from node2 term 478
2026/01/17 19:09:08 [node3] Received Heartbeat from node1 term 479
2026/01/17 19:09:08 [node3] Won election! Becoming Leader for term 480
2026/01/17 19:09:08 [node3] Received Heartbeat from node1 term 480
2026/01/17 19:09:09 [node3] Election timeout, becoming Candidate
2026/01/17 19:09:09 [node3] Won election! Becoming Leader for term 481
2026/01/17 19:09:09 [node3] Received Heartbeat from node2 term 482
2026/01/17 19:09:09 [node3] Received Heartbeat from node1 term 483
2026/01/17 19:09:10 [node3] Received Heartbeat from node1 term 483
2026/01/17 19:09:10 [node3] Received Heartbeat from node1 term 483
2026/01/17 19:09:10 [node3] Received Heartbeat from node1 term 483
2026/01/17 19:09:10 [node3] Received Heartbeat from node1 term 483
2026/01/17 19:09:10 [node3] Received Heartbeat from node1 term 483
2026/01/17 19:09:10 [node3] Won election! Becoming Leader for term 484
2026/01/17 19:09:11 [node3] Received Heartbeat from node2 term 485
2026/01/17 19:09:11 [node3] Received Heartbeat from node2 term 485
2026/01/17 19:09:11 [node3] Received Heartbeat from node2 term 485
2026/01/17 19:09:11 [node3] Received Heartbeat from node2 term 485
2026/01/17 19:09:12 [node3] Received Heartbeat from node1 term 486
2026/01/17 19:09:12 [node3] Received Heartbeat from node1 term 486
2026/01/17 19:09:12 [node3] Received Heartbeat from node1 term 486
2026/01/17 19:09:12 [node3] Won election! Becoming Leader for term 487
2026/01/17 19:09:13 [node3] Received Heartbeat from node2 term 488
2026/01/17 19:09:13 [node3] Received Heartbeat from node2 term 488
2026/01/17 19:09:13 [node3] Received Heartbeat from node2 term 488
2026/01/17 19:09:13 [node3] Received Heartbeat from node2 term 488
2026/01/17 19:09:14 [node3] Received Heartbeat from node1 term 489
2026/01/17 19:09:14 [node3] Received Heartbeat from node1 term 489
2026/01/17 19:09:14 [node3] Won election! Becoming Leader for term 490
2026/01/17 19:09:15 [node3] Received Heartbeat from node1 term 492
2026/01/17 19:09:15 [node3] Received Heartbeat from node1 term 492
2026/01/17 19:09:15 [node3] Received Heartbeat from node1 term 492
2026/01/17 19:09:16 [node3] Received Heartbeat from node1 term 492
2026/01/17 19:09:16 [node3] Received Heartbeat from node1 term 492
2026/01/17 19:09:16 [node3] Received Heartbeat from node1 term 492
2026/01/17 19:09:16 [node3] Received Heartbeat from node1 term 492
2026/01/17 19:09:16 [node3] Received Heartbeat from node1 term 492
2026/01/17 19:09:16 [node3] Won election! Becoming Leader for term 494
2026/01/17 19:09:18 [node3] Received Heartbeat from node2 term 496
2026/01/17 19:09:18 [node3] Received Heartbeat from node2 term 496
2026/01/17 19:09:18 [node3] Received Heartbeat from node2 term 496
2026/01/17 19:09:18 [node3] Received Heartbeat from node2 term 496
2026/01/17 19:09:19 [node3] Received Heartbeat from node2 term 496
2026/01/17 19:09:19 [node3] Received Heartbeat from node2 term 496
2026/01/17 19:09:19 [node3] Received Heartbeat from node2 term 496
2026/01/17 19:09:19 [node3] Won election! Becoming Leader for term 497
2026/01/17 19:09:19 [node3] Received Heartbeat from node1 term 498
2026/01/17 19:09:19 [node3] Received Heartbeat from node1 term 498
2026/01/17 19:09:19 [node3] Received Heartbeat from node1 term 498
2026/01/17 19:09:20 [node3] Received Heartbeat from node1 term 498
