2026/01/17 19:04:15 gRPC server listening on :50052
2026/01/17 19:04:16 [node2] Election timeout, becoming Candidate
2026/01/17 19:04:16 [node2] Won election! Becoming Leader for term 1
2026/01/17 19:04:17 [node2] Received Heartbeat from node1 term 2
2026/01/17 19:04:17 [node2] Received Heartbeat from node3 term 3
2026/01/17 19:04:17 [node2] Received Heartbeat from node3 term 3
2026/01/17 19:04:17 [node2] Received Heartbeat from node3 term 3
2026/01/17 19:04:18 [node2] Received Heartbeat from node3 term 3
2026/01/17 19:04:18 [node2] Received Heartbeat from node3 term 3
2026/01/17 19:04:18 [node2] Received Heartbeat from node3 term 3
2026/01/17 19:04:18 [node2] Won election! Becoming Leader for term 4
2026/01/17 19:04:18 [node2] Received Heartbeat from node1 term 5
2026/01/17 19:04:19 [node2] Received Heartbeat from node1 term 5
2026/01/17 19:04:19 [node2] Received Heartbeat from node1 term 5
2026/01/17 19:04:19 [node2] Received Heartbeat from node1 term 5
2026/01/17 19:04:19 [node2] Received Heartbeat from node3 term 6
2026/01/17 19:04:19 [node2] Received Heartbeat from node3 term 6
2026/01/17 19:04:19 [node2] Won election! Becoming Leader for term 7
2026/01/17 19:04:21 [node2] Received Heartbeat from node1 term 8
2026/01/17 19:04:21 [node2] Received Heartbeat from node3 term 9
2026/01/17 19:04:21 [node2] Received Heartbeat from node3 term 9
2026/01/17 19:04:21 [node2] Received Heartbeat from node3 term 9
2026/01/17 19:04:21 [node2] Received Heartbeat from node3 term 9
2026/01/17 19:04:21 [node2] Received Heartbeat from node3 term 9
2026/01/17 19:04:21 [node2] Received Heartbeat from node3 term 9
2026/01/17 19:04:22 [node2] Received Heartbeat from node3 term 9
2026/01/17 19:04:22 [node2] Won election! Becoming Leader for term 10
2026/01/17 19:04:22 [node2] Received Heartbeat from node1 term 11
2026/01/17 19:04:22 [node2] Received Heartbeat from node1 term 11
2026/01/17 19:04:22 [node2] Received Heartbeat from node1 term 11
2026/01/17 19:04:22 [node2] Received Heartbeat from node1 term 11
2026/01/17 19:04:23 [node2] Received Heartbeat from node1 term 11
2026/01/17 19:04:23 [node2] Received Heartbeat from node1 term 11
2026/01/17 19:04:23 [node2] Received Heartbeat from node3 term 12
2026/01/17 19:04:23 [node2] Received Heartbeat from node3 term 12
2026/01/17 19:04:23 [node2] Received Heartbeat from node3 term 12
2026/01/17 19:04:23 [node2] Won election! Becoming Leader for term 13
2026/01/17 19:04:24 [node2] Received Heartbeat from node1 term 14
2026/01/17 19:04:24 [node2] Received Heartbeat from node1 term 14
2026/01/17 19:04:24 [node2] Received Heartbeat from node1 term 14
2026/01/17 19:04:25 [node2] Received Heartbeat from node1 term 14
2026/01/17 19:04:25 [node2] Received Heartbeat from node3 term 15
2026/01/17 19:04:25 [node2] Received Heartbeat from node3 term 15
2026/01/17 19:04:25 [node2] Received Heartbeat from node3 term 15
2026/01/17 19:04:25 [node2] Received Heartbeat from node3 term 15
2026/01/17 19:04:25 [node2] Received Heartbeat from node3 term 15
2026/01/17 19:04:25 [node2] Won election! Becoming Leader for term 16
2026/01/17 19:04:26 [node2] Received Heartbeat from node1 term 17
2026/01/17 19:04:26 [node2] Received Heartbeat from node1 term 17
2026/01/17 19:04:27 [node2] Received Heartbeat from node1 term 17
2026/01/17 19:04:27 [node2] Received Heartbeat from node3 term 18
2026/01/17 19:04:27 [node2] Received Heartbeat from node3 term 18
2026/01/17 19:04:27 [node2] Received Heartbeat from node3 term 18
2026/01/17 19:04:27 [node2] Received Heartbeat from node3 term 18
2026/01/17 19:04:27 [node2] Won election! Becoming Leader for term 19
2026/01/17 19:04:28 [node2] Received Heartbeat from node1 term 20
2026/01/17 19:04:28 [node2] Received Heartbeat from node1 term 20
2026/01/17 19:04:28 [node2] Received Heartbeat from node1 term 20
2026/01/17 19:04:28 [node2] Received Heartbeat from node1 term 20
2026/01/17 19:04:29 [node2] Received Heartbeat from node3 term 21
2026/01/17 19:04:29 [node2] Received Heartbeat from node3 term 21
2026/01/17 19:04:29 [node2] Received Heartbeat from node3 term 21
2026/01/17 19:04:29 [node2] Received Heartbeat from node3 term 21
2026/01/17 19:04:29 [node2] Won election! Becoming Leader for term 22
2026/01/17 19:04:30 [node2] Received Heartbeat from node1 term 23
2026/01/17 19:04:30 [node2] Received Heartbeat from node1 term 23
2026/01/17 19:04:30 [node2] Received Heartbeat from node1 term 23
2026/01/17 19:04:30 [node2] Received Heartbeat from node1 term 23
2026/01/17 19:04:30 [node2] Received Heartbeat from node1 term 23
2026/01/17 19:04:30 [node2] Received Heartbeat from node1 term 23
2026/01/17 19:04:31 [node2] Received Heartbeat from node3 term 24
2026/01/17 19:04:31 [node2] Received Heartbeat from node3 term 24
2026/01/17 19:04:31 [node2] Won election! Becoming Leader for term 25
2026/01/17 19:04:32 [node2] Received Heartbeat from node1 term 27
2026/01/17 19:04:33 [node2] Election timeout, becoming Candidate
2026/01/17 19:04:33 [node2] Won election! Becoming Leader for term 28
2026/01/17 19:04:33 [node2] Received Heartbeat from node1 term 29
2026/01/17 19:04:34 [node2] Received Heartbeat from node3 term 30
2026/01/17 19:04:34 [node2] Received Heartbeat from node3 term 30
2026/01/17 19:04:34 [node2] Received Heartbeat from node3 term 30
2026/01/17 19:04:34 [node2] Received Heartbeat from node3 term 30
2026/01/17 19:04:34 [node2] Received Heartbeat from node3 term 30
2026/01/17 19:04:34 [node2] Won election! Becoming Leader for term 31
2026/01/17 19:04:35 [node2] Received Heartbeat from node1 term 32
2026/01/17 19:04:35 [node2] Received Heartbeat from node1 term 32
2026/01/17 19:04:35 [node2] Received Heartbeat from node1 term 32
2026/01/17 19:04:35 [node2] Received Heartbeat from node1 term 32
2026/01/17 19:04:35 [node2] Received Heartbeat from node3 term 33
2026/01/17 19:04:36 [node2] Received Heartbeat from node3 term 33
2026/01/17 19:04:36 [node2] Received Heartbeat from node3 term 33
2026/01/17 19:04:36 [node2] Received Heartbeat from node3 term 33
2026/01/17 19:04:36 [node2] Received Heartbeat from node3 term 33
2026/01/17 19:04:36 [node2] Won election! Becoming Leader for term 34
2026/01/17 19:04:37 [node2] Received Heartbeat from node1 term 35
2026/01/17 19:04:37 [node2] Received Heartbeat from node1 term 35
2026/01/17 19:04:37 [node2] Received Heartbeat from node1 term 35
2026/01/17 19:04:37 [node2] Received Heartbeat from node1 term 35
2026/01/17 19:04:37 [node2] Received Heartbeat from node3 term 36
2026/01/17 19:04:38 [node2] Received Heartbeat from node3 term 36
2026/01/17 19:04:38 [node2] Won election! Becoming Leader for term 37
2026/01/17 19:04:39 [node2] Received Heartbeat from node1 term 38
2026/01/17 19:04:39 [node2] Received Heartbeat from node1 term 38
2026/01/17 19:04:39 [node2] Received Heartbeat from node1 term 38
2026/01/17 19:04:39 [node2] Received Heartbeat from node3 term 39
2026/01/17 19:04:39 [node2] Received Heartbeat from node3 term 39
2026/01/17 19:04:39 [node2] Received Heartbeat from node3 term 39
2026/01/17 19:04:40 [node2] Received Heartbeat from node3 term 39
2026/01/17 19:04:40 [node2] Won election! Becoming Leader for term 40
2026/01/17 19:04:40 [node2] Received Heartbeat from node1 term 41
2026/01/17 19:04:41 [node2] Received Heartbeat from node1 term 41
2026/01/17 19:04:41 [node2] Received Heartbeat from node1 term 41
2026/01/17 19:04:41 [node2] Received Heartbeat from node3 term 42
2026/01/17 19:04:41 [node2] Received Heartbeat from node3 term 42
2026/01/17 19:04:41 [node2] Received Heartbeat from node3 term 42
2026/01/17 19:04:41 [node2] Received Heartbeat from node3 term 42
2026/01/17 19:04:41 [node2] Received Heartbeat from node3 term 42
2026/01/17 19:04:42 [node2] Received Heartbeat from node3 term 42
2026/01/17 19:04:42 [node2] Won election! Becoming Leader for term 43
2026/01/17 19:04:42 [node2] Received Heartbeat from node1 term 44
2026/01/17 19:04:42 [node2] Received Heartbeat from node1 term 44
2026/01/17 19:04:42 [node2] Received Heartbeat from node1 term 44
2026/01/17 19:04:43 [node2] Received Heartbeat from node1 term 44
2026/01/17 19:04:43 [node2] Received Heartbeat from node1 term 44
2026/01/17 19:04:43 [node2] Received Heartbeat from node3 term 45
2026/01/17 19:04:43 [node2] Received Heartbeat from node3 term 45
2026/01/17 19:04:43 [node2] Won election! Becoming Leader for term 46
2026/01/17 19:04:44 [node2] Received Heartbeat from node1 term 47
2026/01/17 19:04:44 [node2] Received Heartbeat from node1 term 47
2026/01/17 19:04:44 [node2] Received Heartbeat from node1 term 47
2026/01/17 19:04:45 [node2] Received Heartbeat from node3 term 48
2026/01/17 19:04:45 [node2] Received Heartbeat from node3 term 48
2026/01/17 19:04:45 [node2] Received Heartbeat from node3 term 48
2026/01/17 19:04:45 [node2] Received Heartbeat from node3 term 48
2026/01/17 19:04:45 [node2] Received Heartbeat from node3 term 48
2026/01/17 19:04:45 [node2] Won election! Becoming Leader for term 49
2026/01/17 19:04:46 [node2] Received Heartbeat from node1 term 50
2026/01/17 19:04:46 [node2] Received Heartbeat from node1 term 50
2026/01/17 19:04:46 [node2] Received Heartbeat from node1 term 50
2026/01/17 19:04:46 [node2] Received Heartbeat from node1 term 50
2026/01/17 19:04:47 [node2] Received Heartbeat from node1 term 50
2026/01/17 19:04:47 [node2] Received Heartbeat from node3 term 51
2026/01/17 19:04:47 [node2] Received Heartbeat from node3 term 51
2026/01/17 19:04:47 [node2] Won election! Becoming Leader for term 52
2026/01/17 19:04:48 [node2] Received Heartbeat from node1 term 53
2026/01/17 19:04:48 [node2] Received Heartbeat from node1 term 53
2026/01/17 19:04:48 [node2] Received Heartbeat from node1 term 53
2026/01/17 19:04:48 [node2] Received Heartbeat from node1 term 53
2026/01/17 19:04:48 [node2] Received Heartbeat from node3 term 54
2026/01/17 19:04:49 [node2] Received Heartbeat from node3 term 54
2026/01/17 19:04:49 [node2] Received Heartbeat from node3 term 54
2026/01/17 19:04:49 [node2] Received Heartbeat from node3 term 54
2026/01/17 19:04:49 [node2] Won election! Becoming Leader for term 55
2026/01/17 19:04:50 [node2] Received Heartbeat from node1 term 56
2026/01/17 19:04:50 [node2] Received Heartbeat from node1 term 56
2026/01/17 19:04:50 [node2] Received Heartbeat from node1 term 56
2026/01/17 19:04:50 [node2] Received Heartbeat from node1 term 56
2026/01/17 19:04:50 [node2] Received Heartbeat from node1 term 56
2026/01/17 19:04:51 [node2] Received Heartbeat from node3 term 57
2026/01/17 19:04:51 [node2] Received Heartbeat from node3 term 57
2026/01/17 19:04:51 [node2] Received Heartbeat from node3 term 57
2026/01/17 19:04:51 [node2] Won election! Becoming Leader for term 58
2026/01/17 19:04:51 [node2] Received Heartbeat from node3 term 58
2026/01/17 19:04:52 [node2] Election timeout, becoming Candidate
2026/01/17 19:04:52 [node2] Won election! Becoming Leader for term 59
2026/01/17 19:04:52 [node2] Received Heartbeat from node1 term 60
2026/01/17 19:04:52 [node2] Received Heartbeat from node1 term 60
2026/01/17 19:04:52 [node2] Received Heartbeat from node1 term 60
2026/01/17 19:04:52 [node2] Received Heartbeat from node1 term 60
2026/01/17 19:04:53 [node2] Received Heartbeat from node3 term 61
2026/01/17 19:04:53 [node2] Received Heartbeat from node3 term 61
2026/01/17 19:04:53 [node2] Received Heartbeat from node3 term 61
2026/01/17 19:04:53 [node2] Won election! Becoming Leader for term 62
2026/01/17 19:04:54 [node2] Received Heartbeat from node1 term 63
2026/01/17 19:04:54 [node2] Received Heartbeat from node1 term 63
2026/01/17 19:04:54 [node2] Received Heartbeat from node1 term 63
2026/01/17 19:04:54 [node2] Received Heartbeat from node3 term 64
2026/01/17 19:04:55 [node2] Received Heartbeat from node3 term 64
2026/01/17 19:04:55 [node2] Won election! Becoming Leader for term 65
2026/01/17 19:04:55 [node2] Received Heartbeat from node3 term 65
2026/01/17 19:04:56 [node2] Received Heartbeat from node3 term 66
2026/01/17 19:04:56 [node2] Received Heartbeat from node1 term 67
2026/01/17 19:04:56 [node2] Received Heartbeat from node1 term 67
2026/01/17 19:04:56 [node2] Won election! Becoming Leader for term 68
2026/01/17 19:04:57 [node2] Received Heartbeat from node3 term 69
2026/01/17 19:04:57 [node2] Received Heartbeat from node3 term 69
2026/01/17 19:04:57 [node2] Received Heartbeat from node3 term 69
2026/01/17 19:04:57 [node2] Received Heartbeat from node1 term 70
2026/01/17 19:04:58 [node2] Received Heartbeat from node1 term 70
2026/01/17 19:04:58 [node2] Received Heartbeat from node1 term 70
2026/01/17 19:04:58 [node2] Received Heartbeat from node1 term 70
2026/01/17 19:04:58 [node2] Received Heartbeat from node1 term 70
2026/01/17 19:04:58 [node2] Received Heartbeat from node1 term 70
2026/01/17 19:04:58 [node2] Won election! Becoming Leader for term 71
2026/01/17 19:04:59 [node2] Received Heartbeat from node3 term 72
2026/01/17 19:04:59 [node2] Received Heartbeat from node3 term 72
2026/01/17 19:04:59 [node2] Received Heartbeat from node3 term 72
2026/01/17 19:04:59 [node2] Received Heartbeat from node3 term 72
2026/01/17 19:04:59 [node2] Received Heartbeat from node1 term 73
2026/01/17 19:05:00 [node2] Received Heartbeat from node1 term 73
2026/01/17 19:05:00 [node2] Won election! Becoming Leader for term 74
2026/01/17 19:05:01 [node2] Received Heartbeat from node3 term 75
2026/01/17 19:05:01 [node2] Received Heartbeat from node3 term 75
2026/01/17 19:05:01 [node2] Received Heartbeat from node3 term 75
2026/01/17 19:05:01 [node2] Received Heartbeat from node1 term 76
2026/01/17 19:05:01 [node2] Received Heartbeat from node1 term 76
2026/01/17 19:05:02 [node2] Received Heartbeat from node1 term 76
2026/01/17 19:05:02 [node2] Received Heartbeat from node1 term 76
2026/01/17 19:05:02 [node2] Won election! Becoming Leader for term 77
2026/01/17 19:05:03 [node2] Received Heartbeat from node3 term 78
2026/01/17 19:05:03 [node2] Received Heartbeat from node3 term 78
2026/01/17 19:05:03 [node2] Received Heartbeat from node3 term 78
2026/01/17 19:05:03 [node2] Received Heartbeat from node1 term 79
2026/01/17 19:05:03 [node2] Received Heartbeat from node1 term 79
2026/01/17 19:05:03 [node2] Received Heartbeat from node1 term 79
2026/01/17 19:05:04 [node2] Received Heartbeat from node1 term 79
2026/01/17 19:05:04 [node2] Received Heartbeat from node1 term 79
2026/01/17 19:05:04 [node2] Won election! Becoming Leader for term 80
2026/01/17 19:05:04 [node2] Received Heartbeat from node3 term 81
2026/01/17 19:05:05 [node2] Received Heartbeat from node3 term 81
2026/01/17 19:05:05 [node2] Received Heartbeat from node3 term 81
2026/01/17 19:05:05 [node2] Received Heartbeat from node3 term 81
2026/01/17 19:05:05 [node2] Received Heartbeat from node3 term 81
2026/01/17 19:05:05 [node2] Received Heartbeat from node3 term 81
2026/01/17 19:05:05 [node2] Received Heartbeat from node1 term 82
2026/01/17 19:05:06 [node2] Received Heartbeat from node1 term 82
2026/01/17 19:05:06 [node2] Won election! Becoming Leader for term 83
2026/01/17 19:05:07 [node2] Received Heartbeat from node3 term 84
2026/01/17 19:05:07 [node2] Received Heartbeat from node3 term 84
2026/01/17 19:05:07 [node2] Received Heartbeat from node1 term 85
2026/01/17 19:05:07 [node2] Received Heartbeat from node1 term 85
2026/01/17 19:05:08 [node2] Received Heartbeat from node1 term 85
2026/01/17 19:05:08 [node2] Received Heartbeat from node1 term 85
2026/01/17 19:05:08 [node2] Received Heartbeat from node1 term 85
2026/01/17 19:05:08 [node2] Received Heartbeat from node1 term 85
2026/01/17 19:05:08 [node2] Won election! Becoming Leader for term 87
2026/01/17 19:05:10 [node2] Received Heartbeat from node1 term 88
2026/01/17 19:05:10 [node2] Received Heartbeat from node3 term 89
2026/01/17 19:05:10 [node2] Received Heartbeat from node3 term 89
2026/01/17 19:05:10 [node2] Received Heartbeat from node3 term 89
2026/01/17 19:05:10 [node2] Received Heartbeat from node3 term 89
2026/01/17 19:05:10 [node2] Received Heartbeat from node3 term 89
2026/01/17 19:05:10 [node2] Received Heartbeat from node3 term 89
2026/01/17 19:05:11 [node2] Won election! Becoming Leader for term 90
2026/01/17 19:05:12 [node2] Election timeout, becoming Candidate
2026/01/17 19:05:12 [node2] Won election! Becoming Leader for term 92
2026/01/17 19:05:12 [node2] Received Heartbeat from node3 term 93
2026/01/17 19:05:12 [node2] Received Heartbeat from node3 term 93
2026/01/17 19:05:12 [node2] Received Heartbeat from node3 term 93
2026/01/17 19:05:12 [node2] Received Heartbeat from node3 term 93
2026/01/17 19:05:13 [node2] Received Heartbeat from node1 term 94
2026/01/17 19:05:13 [node2] Received Heartbeat from node1 term 94
2026/01/17 19:05:13 [node2] Received Heartbeat from node1 term 94
2026/01/17 19:05:13 [node2] Received Heartbeat from node1 term 94
2026/01/17 19:05:13 [node2] Won election! Becoming Leader for term 95
2026/01/17 19:05:14 [node2] Received Heartbeat from node3 term 96
2026/01/17 19:05:14 [node2] Received Heartbeat from node3 term 96
2026/01/17 19:05:14 [node2] Received Heartbeat from node3 term 96
2026/01/17 19:05:14 [node2] Received Heartbeat from node3 term 96
2026/01/17 19:05:14 [node2] Received Heartbeat from node3 term 96
2026/01/17 19:05:14 [node2] Received Heartbeat from node1 term 97
2026/01/17 19:05:15 [node2] Received Heartbeat from node1 term 97
2026/01/17 19:05:15 [node2] Won election! Becoming Leader for term 98
2026/01/17 19:05:16 [node2] Received Heartbeat from node1 term 100
2026/01/17 19:05:16 [node2] Received Heartbeat from node1 term 100
2026/01/17 19:05:16 [node2] Received Heartbeat from node1 term 100
2026/01/17 19:05:16 [node2] Received Heartbeat from node1 term 100
2026/01/17 19:05:16 [node2] Received Heartbeat from node1 term 100
2026/01/17 19:05:17 [node2] Received Heartbeat from node1 term 100
2026/01/17 19:05:17 [node2] Won election! Becoming Leader for term 101
2026/01/17 19:05:18 [node2] Received Heartbeat from node1 term 104
2026/01/17 19:05:18 [node2] Won election! Becoming Leader for term 105
2026/01/17 19:05:20 [node2] Received Heartbeat from node1 term 107
2026/01/17 19:05:20 [node2] Received Heartbeat from node1 term 107
2026/01/17 19:05:20 [node2] Received Heartbeat from node1 term 107
2026/01/17 19:05:20 [node2] Received Heartbeat from node1 term 107
2026/01/17 19:05:20 [node2] Received Heartbeat from node1 term 107
2026/01/17 19:05:20 [node2] Received Heartbeat from node1 term 107
2026/01/17 19:05:21 [node2] Won election! Becoming Leader for term 108
2026/01/17 19:05:21 [node2] Received Heartbeat from node3 term 109
2026/01/17 19:05:21 [node2] Received Heartbeat from node3 term 109
2026/01/17 19:05:21 [node2] Received Heartbeat from node3 term 109
2026/01/17 19:05:21 [node2] Received Heartbeat from node3 term 109
2026/01/17 19:05:22 [node2] Received Heartbeat from node3 term 109
2026/01/17 19:05:22 [node2] Received Heartbeat from node1 term 110
2026/01/17 19:05:22 [node2] Received Heartbeat from node1 term 110
2026/01/17 19:05:22 [node2] Received Heartbeat from node1 term 110
2026/01/17 19:05:22 [node2] Won election! Becoming Leader for term 111
2026/01/17 19:05:23 [node2] Received Heartbeat from node3 term 112
2026/01/17 19:05:23 [node2] Received Heartbeat from node3 term 112
2026/01/17 19:05:23 [node2] Received Heartbeat from node3 term 113
2026/01/17 19:05:24 [node2] Won election! Becoming Leader for term 114
2026/01/17 19:05:25 [node2] Received Heartbeat from node3 term 116
2026/01/17 19:05:25 [node2] Received Heartbeat from node3 term 116
2026/01/17 19:05:25 [node2] Received Heartbeat from node3 term 116
2026/01/17 19:05:25 [node2] Received Heartbeat from node3 term 116
2026/01/17 19:05:25 [node2] Received Heartbeat from node3 term 116
2026/01/17 19:05:25 [node2] Received Heartbeat from node3 term 116
2026/01/17 19:05:26 [node2] Won election! Becoming Leader for term 117
2026/01/17 19:05:26 [node2] Received Heartbeat from node3 term 117
2026/01/17 19:05:26 [node2] Received Heartbeat from node1 term 118
2026/01/17 19:05:26 [node2] Received Heartbeat from node1 term 118
2026/01/17 19:05:26 [node2] Received Heartbeat from node1 term 118
2026/01/17 19:05:27 [node2] Received Heartbeat from node1 term 118
2026/01/17 19:05:27 [node2] Received Heartbeat from node1 term 118
2026/01/17 19:05:27 [node2] Received Heartbeat from node1 term 118
2026/01/17 19:05:27 [node2] Won election! Becoming Leader for term 120
2026/01/17 19:05:28 [node2] Received Heartbeat from node1 term 121
2026/01/17 19:05:28 [node2] Received Heartbeat from node1 term 121
2026/01/17 19:05:28 [node2] Received Heartbeat from node3 term 122
2026/01/17 19:05:29 [node2] Received Heartbeat from node3 term 122
2026/01/17 19:05:29 [node2] Received Heartbeat from node3 term 122
2026/01/17 19:05:29 [node2] Received Heartbeat from node3 term 122
2026/01/17 19:05:29 [node2] Received Heartbeat from node3 term 122
2026/01/17 19:05:29 [node2] Received Heartbeat from node3 term 122
2026/01/17 19:05:29 [node2] Won election! Becoming Leader for term 123
2026/01/17 19:05:30 [node2] Received Heartbeat from node1 term 124
2026/01/17 19:05:30 [node2] Received Heartbeat from node1 term 124
2026/01/17 19:05:30 [node2] Received Heartbeat from node1 term 124
2026/01/17 19:05:30 [node2] Received Heartbeat from node1 term 124
2026/01/17 19:05:30 [node2] Received Heartbeat from node1 term 124
2026/01/17 19:05:30 [node2] Received Heartbeat from node1 term 124
2026/01/17 19:05:30 [node2] Received Heartbeat from node1 term 124
2026/01/17 19:05:31 [node2] Received Heartbeat from node3 term 125
2026/01/17 19:05:31 [node2] Won election! Becoming Leader for term 126
2026/01/17 19:05:32 [node2] Received Heartbeat from node1 term 127
2026/01/17 19:05:32 [node2] Received Heartbeat from node1 term 127
2026/01/17 19:05:32 [node2] Received Heartbeat from node3 term 128
2026/01/17 19:05:32 [node2] Received Heartbeat from node3 term 128
2026/01/17 19:05:33 [node2] Received Heartbeat from node3 term 128
2026/01/17 19:05:33 [node2] Received Heartbeat from node3 term 128
2026/01/17 19:05:33 [node2] Received Heartbeat from node3 term 128
2026/01/17 19:05:33 [node2] Won election! Becoming Leader for term 129
2026/01/17 19:05:33 [node2] Received Heartbeat from node1 term 130
2026/01/17 19:05:34 [node2] Received Heartbeat from node1 term 130
2026/01/17 19:05:34 [node2] Received Heartbeat from node1 term 130
2026/01/17 19:05:34 [node2] Received Heartbeat from node1 term 130
2026/01/17 19:05:34 [node2] Received Heartbeat from node1 term 130
2026/01/17 19:05:34 [node2] Received Heartbeat from node1 term 130
2026/01/17 19:05:34 [node2] Received Heartbeat from node1 term 130
2026/01/17 19:05:34 [node2] Won election! Becoming Leader for term 131
2026/01/17 19:05:35 [node2] Received Heartbeat from node3 term 132
2026/01/17 19:05:35 [node2] Received Heartbeat from node3 term 132
2026/01/17 19:05:35 [node2] Received Heartbeat from node3 term 132
2026/01/17 19:05:35 [node2] Received Heartbeat from node3 term 132
2026/01/17 19:05:35 [node2] Received Heartbeat from node3 term 132
2026/01/17 19:05:35 [node2] Received Heartbeat from node3 term 132
2026/01/17 19:05:36 [node2] Received Heartbeat from node3 term 132
2026/01/17 19:05:36 [node2] Received Heartbeat from node3 term 132
2026/01/17 19:05:36 [node2] Won election! Becoming Leader for term 133
2026/01/17 19:05:36 [node2] Received Heartbeat from node1 term 134
2026/01/17 19:05:36 [node2] Received Heartbeat from node1 term 134
2026/01/17 19:05:36 [node2] Received Heartbeat from node1 term 134
2026/01/17 19:05:36 [node2] Received Heartbeat from node1 term 134
2026/01/17 19:05:37 [node2] Received Heartbeat from node1 term 134
2026/01/17 19:05:37 [node2] Received Heartbeat from node1 term 134
2026/01/17 19:05:37 [node2] Received Heartbeat from node1 term 134
2026/01/17 19:05:37 [node2] Won election! Becoming Leader for term 136
2026/01/17 19:05:38 [node2] Received Heartbeat from node3 term 138
2026/01/17 19:05:38 [node2] Received Heartbeat from node3 term 138
2026/01/17 19:05:39 [node2] Received Heartbeat from node3 term 138
2026/01/17 19:05:39 [node2] Received Heartbeat from node3 term 138
2026/01/17 19:05:39 [node2] Received Heartbeat from node3 term 138
2026/01/17 19:05:39 [node2] Received Heartbeat from node3 term 138
2026/01/17 19:05:39 [node2] Received Heartbeat from node3 term 138
2026/01/17 19:05:39 [node2] Received Heartbeat from node3 term 138
2026/01/17 19:05:39 [node2] Received Heartbeat from node3 term 139
2026/01/17 19:05:40 [node2] Won election! Becoming Leader for term 140
2026/01/17 19:05:41 [node2] Received Heartbeat from node1 term 142
2026/01/17 19:05:41 [node2] Received Heartbeat from node1 term 142
2026/01/17 19:05:41 [node2] Received Heartbeat from node1 term 142
2026/01/17 19:05:41 [node2] Received Heartbeat from node1 term 142
2026/01/17 19:05:42 [node2] Received Heartbeat from node1 term 142
2026/01/17 19:05:42 [node2] Received Heartbeat from node1 term 142
2026/01/17 19:05:42 [node2] Received Heartbeat from node1 term 142
2026/01/17 19:05:42 [node2] Won election! Becoming Leader for term 144
2026/01/17 19:05:43 [node2] Received Heartbeat from node3 term 146
2026/01/17 19:05:44 [node2] Received Heartbeat from node3 term 146
2026/01/17 19:05:44 [node2] Received Heartbeat from node3 term 146
2026/01/17 19:05:44 [node2] Received Heartbeat from node3 term 146
2026/01/17 19:05:44 [node2] Received Heartbeat from node3 term 146
2026/01/17 19:05:44 [node2] Received Heartbeat from node3 term 146
2026/01/17 19:05:44 [node2] Received Heartbeat from node3 term 146
2026/01/17 19:05:44 [node2] Received Heartbeat from node3 term 146
2026/01/17 19:05:45 [node2] Won election! Becoming Leader for term 148
2026/01/17 19:05:46 [node2] Received Heartbeat from node1 term 150
2026/01/17 19:05:46 [node2] Received Heartbeat from node1 term 150
2026/01/17 19:05:46 [node2] Received Heartbeat from node1 term 150
2026/01/17 19:05:46 [node2] Received Heartbeat from node1 term 150
2026/01/17 19:05:46 [node2] Received Heartbeat from node1 term 150
2026/01/17 19:05:47 [node2] Received Heartbeat from node1 term 150
2026/01/17 19:05:47 [node2] Won election! Becoming Leader for term 151
2026/01/17 19:05:47 [node2] Received Heartbeat from node3 term 152
2026/01/17 19:05:47 [node2] Received Heartbeat from node3 term 152
2026/01/17 19:05:47 [node2] Received Heartbeat from node3 term 152
2026/01/17 19:05:48 [node2] Received Heartbeat from node3 term 152
2026/01/17 19:05:48 [node2] Received Heartbeat from node3 term 152
2026/01/17 19:05:48 [node2] Received Heartbeat from node3 term 152
2026/01/17 19:05:48 [node2] Received Heartbeat from node3 term 152
2026/01/17 19:05:48 [node2] Won election! Becoming Leader for term 153
2026/01/17 19:05:48 [node2] Received Heartbeat from node1 term 154
2026/01/17 19:05:48 [node2] Received Heartbeat from node1 term 154
2026/01/17 19:05:49 [node2] Received Heartbeat from node1 term 154
2026/01/17 19:05:49 [node2] Received Heartbeat from node1 term 154
2026/01/17 19:05:49 [node2] Received Heartbeat from node1 term 154
2026/01/17 19:05:49 [node2] Received Heartbeat from node1 term 154
2026/01/17 19:05:49 [node2] Won election! Becoming Leader for term 156
2026/01/17 19:05:51 [node2] Received Heartbeat from node3 term 158
2026/01/17 19:05:51 [node2] Received Heartbeat from node3 term 158
2026/01/17 19:05:51 [node2] Received Heartbeat from node3 term 158
2026/01/17 19:05:51 [node2] Received Heartbeat from node3 term 158
2026/01/17 19:05:51 [node2] Received Heartbeat from node3 term 158
2026/01/17 19:05:52 [node2] Received Heartbeat from node3 term 158
2026/01/17 19:05:52 [node2] Received Heartbeat from node3 term 158
2026/01/17 19:05:52 [node2] Received Heartbeat from node3 term 159
2026/01/17 19:05:52 [node2] Won election! Becoming Leader for term 160
2026/01/17 19:05:53 [node2] Received Heartbeat from node1 term 161
2026/01/17 19:05:53 [node2] Received Heartbeat from node3 term 162
2026/01/17 19:05:54 [node2] Received Heartbeat from node3 term 162
2026/01/17 19:05:54 [node2] Received Heartbeat from node3 term 162
2026/01/17 19:05:54 [node2] Received Heartbeat from node3 term 162
2026/01/17 19:05:54 [node2] Received Heartbeat from node3 term 162
2026/01/17 19:05:54 [node2] Received Heartbeat from node3 term 162
2026/01/17 19:05:54 [node2] Received Heartbeat from node3 term 162
2026/01/17 19:05:55 [node2] Received Heartbeat from node3 term 162
2026/01/17 19:05:55 [node2] Won election! Becoming Leader for term 163
2026/01/17 19:05:55 [node2] Received Heartbeat from node1 term 164
2026/01/17 19:05:55 [node2] Received Heartbeat from node1 term 164
2026/01/17 19:05:55 [node2] Received Heartbeat from node1 term 164
2026/01/17 19:05:55 [node2] Received Heartbeat from node1 term 164
2026/01/17 19:05:55 [node2] Received Heartbeat from node1 term 164
2026/01/17 19:05:56 [node2] Received Heartbeat from node1 term 164
2026/01/17 19:05:56 [node2] Received Heartbeat from node3 term 165
2026/01/17 19:05:56 [node2] Received Heartbeat from node3 term 165
2026/01/17 19:05:56 [node2] Won election! Becoming Leader for term 166
2026/01/17 19:05:57 [node2] Received Heartbeat from node1 term 167
2026/01/17 19:05:57 [node2] Received Heartbeat from node3 term 168
2026/01/17 19:05:57 [node2] Received Heartbeat from node3 term 168
2026/01/17 19:05:58 [node2] Received Heartbeat from node3 term 168
2026/01/17 19:05:58 [node2] Received Heartbeat from node3 term 168
2026/01/17 19:05:58 [node2] Received Heartbeat from node3 term 168
2026/01/17 19:05:58 [node2] Received Heartbeat from node3 term 168
2026/01/17 19:05:58 [node2] Received Heartbeat from node3 term 168
2026/01/17 19:05:58 [node2] Received Heartbeat from node3 term 168
2026/01/17 19:05:58 [node2] Won election! Becoming Leader for term 169
2026/01/17 19:05:59 [node2] Received Heartbeat from node1 term 170
2026/01/17 19:05:59 [node2] Received Heartbeat from node1 term 170
2026/01/17 19:05:59 [node2] Received Heartbeat from node1 term 170
2026/01/17 19:05:59 [node2] Received Heartbeat from node1 term 170
2026/01/17 19:05:59 [node2] Received Heartbeat from node1 term 170
2026/01/17 19:05:59 [node2] Received Heartbeat from node1 term 170
2026/01/17 19:06:00 [node2] Received Heartbeat from node1 term 170
2026/01/17 19:06:00 [node2] Won election! Becoming Leader for term 171
2026/01/17 19:06:00 [node2] Received Heartbeat from node3 term 172
2026/01/17 19:06:00 [node2] Received Heartbeat from node3 term 172
2026/01/17 19:06:00 [node2] Received Heartbeat from node3 term 172
2026/01/17 19:06:00 [node2] Received Heartbeat from node3 term 172
2026/01/17 19:06:01 [node2] Received Heartbeat from node3 term 172
2026/01/17 19:06:01 [node2] Received Heartbeat from node3 term 172
2026/01/17 19:06:01 [node2] Won election! Becoming Leader for term 174
2026/01/17 19:06:02 [node2] Received Heartbeat from node3 term 176
2026/01/17 19:06:03 [node2] Received Heartbeat from node3 term 176
2026/01/17 19:06:03 [node2] Received Heartbeat from node3 term 176
2026/01/17 19:06:03 [node2] Received Heartbeat from node3 term 176
2026/01/17 19:06:03 [node2] Received Heartbeat from node3 term 176
2026/01/17 19:06:03 [node2] Received Heartbeat from node3 term 176
2026/01/17 19:06:03 [node2] Received Heartbeat from node3 term 176
2026/01/17 19:06:04 [node2] Received Heartbeat from node3 term 176
2026/01/17 19:06:04 [node2] Won election! Becoming Leader for term 178
2026/01/17 19:06:05 [node2] Received Heartbeat from node1 term 179
2026/01/17 19:06:05 [node2] Received Heartbeat from node3 term 180
2026/01/17 19:06:05 [node2] Received Heartbeat from node3 term 180
2026/01/17 19:06:05 [node2] Received Heartbeat from node3 term 180
2026/01/17 19:06:05 [node2] Received Heartbeat from node3 term 180
2026/01/17 19:06:06 [node2] Received Heartbeat from node3 term 180
2026/01/17 19:06:06 [node2] Won election! Becoming Leader for term 181
2026/01/17 19:06:06 [node2] Received Heartbeat from node1 term 182
2026/01/17 19:06:07 [node2] Received Heartbeat from node1 term 182
2026/01/17 19:06:07 [node2] Received Heartbeat from node3 term 183
2026/01/17 19:06:07 [node2] Received Heartbeat from node3 term 183
2026/01/17 19:06:07 [node2] Received Heartbeat from node3 term 183
2026/01/17 19:06:07 [node2] Received Heartbeat from node3 term 183
2026/01/17 19:06:08 [node2] Received Heartbeat from node3 term 183
2026/01/17 19:06:08 [node2] Received Heartbeat from node3 term 183
2026/01/17 19:06:08 [node2] Won election! Becoming Leader for term 184
2026/01/17 19:06:08 [node2] Received Heartbeat from node3 term 184
2026/01/17 19:06:08 [node2] Received Heartbeat from node1 term 185
2026/01/17 19:06:08 [node2] Received Heartbeat from node1 term 185
2026/01/17 19:06:09 [node2] Received Heartbeat from node1 term 185
2026/01/17 19:06:09 [node2] Received Heartbeat from node1 term 185
2026/01/17 19:06:09 [node2] Received Heartbeat from node1 term 185
2026/01/17 19:06:09 [node2] Received Heartbeat from node1 term 185
2026/01/17 19:06:09 [node2] Won election! Becoming Leader for term 186
2026/01/17 19:06:09 [node2] Received Heartbeat from node3 term 187
2026/01/17 19:06:09 [node2] Received Heartbeat from node3 term 187
2026/01/17 19:06:10 [node2] Received Heartbeat from node3 term 187
2026/01/17 19:06:10 [node2] Received Heartbeat from node3 term 187
2026/01/17 19:06:10 [node2] Received Heartbeat from node3 term 187
2026/01/17 19:06:10 [node2] Received Heartbeat from node3 term 187
2026/01/17 19:06:10 [node2] Won election! Becoming Leader for term 189
2026/01/17 19:06:10 [node2] Received Heartbeat from node1 term 189
2026/01/17 19:06:11 [node2] Election timeout, becoming Candidate
2026/01/17 19:06:11 [node2] Won election! Becoming Leader for term 190
2026/01/17 19:06:12 [node2] Received Heartbeat from node1 term 192
2026/01/17 19:06:12 [node2] Received Heartbeat from node1 term 192
2026/01/17 19:06:12 [node2] Received Heartbeat from node1 term 192
2026/01/17 19:06:12 [node2] Received Heartbeat from node1 term 192
2026/01/17 19:06:12 [node2] Received Heartbeat from node1 term 192
2026/01/17 19:06:13 [node2] Received Heartbeat from node1 term 192
2026/01/17 19:06:13 [node2] Received Heartbeat from node1 term 192
2026/01/17 19:06:13 [node2] Won election! Becoming Leader for term 193
2026/01/17 19:06:13 [node2] Received Heartbeat from node3 term 194
2026/01/17 19:06:13 [node2] Received Heartbeat from node3 term 194
2026/01/17 19:06:14 [node2] Received Heartbeat from node3 term 194
2026/01/17 19:06:14 [node2] Received Heartbeat from node3 term 194
2026/01/17 19:06:14 [node2] Received Heartbeat from node3 term 194
2026/01/17 19:06:14 [node2] Received Heartbeat from node3 term 194
2026/01/17 19:06:14 [node2] Received Heartbeat from node1 term 195
2026/01/17 19:06:14 [node2] Won election! Becoming Leader for term 196
2026/01/17 19:06:16 [node2] Received Heartbeat from node3 term 198
2026/01/17 19:06:16 [node2] Election timeout, becoming Candidate
2026/01/17 19:06:16 [node2] Won election! Becoming Leader for term 199
2026/01/17 19:06:17 [node2] Received Heartbeat from node3 term 201
2026/01/17 19:06:17 [node2] Received Heartbeat from node3 term 201
2026/01/17 19:06:18 [node2] Received Heartbeat from node3 term 201
2026/01/17 19:06:18 [node2] Received Heartbeat from node3 term 201
2026/01/17 19:06:18 [node2] Received Heartbeat from node3 term 201
2026/01/17 19:06:18 [node2] Received Heartbeat from node3 term 201
2026/01/17 19:06:18 [node2] Won election! Becoming Leader for term 202
2026/01/17 19:06:19 [node2] Received Heartbeat from node1 term 203
2026/01/17 19:06:19 [node2] Received Heartbeat from node1 term 203
2026/01/17 19:06:19 [node2] Received Heartbeat from node1 term 203
2026/01/17 19:06:19 [node2] Received Heartbeat from node1 term 203
2026/01/17 19:06:19 [node2] Received Heartbeat from node1 term 203
2026/01/17 19:06:19 [node2] Received Heartbeat from node1 term 203
2026/01/17 19:06:20 [node2] Received Heartbeat from node1 term 203
2026/01/17 19:06:20 [node2] Received Heartbeat from node3 term 204
2026/01/17 19:06:20 [node2] Received Heartbeat from node3 term 204
2026/01/17 19:06:20 [node2] Won election! Becoming Leader for term 205
2026/01/17 19:06:21 [node2] Received Heartbeat from node1 term 206
2026/01/17 19:06:21 [node2] Received Heartbeat from node1 term 206
2026/01/17 19:06:21 [node2] Received Heartbeat from node1 term 206
2026/01/17 19:06:21 [node2] Received Heartbeat from node1 term 206
2026/01/17 19:06:21 [node2] Received Heartbeat from node1 term 206
2026/01/17 19:06:21 [node2] Received Heartbeat from node3 term 207
2026/01/17 19:06:22 [node2] Received Heartbeat from node3 term 207
2026/01/17 19:06:22 [node2] Received Heartbeat from node3 term 207
2026/01/17 19:06:22 [node2] Won election! Becoming Leader for term 208
2026/01/17 19:06:23 [node2] Received Heartbeat from node1 term 209
2026/01/17 19:06:23 [node2] Received Heartbeat from node1 term 209
2026/01/17 19:06:23 [node2] Received Heartbeat from node1 term 209
2026/01/17 19:06:23 [node2] Received Heartbeat from node3 term 210
2026/01/17 19:06:23 [node2] Received Heartbeat from node3 term 210
2026/01/17 19:06:24 [node2] Received Heartbeat from node3 term 210
2026/01/17 19:06:24 [node2] Received Heartbeat from node3 term 210
2026/01/17 19:06:24 [node2] Received Heartbeat from node3 term 210
2026/01/17 19:06:24 [node2] Won election! Becoming Leader for term 211
2026/01/17 19:06:25 [node2] Received Heartbeat from node1 term 212
2026/01/17 19:06:25 [node2] Received Heartbeat from node1 term 212
2026/01/17 19:06:25 [node2] Received Heartbeat from node1 term 212
2026/01/17 19:06:25 [node2] Received Heartbeat from node1 term 212
2026/01/17 19:06:25 [node2] Received Heartbeat from node1 term 212
2026/01/17 19:06:25 [node2] Received Heartbeat from node3 term 213
2026/01/17 19:06:25 [node2] Received Heartbeat from node3 term 213
2026/01/17 19:06:26 [node2] Received Heartbeat from node3 term 213
2026/01/17 19:06:26 [node2] Won election! Becoming Leader for term 214
2026/01/17 19:06:27 [node2] Received Heartbeat from node1 term 215
2026/01/17 19:06:27 [node2] Received Heartbeat from node1 term 216
2026/01/17 19:06:28 [node2] Won election! Becoming Leader for term 218
2026/01/17 19:06:28 [node2] Received Heartbeat from node1 term 219
2026/01/17 19:06:28 [node2] Received Heartbeat from node1 term 219
2026/01/17 19:06:29 [node2] Received Heartbeat from node1 term 219
2026/01/17 19:06:29 [node2] Received Heartbeat from node1 term 219
2026/01/17 19:06:29 [node2] Received Heartbeat from node3 term 220
2026/01/17 19:06:29 [node2] Received Heartbeat from node3 term 220
2026/01/17 19:06:29 [node2] Won election! Becoming Leader for term 221
2026/01/17 19:06:30 [node2] Received Heartbeat from node1 term 222
2026/01/17 19:06:30 [node2] Received Heartbeat from node1 term 222
2026/01/17 19:06:30 [node2] Received Heartbeat from node3 term 223
2026/01/17 19:06:31 [node2] Received Heartbeat from node3 term 223
2026/01/17 19:06:31 [node2] Received Heartbeat from node3 term 223
2026/01/17 19:06:31 [node2] Received Heartbeat from node3 term 223
2026/01/17 19:06:31 [node2] Won election! Becoming Leader for term 224
2026/01/17 19:06:32 [node2] Received Heartbeat from node1 term 225
2026/01/17 19:06:32 [node2] Received Heartbeat from node3 term 226
2026/01/17 19:06:32 [node2] Received Heartbeat from node3 term 226
2026/01/17 19:06:32 [node2] Received Heartbeat from node3 term 226
2026/01/17 19:06:33 [node2] Received Heartbeat from node3 term 226
2026/01/17 19:06:33 [node2] Received Heartbeat from node3 term 226
2026/01/17 19:06:33 [node2] Received Heartbeat from node3 term 226
2026/01/17 19:06:33 [node2] Received Heartbeat from node3 term 226
2026/01/17 19:06:33 [node2] Won election! Becoming Leader for term 227
2026/01/17 19:06:33 [node2] Received Heartbeat from node1 term 228
2026/01/17 19:06:33 [node2] Received Heartbeat from node1 term 228
2026/01/17 19:06:34 [node2] Received Heartbeat from node1 term 228
2026/01/17 19:06:34 [node2] Received Heartbeat from node1 term 228
2026/01/17 19:06:34 [node2] Received Heartbeat from node1 term 228
2026/01/17 19:06:34 [node2] Received Heartbeat from node1 term 228
2026/01/17 19:06:34 [node2] Won election! Becoming Leader for term 229
2026/01/17 19:06:35 [node2] Received Heartbeat from node3 term 230
2026/01/17 19:06:35 [node2] Received Heartbeat from node3 term 230
2026/01/17 19:06:35 [node2] Received Heartbeat from node3 term 230
2026/01/17 19:06:35 [node2] Received Heartbeat from node3 term 230
2026/01/17 19:06:35 [node2] Received Heartbeat from node3 term 230
2026/01/17 19:06:36 [node2] Received Heartbeat from node1 term 231
2026/01/17 19:06:36 [node2] Received Heartbeat from node1 term 231
2026/01/17 19:06:36 [node2] Received Heartbeat from node1 term 231
2026/01/17 19:06:36 [node2] Won election! Becoming Leader for term 232
2026/01/17 19:06:37 [node2] Received Heartbeat from node3 term 233
2026/01/17 19:06:37 [node2] Received Heartbeat from node3 term 234
2026/01/17 19:06:38 [node2] Won election! Becoming Leader for term 236
2026/01/17 19:06:38 [node2] Received Heartbeat from node1 term 237
2026/01/17 19:06:39 [node2] Received Heartbeat from node1 term 237
2026/01/17 19:06:39 [node2] Received Heartbeat from node1 term 237
2026/01/17 19:06:39 [node2] Received Heartbeat from node1 term 237
2026/01/17 19:06:39 [node2] Received Heartbeat from node1 term 237
2026/01/17 19:06:39 [node2] Received Heartbeat from node3 term 238
2026/01/17 19:06:39 [node2] Received Heartbeat from node3 term 238
2026/01/17 19:06:40 [node2] Received Heartbeat from node3 term 238
2026/01/17 19:06:40 [node2] Won election! Becoming Leader for term 239
2026/01/17 19:06:41 [node2] Received Heartbeat from node1 term 240
2026/01/17 19:06:41 [node2] Received Heartbeat from node1 term 240
2026/01/17 19:06:41 [node2] Received Heartbeat from node3 term 241
2026/01/17 19:06:41 [node2] Received Heartbeat from node3 term 241
2026/01/17 19:06:41 [node2] Received Heartbeat from node3 term 241
2026/01/17 19:06:42 [node2] Received Heartbeat from node3 term 241
2026/01/17 19:06:42 [node2] Received Heartbeat from node3 term 241
2026/01/17 19:06:42 [node2] Won election! Becoming Leader for term 242
2026/01/17 19:06:43 [node2] Received Heartbeat from node1 term 243
2026/01/17 19:06:43 [node2] Received Heartbeat from node1 term 243
2026/01/17 19:06:43 [node2] Received Heartbeat from node1 term 243
2026/01/17 19:06:43 [node2] Received Heartbeat from node1 term 243
2026/01/17 19:06:43 [node2] Received Heartbeat from node1 term 243
2026/01/17 19:06:43 [node2] Received Heartbeat from node3 term 244
2026/01/17 19:06:43 [node2] Won election! Becoming Leader for term 245
2026/01/17 19:06:45 [node2] Received Heartbeat from node3 term 247
2026/01/17 19:06:45 [node2] Received Heartbeat from node3 term 247
2026/01/17 19:06:45 [node2] Received Heartbeat from node3 term 247
2026/01/17 19:06:45 [node2] Received Heartbeat from node3 term 247
2026/01/17 19:06:46 [node2] Received Heartbeat from node3 term 247
2026/01/17 19:06:46 [node2] Received Heartbeat from node1 term 248
2026/01/17 19:06:46 [node2] Won election! Becoming Leader for term 249
2026/01/17 19:06:47 [node2] Received Heartbeat from node1 term 250
2026/01/17 19:06:47 [node2] Received Heartbeat from node3 term 251
2026/01/17 19:06:47 [node2] Received Heartbeat from node3 term 251
2026/01/17 19:06:48 [node2] Received Heartbeat from node3 term 251
2026/01/17 19:06:48 [node2] Received Heartbeat from node3 term 251
2026/01/17 19:06:48 [node2] Received Heartbeat from node3 term 251
2026/01/17 19:06:48 [node2] Won election! Becoming Leader for term 252
2026/01/17 19:06:49 [node2] Received Heartbeat from node1 term 253
2026/01/17 19:06:49 [node2] Received Heartbeat from node1 term 253
2026/01/17 19:06:49 [node2] Received Heartbeat from node1 term 253
2026/01/17 19:06:49 [node2] Received Heartbeat from node1 term 253
2026/01/17 19:06:49 [node2] Received Heartbeat from node1 term 253
2026/01/17 19:06:49 [node2] Received Heartbeat from node1 term 253
2026/01/17 19:06:50 [node2] Received Heartbeat from node3 term 254
2026/01/17 19:06:50 [node2] Won election! Becoming Leader for term 255
2026/01/17 19:06:52 [node2] Received Heartbeat from node3 term 258
2026/01/17 19:06:52 [node2] Received Heartbeat from node3 term 258
2026/01/17 19:06:52 [node2] Received Heartbeat from node3 term 258
2026/01/17 19:06:52 [node2] Won election! Becoming Leader for term 259
2026/01/17 19:06:52 [node2] Received Heartbeat from node1 term 260
2026/01/17 19:06:53 [node2] Received Heartbeat from node1 term 260
2026/01/17 19:06:53 [node2] Received Heartbeat from node1 term 260
2026/01/17 19:06:53 [node2] Received Heartbeat from node1 term 260
2026/01/17 19:06:53 [node2] Received Heartbeat from node1 term 260
2026/01/17 19:06:53 [node2] Received Heartbeat from node1 term 260
2026/01/17 19:06:53 [node2] Won election! Becoming Leader for term 262
2026/01/17 19:06:55 [node2] Received Heartbeat from node3 term 264
2026/01/17 19:06:55 [node2] Received Heartbeat from node3 term 264
2026/01/17 19:06:55 [node2] Received Heartbeat from node3 term 264
2026/01/17 19:06:55 [node2] Received Heartbeat from node3 term 264
2026/01/17 19:06:55 [node2] Received Heartbeat from node3 term 264
2026/01/17 19:06:55 [node2] Received Heartbeat from node3 term 264
2026/01/17 19:06:56 [node2] Won election! Becoming Leader for term 266
2026/01/17 19:06:57 [node2] Received Heartbeat from node3 term 267
2026/01/17 19:06:57 [node2] Received Heartbeat from node3 term 267
2026/01/17 19:06:57 [node2] Received Heartbeat from node1 term 268
2026/01/17 19:06:57 [node2] Received Heartbeat from node1 term 268
2026/01/17 19:06:57 [node2] Received Heartbeat from node1 term 268
2026/01/17 19:06:58 [node2] Received Heartbeat from node1 term 268
2026/01/17 19:06:58 [node2] Won election! Becoming Leader for term 269
2026/01/17 19:06:58 [node2] Received Heartbeat from node3 term 270
2026/01/17 19:06:58 [node2] Received Heartbeat from node3 term 270
2026/01/17 19:06:58 [node2] Received Heartbeat from node3 term 270
2026/01/17 19:06:59 [node2] Received Heartbeat from node3 term 270
2026/01/17 19:06:59 [node2] Received Heartbeat from node1 term 271
2026/01/17 19:06:59 [node2] Received Heartbeat from node1 term 271
2026/01/17 19:06:59 [node2] Received Heartbeat from node1 term 271
2026/01/17 19:06:59 [node2] Received Heartbeat from node1 term 271
2026/01/17 19:06:59 [node2] Won election! Becoming Leader for term 272
2026/01/17 19:07:00 [node2] Received Heartbeat from node3 term 273
2026/01/17 19:07:00 [node2] Received Heartbeat from node3 term 273
2026/01/17 19:07:00 [node2] Received Heartbeat from node3 term 273
2026/01/17 19:07:01 [node2] Received Heartbeat from node3 term 273
2026/01/17 19:07:01 [node2] Received Heartbeat from node1 term 274
2026/01/17 19:07:01 [node2] Received Heartbeat from node1 term 274
2026/01/17 19:07:01 [node2] Won election! Becoming Leader for term 275
2026/01/17 19:07:02 [node2] Received Heartbeat from node3 term 276
2026/01/17 19:07:02 [node2] Received Heartbeat from node3 term 276
2026/01/17 19:07:02 [node2] Received Heartbeat from node1 term 277
2026/01/17 19:07:02 [node2] Received Heartbeat from node1 term 277
2026/01/17 19:07:03 [node2] Received Heartbeat from node1 term 277
2026/01/17 19:07:03 [node2] Received Heartbeat from node1 term 277
2026/01/17 19:07:03 [node2] Won election! Becoming Leader for term 278
2026/01/17 19:07:03 [node2] Received Heartbeat from node3 term 279
2026/01/17 19:07:03 [node2] Received Heartbeat from node3 term 279
2026/01/17 19:07:04 [node2] Received Heartbeat from node3 term 279
2026/01/17 19:07:04 [node2] Received Heartbeat from node3 term 279
2026/01/17 19:07:04 [node2] Received Heartbeat from node3 term 279
2026/01/17 19:07:04 [node2] Received Heartbeat from node3 term 279
2026/01/17 19:07:04 [node2] Won election! Becoming Leader for term 281
2026/01/17 19:07:06 [node2] Received Heartbeat from node1 term 283
2026/01/17 19:07:06 [node2] Received Heartbeat from node1 term 283
2026/01/17 19:07:06 [node2] Received Heartbeat from node1 term 283
2026/01/17 19:07:06 [node2] Received Heartbeat from node1 term 283
2026/01/17 19:07:07 [node2] Received Heartbeat from node1 term 283
2026/01/17 19:07:07 [node2] Received Heartbeat from node1 term 283
2026/01/17 19:07:07 [node2] Received Heartbeat from node1 term 283
2026/01/17 19:07:07 [node2] Won election! Becoming Leader for term 284
2026/01/17 19:07:08 [node2] Received Heartbeat from node1 term 286
2026/01/17 19:07:08 [node2] Received Heartbeat from node3 term 287
2026/01/17 19:07:09 [node2] Won election! Becoming Leader for term 288
2026/01/17 19:07:10 [node2] Received Heartbeat from node3 term 289
2026/01/17 19:07:10 [node2] Received Heartbeat from node1 term 290
2026/01/17 19:07:10 [node2] Received Heartbeat from node1 term 290
2026/01/17 19:07:10 [node2] Received Heartbeat from node1 term 290
2026/01/17 19:07:10 [node2] Received Heartbeat from node1 term 290
2026/01/17 19:07:10 [node2] Received Heartbeat from node1 term 290
2026/01/17 19:07:11 [node2] Received Heartbeat from node1 term 290
2026/01/17 19:07:11 [node2] Won election! Becoming Leader for term 291
2026/01/17 19:07:12 [node2] Received Heartbeat from node1 term 293
2026/01/17 19:07:12 [node2] Received Heartbeat from node1 term 293
2026/01/17 19:07:12 [node2] Received Heartbeat from node1 term 293
2026/01/17 19:07:13 [node2] Received Heartbeat from node1 term 293
2026/01/17 19:07:13 [node2] Won election! Becoming Leader for term 295
2026/01/17 19:07:14 [node2] Received Heartbeat from node3 term 297
2026/01/17 19:07:14 [node2] Received Heartbeat from node3 term 297
2026/01/17 19:07:15 [node2] Received Heartbeat from node3 term 297
2026/01/17 19:07:15 [node2] Received Heartbeat from node3 term 297
2026/01/17 19:07:15 [node2] Received Heartbeat from node3 term 297
2026/01/17 19:07:15 [node2] Received Heartbeat from node3 term 297
2026/01/17 19:07:15 [node2] Received Heartbeat from node3 term 297
2026/01/17 19:07:15 [node2] Received Heartbeat from node3 term 297
2026/01/17 19:07:16 [node2] Won election! Becoming Leader for term 299
2026/01/17 19:07:17 [node2] Received Heartbeat from node3 term 300
2026/01/17 19:07:17 [node2] Received Heartbeat from node1 term 301
2026/01/17 19:07:17 [node2] Received Heartbeat from node1 term 301
2026/01/17 19:07:17 [node2] Received Heartbeat from node1 term 301
2026/01/17 19:07:18 [node2] Received Heartbeat from node1 term 301
2026/01/17 19:07:18 [node2] Received Heartbeat from node1 term 301
2026/01/17 19:07:18 [node2] Received Heartbeat from node1 term 301
2026/01/17 19:07:18 [node2] Received Heartbeat from node1 term 301
2026/01/17 19:07:18 [node2] Won election! Becoming Leader for term 302
2026/01/17 19:07:18 [node2] Received Heartbeat from node1 term 302
2026/01/17 19:07:18 [node2] Received Heartbeat from node3 term 303
2026/01/17 19:07:19 [node2] Received Heartbeat from node3 term 303
2026/01/17 19:07:19 [node2] Received Heartbeat from node3 term 303
2026/01/17 19:07:19 [node2] Received Heartbeat from node3 term 303
2026/01/17 19:07:19 [node2] Received Heartbeat from node3 term 303
2026/01/17 19:07:19 [node2] Received Heartbeat from node3 term 303
2026/01/17 19:07:19 [node2] Received Heartbeat from node3 term 303
2026/01/17 19:07:19 [node2] Won election! Becoming Leader for term 305
2026/01/17 19:07:21 [node2] Received Heartbeat from node3 term 307
2026/01/17 19:07:21 [node2] Received Heartbeat from node3 term 307
2026/01/17 19:07:21 [node2] Received Heartbeat from node3 term 307
2026/01/17 19:07:21 [node2] Received Heartbeat from node3 term 307
2026/01/17 19:07:21 [node2] Received Heartbeat from node3 term 307
2026/01/17 19:07:21 [node2] Received Heartbeat from node3 term 307
2026/01/17 19:07:22 [node2] Received Heartbeat from node3 term 307
2026/01/17 19:07:22 [node2] Won election! Becoming Leader for term 308
2026/01/17 19:07:22 [node2] Received Heartbeat from node1 term 309
2026/01/17 19:07:22 [node2] Received Heartbeat from node1 term 309
2026/01/17 19:07:22 [node2] Received Heartbeat from node1 term 309
2026/01/17 19:07:22 [node2] Received Heartbeat from node1 term 309
2026/01/17 19:07:22 [node2] Received Heartbeat from node1 term 309
2026/01/17 19:07:23 [node2] Received Heartbeat from node1 term 309
2026/01/17 19:07:23 [node2] Received Heartbeat from node1 term 309
2026/01/17 19:07:23 [node2] Received Heartbeat from node3 term 310
2026/01/17 19:07:23 [node2] Received Heartbeat from node3 term 310
2026/01/17 19:07:23 [node2] Won election! Becoming Leader for term 311
2026/01/17 19:07:24 [node2] Received Heartbeat from node1 term 312
2026/01/17 19:07:24 [node2] Received Heartbeat from node1 term 312
2026/01/17 19:07:24 [node2] Received Heartbeat from node1 term 312
2026/01/17 19:07:25 [node2] Received Heartbeat from node3 term 313
2026/01/17 19:07:25 [node2] Received Heartbeat from node3 term 313
2026/01/17 19:07:25 [node2] Received Heartbeat from node3 term 313
2026/01/17 19:07:25 [node2] Won election! Becoming Leader for term 314
2026/01/17 19:07:26 [node2] Received Heartbeat from node1 term 315
2026/01/17 19:07:26 [node2] Received Heartbeat from node1 term 315
2026/01/17 19:07:26 [node2] Received Heartbeat from node3 term 316
2026/01/17 19:07:26 [node2] Received Heartbeat from node3 term 316
2026/01/17 19:07:27 [node2] Received Heartbeat from node3 term 316
2026/01/17 19:07:27 [node2] Received Heartbeat from node3 term 316
2026/01/17 19:07:27 [node2] Received Heartbeat from node3 term 316
2026/01/17 19:07:27 [node2] Received Heartbeat from node3 term 316
2026/01/17 19:07:27 [node2] Received Heartbeat from node3 term 316
2026/01/17 19:07:27 [node2] Won election! Becoming Leader for term 317
2026/01/17 19:07:28 [node2] Received Heartbeat from node1 term 318
2026/01/17 19:07:28 [node2] Received Heartbeat from node1 term 318
2026/01/17 19:07:28 [node2] Received Heartbeat from node1 term 318
2026/01/17 19:07:28 [node2] Received Heartbeat from node1 term 318
2026/01/17 19:07:28 [node2] Received Heartbeat from node1 term 318
2026/01/17 19:07:28 [node2] Received Heartbeat from node1 term 318
2026/01/17 19:07:29 [node2] Received Heartbeat from node3 term 319
2026/01/17 19:07:29 [node2] Received Heartbeat from node3 term 319
2026/01/17 19:07:29 [node2] Won election! Becoming Leader for term 320
2026/01/17 19:07:30 [node2] Received Heartbeat from node1 term 321
2026/01/17 19:07:30 [node2] Received Heartbeat from node1 term 321
2026/01/17 19:07:30 [node2] Received Heartbeat from node3 term 322
2026/01/17 19:07:31 [node2] Received Heartbeat from node3 term 322
2026/01/17 19:07:31 [node2] Received Heartbeat from node3 term 322
2026/01/17 19:07:31 [node2] Received Heartbeat from node3 term 322
2026/01/17 19:07:31 [node2] Received Heartbeat from node3 term 322
2026/01/17 19:07:31 [node2] Received Heartbeat from node3 term 322
2026/01/17 19:07:31 [node2] Received Heartbeat from node3 term 322
2026/01/17 19:07:31 [node2] Won election! Becoming Leader for term 323
2026/01/17 19:07:31 [node2] Received Heartbeat from node1 term 324
2026/01/17 19:07:32 [node2] Received Heartbeat from node1 term 324
2026/01/17 19:07:32 [node2] Received Heartbeat from node1 term 324
2026/01/17 19:07:32 [node2] Received Heartbeat from node1 term 324
2026/01/17 19:07:32 [node2] Received Heartbeat from node1 term 324
2026/01/17 19:07:32 [node2] Received Heartbeat from node1 term 324
2026/01/17 19:07:32 [node2] Received Heartbeat from node1 term 324
2026/01/17 19:07:32 [node2] Won election! Becoming Leader for term 325
2026/01/17 19:07:33 [node2] Received Heartbeat from node3 term 326
2026/01/17 19:07:33 [node2] Received Heartbeat from node3 term 326
2026/01/17 19:07:33 [node2] Received Heartbeat from node3 term 326
2026/01/17 19:07:33 [node2] Received Heartbeat from node3 term 326
2026/01/17 19:07:33 [node2] Received Heartbeat from node3 term 326
2026/01/17 19:07:34 [node2] Received Heartbeat from node3 term 326
2026/01/17 19:07:34 [node2] Received Heartbeat from node1 term 327
2026/01/17 19:07:34 [node2] Received Heartbeat from node1 term 327
2026/01/17 19:07:34 [node2] Won election! Becoming Leader for term 328
2026/01/17 19:07:35 [node2] Received Heartbeat from node1 term 330
2026/01/17 19:07:35 [node2] Received Heartbeat from node1 term 330
2026/01/17 19:07:36 [node2] Received Heartbeat from node1 term 330
2026/01/17 19:07:36 [node2] Received Heartbeat from node1 term 330
2026/01/17 19:07:36 [node2] Received Heartbeat from node3 term 331
2026/01/17 19:07:36 [node2] Won election! Becoming Leader for term 332
2026/01/17 19:07:37 [node2] Received Heartbeat from node1 term 333
2026/01/17 19:07:37 [node2] Received Heartbeat from node1 term 333
2026/01/17 19:07:37 [node2] Received Heartbeat from node1 term 333
2026/01/17 19:07:38 [node2] Received Heartbeat from node3 term 334
2026/01/17 19:07:38 [node2] Received Heartbeat from node3 term 334
2026/01/17 19:07:38 [node2] Received Heartbeat from node3 term 334
2026/01/17 19:07:38 [node2] Received Heartbeat from node3 term 334
2026/01/17 19:07:38 [node2] Received Heartbeat from node3 term 334
2026/01/17 19:07:38 [node2] Won election! Becoming Leader for term 335
2026/01/17 19:07:39 [node2] Received Heartbeat from node1 term 336
2026/01/17 19:07:39 [node2] Received Heartbeat from node1 term 336
2026/01/17 19:07:39 [node2] Received Heartbeat from node1 term 336
2026/01/17 19:07:40 [node2] Received Heartbeat from node1 term 336
2026/01/17 19:07:40 [node2] Received Heartbeat from node1 term 336
2026/01/17 19:07:40 [node2] Received Heartbeat from node3 term 337
2026/01/17 19:07:40 [node2] Won election! Becoming Leader for term 338
2026/01/17 19:07:41 [node2] Received Heartbeat from node1 term 339
2026/01/17 19:07:41 [node2] Received Heartbeat from node1 term 339
2026/01/17 19:07:42 [node2] Received Heartbeat from node3 term 340
2026/01/17 19:07:42 [node2] Received Heartbeat from node3 term 340
2026/01/17 19:07:42 [node2] Received Heartbeat from node3 term 340
2026/01/17 19:07:42 [node2] Received Heartbeat from node3 term 340
2026/01/17 19:07:42 [node2] Received Heartbeat from node3 term 340
2026/01/17 19:07:42 [node2] Received Heartbeat from node3 term 340
2026/01/17 19:07:42 [node2] Won election! Becoming Leader for term 341
2026/01/17 19:07:43 [node2] Received Heartbeat from node1 term 342
2026/01/17 19:07:43 [node2] Received Heartbeat from node1 term 342
2026/01/17 19:07:43 [node2] Received Heartbeat from node1 term 342
2026/01/17 19:07:43 [node2] Received Heartbeat from node1 term 342
2026/01/17 19:07:44 [node2] Received Heartbeat from node1 term 342
2026/01/17 19:07:44 [node2] Received Heartbeat from node1 term 342
2026/01/17 19:07:44 [node2] Won election! Becoming Leader for term 344
2026/01/17 19:07:45 [node2] Received Heartbeat from node3 term 346
2026/01/17 19:07:46 [node2] Received Heartbeat from node3 term 346
2026/01/17 19:07:46 [node2] Received Heartbeat from node3 term 346
2026/01/17 19:07:46 [node2] Received Heartbeat from node3 term 346
2026/01/17 19:07:46 [node2] Received Heartbeat from node3 term 346
2026/01/17 19:07:46 [node2] Received Heartbeat from node3 term 346
2026/01/17 19:07:46 [node2] Won election! Becoming Leader for term 347
2026/01/17 19:07:47 [node2] Received Heartbeat from node1 term 348
2026/01/17 19:07:47 [node2] Received Heartbeat from node1 term 348
2026/01/17 19:07:47 [node2] Received Heartbeat from node1 term 348
2026/01/17 19:07:47 [node2] Received Heartbeat from node1 term 348
2026/01/17 19:07:47 [node2] Received Heartbeat from node1 term 348
2026/01/17 19:07:47 [node2] Received Heartbeat from node1 term 348
2026/01/17 19:07:48 [node2] Received Heartbeat from node3 term 349
2026/01/17 19:07:48 [node2] Received Heartbeat from node3 term 349
2026/01/17 19:07:48 [node2] Won election! Becoming Leader for term 350
2026/01/17 19:07:49 [node2] Received Heartbeat from node1 term 351
2026/01/17 19:07:49 [node2] Received Heartbeat from node1 term 351
2026/01/17 19:07:49 [node2] Received Heartbeat from node1 term 351
2026/01/17 19:07:49 [node2] Received Heartbeat from node3 term 352
2026/01/17 19:07:49 [node2] Received Heartbeat from node3 term 352
2026/01/17 19:07:50 [node2] Received Heartbeat from node3 term 352
2026/01/17 19:07:50 [node2] Received Heartbeat from node3 term 352
2026/01/17 19:07:50 [node2] Won election! Becoming Leader for term 353
2026/01/17 19:07:50 [node2] Received Heartbeat from node1 term 354
2026/01/17 19:07:51 [node2] Received Heartbeat from node1 term 354
2026/01/17 19:07:51 [node2] Received Heartbeat from node1 term 354
2026/01/17 19:07:51 [node2] Received Heartbeat from node1 term 354
2026/01/17 19:07:51 [node2] Received Heartbeat from node1 term 354
2026/01/17 19:07:51 [node2] Received Heartbeat from node1 term 354
2026/01/17 19:07:52 [node2] Received Heartbeat from node3 term 355
2026/01/17 19:07:52 [node2] Received Heartbeat from node3 term 355
2026/01/17 19:07:52 [node2] Received Heartbeat from node3 term 355
2026/01/17 19:07:52 [node2] Won election! Becoming Leader for term 356
2026/01/17 19:07:53 [node2] Received Heartbeat from node1 term 357
2026/01/17 19:07:53 [node2] Received Heartbeat from node1 term 357
2026/01/17 19:07:53 [node2] Received Heartbeat from node1 term 357
2026/01/17 19:07:53 [node2] Received Heartbeat from node3 term 358
2026/01/17 19:07:54 [node2] Received Heartbeat from node3 term 358
2026/01/17 19:07:54 [node2] Received Heartbeat from node3 term 358
2026/01/17 19:07:54 [node2] Received Heartbeat from node3 term 358
2026/01/17 19:07:54 [node2] Received Heartbeat from node3 term 358
2026/01/17 19:07:54 [node2] Won election! Becoming Leader for term 359
2026/01/17 19:07:54 [node2] Received Heartbeat from node1 term 360
2026/01/17 19:07:55 [node2] Received Heartbeat from node1 term 360
2026/01/17 19:07:55 [node2] Received Heartbeat from node1 term 360
2026/01/17 19:07:55 [node2] Received Heartbeat from node1 term 360
2026/01/17 19:07:55 [node2] Received Heartbeat from node1 term 360
2026/01/17 19:07:55 [node2] Received Heartbeat from node1 term 360
2026/01/17 19:07:55 [node2] Received Heartbeat from node1 term 360
2026/01/17 19:07:55 [node2] Received Heartbeat from node1 term 361
2026/01/17 19:07:56 [node2] Won election! Becoming Leader for term 362
2026/01/17 19:07:57 [node2] Received Heartbeat from node1 term 363
2026/01/17 19:07:57 [node2] Received Heartbeat from node3 term 364
2026/01/17 19:07:57 [node2] Received Heartbeat from node3 term 364
2026/01/17 19:07:57 [node2] Received Heartbeat from node3 term 364
2026/01/17 19:07:57 [node2] Received Heartbeat from node3 term 364
2026/01/17 19:07:58 [node2] Received Heartbeat from node3 term 364
2026/01/17 19:07:58 [node2] Won election! Becoming Leader for term 365
2026/01/17 19:07:58 [node2] Received Heartbeat from node1 term 366
2026/01/17 19:07:59 [node2] Received Heartbeat from node1 term 366
2026/01/17 19:07:59 [node2] Received Heartbeat from node1 term 366
2026/01/17 19:07:59 [node2] Received Heartbeat from node1 term 366
2026/01/17 19:07:59 [node2] Received Heartbeat from node1 term 366
2026/01/17 19:07:59 [node2] Received Heartbeat from node3 term 367
2026/01/17 19:07:59 [node2] Received Heartbeat from node3 term 367
2026/01/17 19:07:59 [node2] Won election! Becoming Leader for term 368
2026/01/17 19:08:00 [node2] Received Heartbeat from node1 term 369
2026/01/17 19:08:00 [node2] Received Heartbeat from node1 term 369
2026/01/17 19:08:01 [node2] Received Heartbeat from node1 term 369
2026/01/17 19:08:01 [node2] Received Heartbeat from node3 term 370
2026/01/17 19:08:01 [node2] Received Heartbeat from node3 term 370
2026/01/17 19:08:01 [node2] Received Heartbeat from node3 term 370
2026/01/17 19:08:01 [node2] Won election! Becoming Leader for term 371
2026/01/17 19:08:02 [node2] Received Heartbeat from node1 term 372
2026/01/17 19:08:03 [node2] Received Heartbeat from node3 term 373
2026/01/17 19:08:03 [node2] Received Heartbeat from node3 term 373
2026/01/17 19:08:03 [node2] Received Heartbeat from node3 term 373
2026/01/17 19:08:03 [node2] Received Heartbeat from node3 term 373
2026/01/17 19:08:03 [node2] Received Heartbeat from node3 term 373
2026/01/17 19:08:03 [node2] Received Heartbeat from node3 term 373
2026/01/17 19:08:03 [node2] Won election! Becoming Leader for term 374
2026/01/17 19:08:04 [node2] Received Heartbeat from node1 term 375
2026/01/17 19:08:04 [node2] Received Heartbeat from node1 term 375
2026/01/17 19:08:04 [node2] Received Heartbeat from node1 term 375
2026/01/17 19:08:04 [node2] Received Heartbeat from node1 term 375
2026/01/17 19:08:04 [node2] Received Heartbeat from node1 term 375
2026/01/17 19:08:05 [node2] Received Heartbeat from node1 term 375
2026/01/17 19:08:05 [node2] Won election! Becoming Leader for term 376
2026/01/17 19:08:05 [node2] Received Heartbeat from node3 term 377
2026/01/17 19:08:05 [node2] Received Heartbeat from node3 term 377
2026/01/17 19:08:05 [node2] Received Heartbeat from node3 term 377
2026/01/17 19:08:05 [node2] Received Heartbeat from node3 term 377
2026/01/17 19:08:06 [node2] Received Heartbeat from node3 term 377
2026/01/17 19:08:06 [node2] Received Heartbeat from node3 term 377
2026/01/17 19:08:06 [node2] Received Heartbeat from node3 term 377
2026/01/17 19:08:06 [node2] Received Heartbeat from node3 term 377
2026/01/17 19:08:06 [node2] Won election! Becoming Leader for term 379
2026/01/17 19:08:07 [node2] Received Heartbeat from node3 term 380
2026/01/17 19:08:07 [node2] Received Heartbeat from node1 term 381
2026/01/17 19:08:08 [node2] Received Heartbeat from node1 term 381
2026/01/17 19:08:08 [node2] Received Heartbeat from node1 term 381
2026/01/17 19:08:08 [node2] Received Heartbeat from node1 term 381
2026/01/17 19:08:08 [node2] Received Heartbeat from node1 term 381
2026/01/17 19:08:08 [node2] Won election! Becoming Leader for term 382
2026/01/17 19:08:09 [node2] Received Heartbeat from node3 term 383
2026/01/17 19:08:09 [node2] Received Heartbeat from node3 term 383
2026/01/17 19:08:09 [node2] Received Heartbeat from node3 term 383
2026/01/17 19:08:09 [node2] Received Heartbeat from node3 term 383
2026/01/17 19:08:09 [node2] Received Heartbeat from node3 term 383
2026/01/17 19:08:09 [node2] Received Heartbeat from node1 term 384
2026/01/17 19:08:10 [node2] Won election! Becoming Leader for term 385
2026/01/17 19:08:11 [node2] Received Heartbeat from node1 term 387
2026/01/17 19:08:11 [node2] Received Heartbeat from node1 term 387
2026/01/17 19:08:12 [node2] Received Heartbeat from node1 term 387
2026/01/17 19:08:12 [node2] Received Heartbeat from node1 term 387
2026/01/17 19:08:12 [node2] Received Heartbeat from node1 term 387
2026/01/17 19:08:12 [node2] Won election! Becoming Leader for term 389
2026/01/17 19:08:13 [node2] Received Heartbeat from node3 term 391
2026/01/17 19:08:14 [node2] Received Heartbeat from node3 term 391
2026/01/17 19:08:14 [node2] Received Heartbeat from node3 term 391
2026/01/17 19:08:14 [node2] Received Heartbeat from node3 term 391
2026/01/17 19:08:14 [node2] Received Heartbeat from node3 term 391
2026/01/17 19:08:14 [node2] Received Heartbeat from node3 term 391
2026/01/17 19:08:14 [node2] Won election! Becoming Leader for term 392
2026/01/17 19:08:15 [node2] Received Heartbeat from node1 term 393
2026/01/17 19:08:15 [node2] Received Heartbeat from node1 term 393
2026/01/17 19:08:15 [node2] Received Heartbeat from node1 term 393
2026/01/17 19:08:15 [node2] Received Heartbeat from node1 term 393
2026/01/17 19:08:15 [node2] Received Heartbeat from node1 term 393
2026/01/17 19:08:15 [node2] Received Heartbeat from node1 term 393
2026/01/17 19:08:16 [node2] Received Heartbeat from node3 term 394
2026/01/17 19:08:16 [node2] Won election! Becoming Leader for term 395
2026/01/17 19:08:17 [node2] Received Heartbeat from node1 term 396
2026/01/17 19:08:17 [node2] Received Heartbeat from node3 term 397
2026/01/17 19:08:17 [node2] Received Heartbeat from node3 term 397
2026/01/17 19:08:17 [node2] Received Heartbeat from node3 term 397
2026/01/17 19:08:17 [node2] Received Heartbeat from node3 term 397
2026/01/17 19:08:18 [node2] Received Heartbeat from node3 term 397
2026/01/17 19:08:18 [node2] Received Heartbeat from node3 term 397
2026/01/17 19:08:18 [node2] Received Heartbeat from node3 term 397
2026/01/17 19:08:18 [node2] Won election! Becoming Leader for term 398
2026/01/17 19:08:18 [node2] Received Heartbeat from node1 term 399
2026/01/17 19:08:18 [node2] Received Heartbeat from node1 term 399
2026/01/17 19:08:19 [node2] Received Heartbeat from node1 term 399
2026/01/17 19:08:19 [node2] Received Heartbeat from node1 term 399
2026/01/17 19:08:19 [node2] Received Heartbeat from node1 term 399
2026/01/17 19:08:19 [node2] Received Heartbeat from node1 term 399
2026/01/17 19:08:19 [node2] Received Heartbeat from node1 term 399
2026/01/17 19:08:19 [node2] Received Heartbeat from node1 term 400
2026/01/17 19:08:19 [node2] Won election! Becoming Leader for term 401
2026/01/17 19:08:21 [node2] Received Heartbeat from node1 term 403
2026/01/17 19:08:21 [node2] Received Heartbeat from node1 term 403
2026/01/17 19:08:21 [node2] Received Heartbeat from node1 term 403
2026/01/17 19:08:21 [node2] Received Heartbeat from node1 term 403
2026/01/17 19:08:22 [node2] Received Heartbeat from node1 term 403
2026/01/17 19:08:22 [node2] Received Heartbeat from node1 term 403
2026/01/17 19:08:22 [node2] Received Heartbeat from node1 term 403
2026/01/17 19:08:22 [node2] Received Heartbeat from node1 term 403
2026/01/17 19:08:22 [node2] Won election! Becoming Leader for term 405
2026/01/17 19:08:24 [node2] Received Heartbeat from node1 term 407
2026/01/17 19:08:24 [node2] Received Heartbeat from node1 term 407
2026/01/17 19:08:24 [node2] Received Heartbeat from node1 term 407
2026/01/17 19:08:24 [node2] Received Heartbeat from node1 term 407
2026/01/17 19:08:24 [node2] Received Heartbeat from node1 term 407
2026/01/17 19:08:24 [node2] Received Heartbeat from node1 term 407
2026/01/17 19:08:24 [node2] Received Heartbeat from node1 term 407
2026/01/17 19:08:24 [node2] Won election! Becoming Leader for term 408
2026/01/17 19:08:25 [node2] Received Heartbeat from node3 term 409
2026/01/17 19:08:25 [node2] Received Heartbeat from node3 term 409
2026/01/17 19:08:25 [node2] Received Heartbeat from node3 term 409
2026/01/17 19:08:25 [node2] Received Heartbeat from node3 term 409
2026/01/17 19:08:25 [node2] Received Heartbeat from node3 term 409
2026/01/17 19:08:25 [node2] Received Heartbeat from node3 term 409
2026/01/17 19:08:26 [node2] Received Heartbeat from node3 term 409
2026/01/17 19:08:26 [node2] Won election! Becoming Leader for term 410
2026/01/17 19:08:26 [node2] Received Heartbeat from node1 term 411
2026/01/17 19:08:26 [node2] Received Heartbeat from node1 term 411
2026/01/17 19:08:26 [node2] Received Heartbeat from node1 term 411
2026/01/17 19:08:27 [node2] Received Heartbeat from node1 term 411
2026/01/17 19:08:27 [node2] Received Heartbeat from node1 term 411
2026/01/17 19:08:27 [node2] Received Heartbeat from node1 term 411
2026/01/17 19:08:27 [node2] Received Heartbeat from node1 term 411
2026/01/17 19:08:27 [node2] Received Heartbeat from node3 term 412
2026/01/17 19:08:27 [node2] Received Heartbeat from node3 term 412
2026/01/17 19:08:27 [node2] Won election! Becoming Leader for term 413
2026/01/17 19:08:28 [node2] Received Heartbeat from node1 term 414
2026/01/17 19:08:28 [node2] Received Heartbeat from node1 term 414
2026/01/17 19:08:29 [node2] Received Heartbeat from node1 term 414
2026/01/17 19:08:29 [node2] Received Heartbeat from node3 term 415
2026/01/17 19:08:29 [node2] Received Heartbeat from node3 term 415
2026/01/17 19:08:29 [node2] Received Heartbeat from node3 term 415
2026/01/17 19:08:29 [node2] Received Heartbeat from node3 term 415
2026/01/17 19:08:29 [node2] Received Heartbeat from node3 term 415
2026/01/17 19:08:29 [node2] Won election! Becoming Leader for term 416
2026/01/17 19:08:30 [node2] Received Heartbeat from node1 term 417
2026/01/17 19:08:30 [node2] Received Heartbeat from node1 term 417
2026/01/17 19:08:30 [node2] Received Heartbeat from node1 term 417
2026/01/17 19:08:30 [node2] Received Heartbeat from node1 term 417
2026/01/17 19:08:31 [node2] Received Heartbeat from node1 term 417
2026/01/17 19:08:31 [node2] Received Heartbeat from node1 term 417
2026/01/17 19:08:31 [node2] Won election! Becoming Leader for term 419
2026/01/17 19:08:32 [node2] Received Heartbeat from node3 term 420
2026/01/17 19:08:32 [node2] Received Heartbeat from node1 term 421
2026/01/17 19:08:32 [node2] Received Heartbeat from node1 term 421
2026/01/17 19:08:33 [node2] Received Heartbeat from node1 term 421
2026/01/17 19:08:33 [node2] Received Heartbeat from node1 term 421
2026/01/17 19:08:33 [node2] Received Heartbeat from node1 term 421
2026/01/17 19:08:33 [node2] Received Heartbeat from node1 term 421
2026/01/17 19:08:33 [node2] Received Heartbeat from node1 term 421
2026/01/17 19:08:33 [node2] Won election! Becoming Leader for term 422
2026/01/17 19:08:34 [node2] Received Heartbeat from node3 term 423
2026/01/17 19:08:34 [node2] Received Heartbeat from node3 term 423
2026/01/17 19:08:34 [node2] Received Heartbeat from node3 term 423
2026/01/17 19:08:34 [node2] Received Heartbeat from node3 term 423
2026/01/17 19:08:34 [node2] Received Heartbeat from node3 term 423
2026/01/17 19:08:34 [node2] Received Heartbeat from node3 term 423
2026/01/17 19:08:34 [node2] Received Heartbeat from node3 term 423
2026/01/17 19:08:35 [node2] Won election! Becoming Leader for term 425
2026/01/17 19:08:36 [node2] Received Heartbeat from node3 term 426
2026/01/17 19:08:36 [node2] Received Heartbeat from node3 term 426
2026/01/17 19:08:36 [node2] Received Heartbeat from node1 term 427
2026/01/17 19:08:36 [node2] Received Heartbeat from node1 term 427
2026/01/17 19:08:36 [node2] Received Heartbeat from node1 term 427
2026/01/17 19:08:37 [node2] Received Heartbeat from node1 term 427
2026/01/17 19:08:37 [node2] Received Heartbeat from node1 term 427
2026/01/17 19:08:37 [node2] Won election! Becoming Leader for term 428
2026/01/17 19:08:37 [node2] Received Heartbeat from node3 term 429
2026/01/17 19:08:37 [node2] Received Heartbeat from node3 term 429
2026/01/17 19:08:38 [node2] Received Heartbeat from node3 term 429
2026/01/17 19:08:38 [node2] Received Heartbeat from node3 term 429
2026/01/17 19:08:38 [node2] Received Heartbeat from node3 term 429
2026/01/17 19:08:38 [node2] Received Heartbeat from node1 term 430
2026/01/17 19:08:38 [node2] Received Heartbeat from node1 term 430
2026/01/17 19:08:38 [node2] Won election! Becoming Leader for term 431
2026/01/17 19:08:40 [node2] Received Heartbeat from node3 term 432
2026/01/17 19:08:40 [node2] Received Heartbeat from node1 term 433
2026/01/17 19:08:40 [node2] Received Heartbeat from node1 term 433
2026/01/17 19:08:40 [node2] Received Heartbeat from node1 term 433
2026/01/17 19:08:40 [node2] Received Heartbeat from node1 term 433
2026/01/17 19:08:40 [node2] Received Heartbeat from node1 term 433
2026/01/17 19:08:41 [node2] Received Heartbeat from node1 term 433
2026/01/17 19:08:41 [node2] Won election! Becoming Leader for term 434
2026/01/17 19:08:41 [node2] Received Heartbeat from node3 term 435
2026/01/17 19:08:41 [node2] Received Heartbeat from node3 term 435
2026/01/17 19:08:41 [node2] Received Heartbeat from node3 term 435
2026/01/17 19:08:41 [node2] Received Heartbeat from node3 term 435
2026/01/17 19:08:41 [node2] Received Heartbeat from node3 term 435
2026/01/17 19:08:42 [node2] Received Heartbeat from node3 term 435
2026/01/17 19:08:42 [node2] Received Heartbeat from node3 term 435
2026/01/17 19:08:42 [node2] Received Heartbeat from node3 term 435
2026/01/17 19:08:42 [node2] Received Heartbeat from node1 term 436
2026/01/17 19:08:42 [node2] Won election! Becoming Leader for term 437
2026/01/17 19:08:43 [node2] Received Heartbeat from node3 term 439
2026/01/17 19:08:44 [node2] Received Heartbeat from node3 term 439
2026/01/17 19:08:44 [node2] Received Heartbeat from node3 term 439
2026/01/17 19:08:44 [node2] Received Heartbeat from node3 term 439
2026/01/17 19:08:44 [node2] Received Heartbeat from node3 term 439
2026/01/17 19:08:44 [node2] Received Heartbeat from node3 term 439
2026/01/17 19:08:44 [node2] Received Heartbeat from node3 term 439
2026/01/17 19:08:44 [node2] Won election! Becoming Leader for term 440
2026/01/17 19:08:45 [node2] Received Heartbeat from node1 term 441
2026/01/17 19:08:45 [node2] Received Heartbeat from node1 term 441
2026/01/17 19:08:45 [node2] Received Heartbeat from node1 term 441
2026/01/17 19:08:45 [node2] Received Heartbeat from node1 term 441
2026/01/17 19:08:45 [node2] Received Heartbeat from node1 term 441
2026/01/17 19:08:46 [node2] Received Heartbeat from node3 term 442
2026/01/17 19:08:46 [node2] Received Heartbeat from node3 term 442
2026/01/17 19:08:46 [node2] Received Heartbeat from node3 term 442
2026/01/17 19:08:46 [node2] Won election! Becoming Leader for term 443
2026/01/17 19:08:47 [node2] Received Heartbeat from node1 term 444
2026/01/17 19:08:47 [node2] Received Heartbeat from node1 term 444
2026/01/17 19:08:47 [node2] Received Heartbeat from node1 term 444
2026/01/17 19:08:47 [node2] Received Heartbeat from node1 term 444
2026/01/17 19:08:47 [node2] Received Heartbeat from node3 term 445
2026/01/17 19:08:48 [node2] Received Heartbeat from node3 term 445
2026/01/17 19:08:48 [node2] Received Heartbeat from node3 term 445
2026/01/17 19:08:48 [node2] Won election! Becoming Leader for term 446
2026/01/17 19:08:49 [node2] Received Heartbeat from node1 term 447
2026/01/17 19:08:49 [node2] Received Heartbeat from node1 term 447
2026/01/17 19:08:49 [node2] Received Heartbeat from node3 term 448
2026/01/17 19:08:49 [node2] Received Heartbeat from node3 term 448
2026/01/17 19:08:49 [node2] Received Heartbeat from node3 term 448
2026/01/17 19:08:49 [node2] Received Heartbeat from node3 term 448
2026/01/17 19:08:50 [node2] Won election! Becoming Leader for term 449
2026/01/17 19:08:51 [node2] Received Heartbeat from node1 term 450
2026/01/17 19:08:51 [node2] Received Heartbeat from node1 term 450
2026/01/17 19:08:51 [node2] Received Heartbeat from node1 term 450
2026/01/17 19:08:51 [node2] Received Heartbeat from node3 term 451
2026/01/17 19:08:51 [node2] Received Heartbeat from node3 term 451
2026/01/17 19:08:51 [node2] Received Heartbeat from node3 term 451
2026/01/17 19:08:51 [node2] Received Heartbeat from node3 term 451
2026/01/17 19:08:52 [node2] Won election! Becoming Leader for term 452
2026/01/17 19:08:52 [node2] Received Heartbeat from node1 term 453
2026/01/17 19:08:53 [node2] Received Heartbeat from node3 term 454
2026/01/17 19:08:53 [node2] Received Heartbeat from node3 term 454
2026/01/17 19:08:53 [node2] Received Heartbeat from node3 term 454
2026/01/17 19:08:53 [node2] Received Heartbeat from node3 term 454
2026/01/17 19:08:53 [node2] Received Heartbeat from node3 term 454
2026/01/17 19:08:54 [node2] Received Heartbeat from node3 term 454
2026/01/17 19:08:54 [node2] Won election! Becoming Leader for term 455
2026/01/17 19:08:55 [node2] Received Heartbeat from node3 term 458
2026/01/17 19:08:55 [node2] Received Heartbeat from node3 term 458
2026/01/17 19:08:55 [node2] Received Heartbeat from node3 term 458
2026/01/17 19:08:55 [node2] Won election! Becoming Leader for term 459
2026/01/17 19:08:56 [node2] Received Heartbeat from node1 term 460
2026/01/17 19:08:56 [node2] Received Heartbeat from node1 term 460
2026/01/17 19:08:56 [node2] Received Heartbeat from node1 term 460
2026/01/17 19:08:56 [node2] Received Heartbeat from node1 term 460
2026/01/17 19:08:57 [node2] Received Heartbeat from node1 term 461
2026/01/17 19:08:57 [node2] Election timeout, becoming Candidate
2026/01/17 19:08:57 [node2] Won election! Becoming Leader for term 462
2026/01/17 19:08:58 [node2] Received Heartbeat from node1 term 463
2026/01/17 19:08:58 [node2] Received Heartbeat from node3 term 464
2026/01/17 19:08:58 [node2] Received Heartbeat from node3 term 464
2026/01/17 19:08:59 [node2] Received Heartbeat from node3 term 464
2026/01/17 19:08:59 [node2] Received Heartbeat from node3 term 464
2026/01/17 19:08:59 [node2] Received Heartbeat from node3 term 464
2026/01/17 19:08:59 [node2] Received Heartbeat from node3 term 464
2026/01/17 19:08:59 [node2] Won election! Becoming Leader for term 465
2026/01/17 19:09:00 [node2] Received Heartbeat from node1 term 466
2026/01/17 19:09:00 [node2] Received Heartbeat from node1 term 466
2026/01/17 19:09:00 [node2] Received Heartbeat from node1 term 466
2026/01/17 19:09:00 [node2] Received Heartbeat from node1 term 466
2026/01/17 19:09:00 [node2] Received Heartbeat from node1 term 466
2026/01/17 19:09:00 [node2] Received Heartbeat from node1 term 466
2026/01/17 19:09:01 [node2] Won election! Becoming Leader for term 468
2026/01/17 19:09:02 [node2] Received Heartbeat from node3 term 469
2026/01/17 19:09:02 [node2] Received Heartbeat from node1 term 470
2026/01/17 19:09:02 [node2] Received Heartbeat from node1 term 470
2026/01/17 19:09:02 [node2] Received Heartbeat from node1 term 470
2026/01/17 19:09:02 [node2] Received Heartbeat from node1 term 470
2026/01/17 19:09:03 [node2] Received Heartbeat from node1 term 470
2026/01/17 19:09:03 [node2] Received Heartbeat from node1 term 470
2026/01/17 19:09:03 [node2] Received Heartbeat from node1 term 470
2026/01/17 19:09:03 [node2] Received Heartbeat from node3 term 471
2026/01/17 19:09:03 [node2] Won election! Becoming Leader for term 472
2026/01/17 19:09:04 [node2] Received Heartbeat from node1 term 473
2026/01/17 19:09:05 [node2] Received Heartbeat from node1 term 473
2026/01/17 19:09:05 [node2] Received Heartbeat from node3 term 474
2026/01/17 19:09:05 [node2] Received Heartbeat from node3 term 474
2026/01/17 19:09:05 [node2] Received Heartbeat from node3 term 474
2026/01/17 19:09:05 [node2] Received Heartbeat from node3 term 474
2026/01/17 19:09:05 [node2] Received Heartbeat from node3 term 474
2026/01/17 19:09:05 [node2] Received Heartbeat from node3 term 474
2026/01/17 19:09:05 [node2] Won election! Becoming Leader for term 475
2026/01/17 19:09:06 [node2] Received Heartbeat from node1 term 476
2026/01/17 19:09:06 [node2] Received Heartbeat from node1 term 476
2026/01/17 19:09:06 [node2] Received Heartbeat from node1 term 476
2026/01/17 19:09:06 [node2] Received Heartbeat from node1 term 476
2026/01/17 19:09:07 [node2] Received Heartbeat from node1 term 476
2026/01/17 19:09:07 [node2] Received Heartbeat from node1 term 476
2026/01/17 19:09:07 [node2] Received Heartbeat from node3 term 477
2026/01/17 19:09:07 [node2] Won election! Becoming Leader for term 478
2026/01/17 19:09:08 [node2] Received Heartbeat from node1 term 479
2026/01/17 19:09:08 [node2] Received Heartbeat from node1 term 480
2026/01/17 19:09:09 [node2] Received Heartbeat from node3 term 481
2026/01/17 19:09:09 [node2] Won election! Becoming Leader for term 482
2026/01/17 19:09:09 [node2] Received Heartbeat from node1 term 483
2026/01/17 19:09:10 [node2] Received Heartbeat from node1 term 483
2026/01/17 19:09:10 [node2] Received Heartbeat from node1 term 483
2026/01/17 19:09:10 [node2] Received Heartbeat from node1 term 483
2026/01/17 19:09:10 [node2] Received Heartbeat from node1 term 483
2026/01/17 19:09:10 [node2] Received Heartbeat from node1 term 483
2026/01/17 19:09:10 [node2] Received Heartbeat from node3 term 484
2026/01/17 19:09:11 [node2] Received Heartbeat from node3 term 484
2026/01/17 19:09:11 [node2] Received Heartbeat from node3 term 484
2026/01/17 19:09:11 [node2] Won election! Becoming Leader for term 485
2026/01/17 19:09:12 [node2] Received Heartbeat from node1 term 486
2026/01/17 19:09:12 [node2] Received Heartbeat from node1 term 486
2026/01/17 19:09:12 [node2] Received Heartbeat from node1 term 486
2026/01/17 19:09:12 [node2] Received Heartbeat from node3 term 487
2026/01/17 19:09:12 [node2] Received Heartbeat from node3 term 487
2026/01/17 19:09:12 [node2] Received Heartbeat from node3 term 487
2026/01/17 19:09:13 [node2] Received Heartbeat from node3 term 487
2026/01/17 19:09:13 [node2] Received Heartbeat from node3 term 487
2026/01/17 19:09:13 [node2] Won election! Becoming Leader for term 488
2026/01/17 19:09:14 [node2] Received Heartbeat from node1 term 489
2026/01/17 19:09:14 [node2] Received Heartbeat from node1 term 489
2026/01/17 19:09:14 [node2] Received Heartbeat from node3 term 490
2026/01/17 19:09:14 [node2] Received Heartbeat from node3 term 490
2026/01/17 19:09:14 [node2] Received Heartbeat from node3 term 490
2026/01/17 19:09:14 [node2] Received Heartbeat from node3 term 490
2026/01/17 19:09:15 [node2] Received Heartbeat from node3 term 490
2026/01/17 19:09:15 [node2] Received Heartbeat from node3 term 490
2026/01/17 19:09:15 [node2] Won election! Becoming Leader for term 491
2026/01/17 19:09:15 [node2] Received Heartbeat from node1 term 492
2026/01/17 19:09:15 [node2] Received Heartbeat from node1 term 492
2026/01/17 19:09:15 [node2] Received Heartbeat from node1 term 492
2026/01/17 19:09:16 [node2] Received Heartbeat from node1 term 492
2026/01/17 19:09:16 [node2] Received Heartbeat from node1 term 492
2026/01/17 19:09:16 [node2] Received Heartbeat from node1 term 492
2026/01/17 19:09:16 [node2] Received Heartbeat from node1 term 492
2026/01/17 19:09:16 [node2] Received Heartbeat from node1 term 492
2026/01/17 19:09:16 [node2] Won election! Becoming Leader for term 493
2026/01/17 19:09:16 [node2] Received Heartbeat from node3 term 494
2026/01/17 19:09:17 [node2] Received Heartbeat from node3 term 494
2026/01/17 19:09:17 [node2] Received Heartbeat from node3 term 494
2026/01/17 19:09:17 [node2] Received Heartbeat from node3 term 494
2026/01/17 19:09:17 [node2] Received Heartbeat from node3 term 494
2026/01/17 19:09:17 [node2] Received Heartbeat from node3 term 494
2026/01/17 19:09:17 [node2] Received Heartbeat from node3 term 494
2026/01/17 19:09:18 [node2] Received Heartbeat from node3 term 494
2026/01/17 19:09:18 [node2] Received Heartbeat from node3 term 494
2026/01/17 19:09:18 [node2] Won election! Becoming Leader for term 496
2026/01/17 19:09:19 [node2] Received Heartbeat from node3 term 497
2026/01/17 19:09:19 [node2] Received Heartbeat from node1 term 498
2026/01/17 19:09:19 [node2] Received Heartbeat from node1 term 498
2026/01/17 19:09:19 [node2] Received Heartbeat from node1 term 498
2026/01/17 19:09:20 [node2] Received Heartbeat from node1 term 498
